created virtual environment CPython3.8.10.final.0-64 in 23373ms
  creator CPython3Posix(dest=/localscratch/orfanos.28218065.0/env, clear=False, global=False)
  seeder FromAppData(download=False, pip=latest, setuptools=latest, wheel=latest, via=copy, app_data_dir=/home/orfanos/.local/share/virtualenv/seed-app-data/v1.0.1)
  activators BashActivator,CShellActivator,FishActivator,PowerShellActivator,PythonActivator,XonshActivator
Ignoring pip: markers 'python_version < "3"' don't match your environment
Looking in links: /cvmfs/soft.computecanada.ca/custom/python/wheelhouse/gentoo/avx512, /cvmfs/soft.computecanada.ca/custom/python/wheelhouse/gentoo/avx2, /cvmfs/soft.computecanada.ca/custom/python/wheelhouse/gentoo/generic, /cvmfs/soft.computecanada.ca/custom/python/wheelhouse/generic
Processing /cvmfs/soft.computecanada.ca/custom/python/wheelhouse/generic/pip-21.2.3+computecanada-py3-none-any.whl
Installing collected packages: pip
  Attempting uninstall: pip
    Found existing installation: pip 20.0.2
    Uninstalling pip-20.0.2:
      Successfully uninstalled pip-20.0.2
Successfully installed pip-21.2.3+computecanada
Looking in links: /cvmfs/soft.computecanada.ca/custom/python/wheelhouse/gentoo/avx512, /cvmfs/soft.computecanada.ca/custom/python/wheelhouse/gentoo/avx2, /cvmfs/soft.computecanada.ca/custom/python/wheelhouse/gentoo/generic, /cvmfs/soft.computecanada.ca/custom/python/wheelhouse/generic
Processing /cvmfs/soft.computecanada.ca/custom/python/wheelhouse/generic/box2d_py-2.3.5+computecanada-cp38-cp38-linux_x86_64.whl
Processing /cvmfs/soft.computecanada.ca/custom/python/wheelhouse/generic/Pillow-7.2.0+computecanada-cp38-cp38-linux_x86_64.whl
Processing /cvmfs/soft.computecanada.ca/custom/python/wheelhouse/generic/bayesian_optimization-1.2.0-py3-none-any.whl
Processing /cvmfs/soft.computecanada.ca/custom/python/wheelhouse/generic/cloudpickle-1.6.0+computecanada-py3-none-any.whl
Processing /cvmfs/soft.computecanada.ca/custom/python/wheelhouse/generic/cycler-0.11.0+computecanada-py3-none-any.whl
Processing /cvmfs/soft.computecanada.ca/custom/python/wheelhouse/generic/future-0.18.2+computecanada-py3-none-any.whl
Processing /cvmfs/soft.computecanada.ca/custom/python/wheelhouse/generic/gym-0.18.0+computecanada-py3-none-any.whl
Processing /cvmfs/soft.computecanada.ca/custom/python/wheelhouse/generic/joblib-1.1.0+computecanada-py2.py3-none-any.whl
Processing /cvmfs/soft.computecanada.ca/custom/python/wheelhouse/generic/kiwisolver-1.3.1+computecanada-cp38-cp38-linux_x86_64.whl
Processing /cvmfs/soft.computecanada.ca/custom/python/wheelhouse/generic/matplotlib-3.4.2+computecanada-cp38-cp38-linux_x86_64.whl
Processing /cvmfs/soft.computecanada.ca/custom/python/wheelhouse/gentoo/generic/numpy-1.21.2+computecanada-cp38-cp38-linux_x86_64.whl
Processing /cvmfs/soft.computecanada.ca/custom/python/wheelhouse/gentoo/generic/pandas-1.3.0+computecanada-cp38-cp38-linux_x86_64.whl
Processing /cvmfs/soft.computecanada.ca/custom/python/wheelhouse/generic/pyglet-1.5.0+computecanada-py2.py3-none-any.whl
Processing /cvmfs/soft.computecanada.ca/custom/python/wheelhouse/generic/pyparsing-3.0.6+computecanada-py3-none-any.whl
Processing /cvmfs/soft.computecanada.ca/custom/python/wheelhouse/generic/python_dateutil-2.8.2+computecanada-py2.py3-none-any.whl
Processing /cvmfs/soft.computecanada.ca/custom/python/wheelhouse/generic/pytz-2021.3+computecanada-py3-none-any.whl
Processing /cvmfs/soft.computecanada.ca/custom/python/wheelhouse/gentoo/generic/scikit_learn-1.0.1+computecanada-cp38-cp38-linux_x86_64.whl
Processing /cvmfs/soft.computecanada.ca/custom/python/wheelhouse/gentoo/generic/scipy-1.7.1+computecanada-cp38-cp38-linux_x86_64.whl
Processing /cvmfs/soft.computecanada.ca/custom/python/wheelhouse/generic/six-1.16.0+computecanada-py2.py3-none-any.whl
Processing /cvmfs/soft.computecanada.ca/custom/python/wheelhouse/generic/stable_baselines3-1.2.0+computecanada-py3-none-any.whl
Processing /cvmfs/soft.computecanada.ca/custom/python/wheelhouse/generic/threadpoolctl-3.0.0+computecanada-py3-none-any.whl
Processing /cvmfs/soft.computecanada.ca/custom/python/wheelhouse/gentoo/avx2/torch-1.10.0+computecanada-cp38-cp38-linux_x86_64.whl
Processing /cvmfs/soft.computecanada.ca/custom/python/wheelhouse/generic/typing_extensions-4.0.0+computecanada-py3-none-any.whl
Installing collected packages: six, numpy, future, typing-extensions, threadpoolctl, scipy, pytz, python-dateutil, pyparsing, pyglet, Pillow, kiwisolver, joblib, cycler, cloudpickle, torch, scikit-learn, pandas, matplotlib, gym, stable-baselines3, Box2d-py, bayesian-optimization
Successfully installed Box2d-py-2.3.5+computecanada Pillow-7.2.0+computecanada bayesian-optimization-1.2.0 cloudpickle-1.6.0+computecanada cycler-0.11.0+computecanada future-0.18.2+computecanada gym-0.18.0+computecanada joblib-1.1.0+computecanada kiwisolver-1.3.1+computecanada matplotlib-3.4.2+computecanada numpy-1.21.2+computecanada pandas-1.3.0+computecanada pyglet-1.5.0+computecanada pyparsing-3.0.6+computecanada python-dateutil-2.8.2+computecanada pytz-2021.3+computecanada scikit-learn-1.0.1+computecanada scipy-1.7.1+computecanada six-1.16.0+computecanada stable-baselines3-1.2.0+computecanada threadpoolctl-3.0.0+computecanada torch-1.10.0+computecanada typing-extensions-4.0.0+computecanada
500
(if ((-1.041488997648713 + (obs[3] * -0.24994281259132756)) < (-0.889837753278921 * (-1.0988337136840802 * obs[1]))) then: act = 1 else: act = 0) 9.35
192.48 (if ((obs[0] * (obs[2] * 0.8243994676544772)) < (obs[3] * -0.718554960011189)) then: act = 0 else: (if (obs[1] < ((-0.8434936873875656 + ((obs[2] * (obs[3] * obs[0])) + (-2.6598677462415665 + -0.1782048729378512))) * -0.605666818035963)) then: act = 1 else: (if (obs[3] < 0.8409630099259908) then: act = 0 else: (if (0.6133732609260303 < obs[2]) then: act = 1 else: (if (obs[3] < obs[0]) then: act = 1 else: (if (obs[1] < obs[0]) then: act = 0 else: act = 0))))))
198.17 (if ((obs[0] * (obs[2] * 0.8438078346561557)) < (obs[3] * -0.770171222895854)) then: act = 0 else: (if (obs[1] < ((-0.9912675625218068 + ((obs[2] * (obs[3] * obs[0])) + (-2.8961739496426033 + 1.085233755089201))) * -0.6460695608343157)) then: act = 1 else: (if (obs[3] < 0.9335727601243706) then: act = 0 else: (if (0.802431979121503 < obs[2]) then: act = 1 else: (if (obs[3] < obs[0]) then: act = 1 else: (if (obs[1] < obs[0]) then: act = 0 else: act = 0))))))
455.8 (if ((-1.1477738751342412 * (-1.1985034253466789 * obs[2])) < (obs[3] * -2.030962138294494)) then: act = 0 else: (if (obs[2] < obs[3]) then: act = 1 else: act = 1))
474.56 (if ((-1.2955477502684825 * (-1.2363062034010368 * obs[2])) < (obs[3] * -1.8419034200990212)) then: act = 0 else: (if (obs[2] < obs[3]) then: act = 1 else: act = 1))
500.0 (if (obs[2] < (obs[3] * -0.5880693490550088)) then: act = 0 else: (if (((((-1.8096211739591719 * obs[3]) + obs[0]) * 1.1382816903678485) * obs[0]) < ((-1.9321978873869918 * 0.1524122037895716) + (((-0.30540474018251296 + obs[1]) * (0.5431074841341186 * 0.7536099737714921)) * ((obs[1] + 2.460605808724806) + -1.6658205167735072)))) then: act = 1 else: act = 1))
