created virtual environment CPython3.8.10.final.0-64 in 35380ms
  creator CPython3Posix(dest=/localscratch/orfanos.28232147.0/env, clear=False, global=False)
  seeder FromAppData(download=False, pip=latest, setuptools=latest, wheel=latest, via=copy, app_data_dir=/home/orfanos/.local/share/virtualenv/seed-app-data/v1.0.1)
  activators BashActivator,CShellActivator,FishActivator,PowerShellActivator,PythonActivator,XonshActivator
Ignoring pip: markers 'python_version < "3"' don't match your environment
Looking in links: /cvmfs/soft.computecanada.ca/custom/python/wheelhouse/gentoo/avx512, /cvmfs/soft.computecanada.ca/custom/python/wheelhouse/gentoo/avx2, /cvmfs/soft.computecanada.ca/custom/python/wheelhouse/gentoo/generic, /cvmfs/soft.computecanada.ca/custom/python/wheelhouse/generic
Processing /cvmfs/soft.computecanada.ca/custom/python/wheelhouse/generic/pip-21.2.3+computecanada-py3-none-any.whl
Installing collected packages: pip
  Attempting uninstall: pip
    Found existing installation: pip 20.0.2
    Uninstalling pip-20.0.2:
      Successfully uninstalled pip-20.0.2
Successfully installed pip-21.2.3+computecanada
Looking in links: /cvmfs/soft.computecanada.ca/custom/python/wheelhouse/gentoo/avx512, /cvmfs/soft.computecanada.ca/custom/python/wheelhouse/gentoo/avx2, /cvmfs/soft.computecanada.ca/custom/python/wheelhouse/gentoo/generic, /cvmfs/soft.computecanada.ca/custom/python/wheelhouse/generic
Processing /cvmfs/soft.computecanada.ca/custom/python/wheelhouse/generic/box2d_py-2.3.5+computecanada-cp38-cp38-linux_x86_64.whl
Processing /cvmfs/soft.computecanada.ca/custom/python/wheelhouse/generic/Pillow-7.2.0+computecanada-cp38-cp38-linux_x86_64.whl
Processing /cvmfs/soft.computecanada.ca/custom/python/wheelhouse/generic/bayesian_optimization-1.2.0-py3-none-any.whl
Processing /cvmfs/soft.computecanada.ca/custom/python/wheelhouse/generic/cloudpickle-1.6.0+computecanada-py3-none-any.whl
Processing /cvmfs/soft.computecanada.ca/custom/python/wheelhouse/generic/cycler-0.11.0+computecanada-py3-none-any.whl
Processing /cvmfs/soft.computecanada.ca/custom/python/wheelhouse/generic/future-0.18.2+computecanada-py3-none-any.whl
Processing /cvmfs/soft.computecanada.ca/custom/python/wheelhouse/generic/gym-0.18.0+computecanada-py3-none-any.whl
Processing /cvmfs/soft.computecanada.ca/custom/python/wheelhouse/generic/joblib-1.1.0+computecanada-py2.py3-none-any.whl
Processing /cvmfs/soft.computecanada.ca/custom/python/wheelhouse/generic/kiwisolver-1.3.1+computecanada-cp38-cp38-linux_x86_64.whl
Processing /cvmfs/soft.computecanada.ca/custom/python/wheelhouse/generic/matplotlib-3.4.2+computecanada-cp38-cp38-linux_x86_64.whl
Processing /cvmfs/soft.computecanada.ca/custom/python/wheelhouse/gentoo/generic/numpy-1.21.2+computecanada-cp38-cp38-linux_x86_64.whl
Processing /cvmfs/soft.computecanada.ca/custom/python/wheelhouse/gentoo/generic/pandas-1.3.0+computecanada-cp38-cp38-linux_x86_64.whl
Processing /cvmfs/soft.computecanada.ca/custom/python/wheelhouse/generic/pyglet-1.5.0+computecanada-py2.py3-none-any.whl
Processing /cvmfs/soft.computecanada.ca/custom/python/wheelhouse/generic/pyparsing-3.0.6+computecanada-py3-none-any.whl
Processing /cvmfs/soft.computecanada.ca/custom/python/wheelhouse/generic/python_dateutil-2.8.2+computecanada-py2.py3-none-any.whl
Processing /cvmfs/soft.computecanada.ca/custom/python/wheelhouse/generic/pytz-2021.3+computecanada-py3-none-any.whl
Processing /cvmfs/soft.computecanada.ca/custom/python/wheelhouse/gentoo/generic/scikit_learn-1.0.1+computecanada-cp38-cp38-linux_x86_64.whl
Processing /cvmfs/soft.computecanada.ca/custom/python/wheelhouse/gentoo/generic/scipy-1.7.1+computecanada-cp38-cp38-linux_x86_64.whl
Processing /cvmfs/soft.computecanada.ca/custom/python/wheelhouse/generic/six-1.16.0+computecanada-py2.py3-none-any.whl
Processing /cvmfs/soft.computecanada.ca/custom/python/wheelhouse/generic/stable_baselines3-1.2.0+computecanada-py3-none-any.whl
Processing /cvmfs/soft.computecanada.ca/custom/python/wheelhouse/generic/threadpoolctl-3.0.0+computecanada-py3-none-any.whl
Processing /cvmfs/soft.computecanada.ca/custom/python/wheelhouse/gentoo/avx2/torch-1.10.0+computecanada-cp38-cp38-linux_x86_64.whl
Processing /cvmfs/soft.computecanada.ca/custom/python/wheelhouse/generic/typing_extensions-4.0.0+computecanada-py3-none-any.whl
Installing collected packages: six, numpy, future, typing-extensions, threadpoolctl, scipy, pytz, python-dateutil, pyparsing, pyglet, Pillow, kiwisolver, joblib, cycler, cloudpickle, torch, scikit-learn, pandas, matplotlib, gym, stable-baselines3, Box2d-py, bayesian-optimization
Successfully installed Box2d-py-2.3.5+computecanada Pillow-7.2.0+computecanada bayesian-optimization-1.2.0 cloudpickle-1.6.0+computecanada cycler-0.11.0+computecanada future-0.18.2+computecanada gym-0.18.0+computecanada joblib-1.1.0+computecanada kiwisolver-1.3.1+computecanada matplotlib-3.4.2+computecanada numpy-1.21.2+computecanada pandas-1.3.0+computecanada pyglet-1.5.0+computecanada pyparsing-3.0.6+computecanada python-dateutil-2.8.2+computecanada pytz-2021.3+computecanada scikit-learn-1.0.1+computecanada scipy-1.7.1+computecanada six-1.16.0+computecanada stable-baselines3-1.2.0+computecanada threadpoolctl-3.0.0+computecanada torch-1.10.0+computecanada typing-extensions-4.0.0+computecanada
500
(if (1.9679974510710019 < obs[2]) then: (if ((-2.2370368840860544 * max(0, [-0.457 -1.223  0.59   1.019] *dot* obs[:] + 0.085)) < (max(0, [0.182 0.628 1.236 1.977] *dot* obs[:] + 0.388) + max(0, [0.182 0.628 1.236 1.977] *dot* obs[:] + 0.388))) then: (if (0.024831238939354572 < obs[3]) then: (if (obs[1] < max(0, [-0.457 -1.223  0.59   1.019] *dot* obs[:] + 0.085)) then: act = 0 else: act = 0) else: (if (-2.0323388036908616 < max(0, [0.182 0.628 1.236 1.977] *dot* obs[:] + 0.388)) then: act = 1 else: act = 1)) else: (if (obs[1] < obs[3]) then: act = 1 else: (if (max(0, [0.182 0.628 1.236 1.977] *dot* obs[:] + 0.388) < max(0, [0.182 0.628 1.236 1.977] *dot* obs[:] + 0.388)) then: act = 1 else: act = 1))) else: act = 1) 9.36
134.99 (if ((-0.759585909282171 + (max(0, [0.182 0.628 1.236 1.977] *dot* obs[:] + 0.388) + (((max(0, [0.182 0.628 1.236 1.977] *dot* obs[:] + 0.388) * max(0, [-0.457 -1.223  0.59   1.019] *dot* obs[:] + 0.085)) * max(0, [0.182 0.628 1.236 1.977] *dot* obs[:] + 0.388)) * ((obs[2] + max(0, [0.182 0.628 1.236 1.977] *dot* obs[:] + 0.388)) + (0.9891512056310329 + max(0, [0.182 0.628 1.236 1.977] *dot* obs[:] + 0.388)))))) < obs[2]) then: act = 0 else: act = 1)
173.1 (if ((-0.73621777097556 + (max(0, [0.182 0.628 1.236 1.977] *dot* obs[:] + 0.388) + (((max(0, [0.182 0.628 1.236 1.977] *dot* obs[:] + 0.388) * max(0, [-0.457 -1.223  0.59   1.019] *dot* obs[:] + 0.085)) * max(0, [0.182 0.628 1.236 1.977] *dot* obs[:] + 0.388)) * (1.9574529186873435 + (0.8822483525909914 + max(0, [0.182 0.628 1.236 1.977] *dot* obs[:] + 0.388)))))) < obs[2]) then: act = 0 else: act = 1)
176.18 (if ((-0.73621777097556 + (max(0, [0.182 0.628 1.236 1.977] *dot* obs[:] + 0.388) + (((max(0, [0.182 0.628 1.236 1.977] *dot* obs[:] + 0.388) * max(0, [-0.457 -1.223  0.59   1.019] *dot* obs[:] + 0.085)) * max(0, [0.182 0.628 1.236 1.977] *dot* obs[:] + 0.388)) * (1.9574529186873435 + (0.8822483525909914 + max(0, [0.182 0.628 1.236 1.977] *dot* obs[:] + 0.388)))))) < obs[2]) then: act = 0 else: act = 1)
478.44 (if ((-2.246614594691267 + (max(0, [-0.457 -1.223  0.59   1.019] *dot* obs[:] + 0.085) + ((max(0, [-0.457 -1.223  0.59   1.019] *dot* obs[:] + 0.085) + (max(0, [0.182 0.628 1.236 1.977] *dot* obs[:] + 0.388) + max(0, [0.182 0.628 1.236 1.977] *dot* obs[:] + 0.388))) * (-0.18142385385249493 + (0.8963663706200573 + max(0, [0.182 0.628 1.236 1.977] *dot* obs[:] + 0.388)))))) < obs[2]) then: act = 0 else: act = 1)
487.74 (if ((-2.7311962858703125 + (max(0, [-0.457 -1.223  0.59   1.019] *dot* obs[:] + 0.085) + ((max(0, [0.182 0.628 1.236 1.977] *dot* obs[:] + 0.388) + (max(0, [-0.457 -1.223  0.59   1.019] *dot* obs[:] + 0.085) + max(0, [0.182 0.628 1.236 1.977] *dot* obs[:] + 0.388))) * (-0.07010878831294814 + (1.0978445174051257 + max(0, [0.182 0.628 1.236 1.977] *dot* obs[:] + 0.388)))))) < obs[2]) then: act = 0 else: act = 1)
491.53 (if ((-2.7311962858703125 + (max(0, [-0.457 -1.223  0.59   1.019] *dot* obs[:] + 0.085) + ((max(0, [0.182 0.628 1.236 1.977] *dot* obs[:] + 0.388) + (max(0, [-0.457 -1.223  0.59   1.019] *dot* obs[:] + 0.085) + max(0, [0.182 0.628 1.236 1.977] *dot* obs[:] + 0.388))) * (-0.07010878831294814 + (1.0978445174051257 + max(0, [0.182 0.628 1.236 1.977] *dot* obs[:] + 0.388)))))) < obs[2]) then: act = 0 else: act = 1)
491.86 (if ((-2.7311962858703125 + (max(0, [-0.457 -1.223  0.59   1.019] *dot* obs[:] + 0.085) + ((max(0, [0.182 0.628 1.236 1.977] *dot* obs[:] + 0.388) + (max(0, [-0.457 -1.223  0.59   1.019] *dot* obs[:] + 0.085) + max(0, [0.182 0.628 1.236 1.977] *dot* obs[:] + 0.388))) * (-0.07010878831294814 + (1.0978445174051257 + max(0, [0.182 0.628 1.236 1.977] *dot* obs[:] + 0.388)))))) < obs[2]) then: act = 0 else: act = 1)
492.48 (if ((-2.7311962858703125 + (max(0, [-0.457 -1.223  0.59   1.019] *dot* obs[:] + 0.085) + ((max(0, [0.182 0.628 1.236 1.977] *dot* obs[:] + 0.388) + (max(0, [-0.457 -1.223  0.59   1.019] *dot* obs[:] + 0.085) + max(0, [0.182 0.628 1.236 1.977] *dot* obs[:] + 0.388))) * (-0.07010878831294814 + (1.0978445174051257 + max(0, [0.182 0.628 1.236 1.977] *dot* obs[:] + 0.388)))))) < obs[2]) then: act = 0 else: act = 1)
493.6 (if ((-2.7311962858703125 + (max(0, [-0.457 -1.223  0.59   1.019] *dot* obs[:] + 0.085) + ((max(0, [0.182 0.628 1.236 1.977] *dot* obs[:] + 0.388) + (max(0, [-0.457 -1.223  0.59   1.019] *dot* obs[:] + 0.085) + max(0, [0.182 0.628 1.236 1.977] *dot* obs[:] + 0.388))) * (-0.07010878831294814 + (1.0978445174051257 + max(0, [0.182 0.628 1.236 1.977] *dot* obs[:] + 0.388)))))) < obs[2]) then: act = 0 else: act = 1)
500.0 (if (obs[1] < ((((-1.4225375992448883 + max(0, [0.182 0.628 1.236 1.977] *dot* obs[:] + 0.388)) + (0.873126794483895 * obs[1])) + max(0, [-0.457 -1.223  0.59   1.019] *dot* obs[:] + 0.085)) + max(0, [0.182 0.628 1.236 1.977] *dot* obs[:] + 0.388))) then: act = 1 else: (if ((obs[1] * obs[2]) < obs[1]) then: (if (-0.4640650578565761 < obs[0]) then: act = 0 else: (if (((max(0, [-0.457 -1.223  0.59   1.019] *dot* obs[:] + 0.085) + ((-0.804510521588322 * ((((obs[1] * obs[1]) * max(0, [0.182 0.628 1.236 1.977] *dot* obs[:] + 0.388)) * 1.1089264820442308) * 1.0259783293893647)) * max(0, [-0.457 -1.223  0.59   1.019] *dot* obs[:] + 0.085))) * max(0, [0.182 0.628 1.236 1.977] *dot* obs[:] + 0.388)) < obs[3]) then: act = 1 else: act = 0)) else: (if (-1.936266716275454 < obs[1]) then: act = 0 else: (if (0.715341480984714 < max(0, [-0.457 -1.223  0.59   1.019] *dot* obs[:] + 0.085)) then: act = 1 else: act = 0))))
500
(if (1.9679974510710019 < obs[2]) then: (if ((-2.2370368840860544 * max(0, [-0.099  0.237  0.194 -0.206] *dot* obs[:] + 0.091)) < (max(0, [ 0.107 -0.06  -0.191 -0.283] *dot* obs[:] + 0.111) + max(0, [ 0.207  0.068  0.027 -0.264] *dot* obs[:] + 0.006))) then: (if (0.024831238939354572 < obs[3]) then: (if (obs[1] < max(0, [ 0.144 -0.014  0.185  0.075] *dot* obs[:] + 0.015)) then: act = 0 else: act = 0) else: (if (-2.0323388036908616 < max(0, [ 0.095 -0.142  0.088 -0.267] *dot* obs[:] + 0.082)) then: act = 1 else: act = 1)) else: (if (obs[1] < obs[3]) then: act = 1 else: (if (max(0, [ 0.006  0.032 -0.161 -0.19 ] *dot* obs[:] + 0.081) < max(0, [ 0.229  0.275 -0.037 -0.125] *dot* obs[:] + 0.096)) then: act = 1 else: act = 1))) else: act = 1) 9.36
9.41 (if (1.9679974510710019 < obs[2]) then: (if ((-2.2370368840860544 * max(0, [-0.099  0.237  0.194 -0.206] *dot* obs[:] + 0.091)) < (max(0, [ 0.107 -0.06  -0.191 -0.283] *dot* obs[:] + 0.111) + max(0, [ 0.207  0.068  0.027 -0.264] *dot* obs[:] + 0.006))) then: (if (0.024831238939354572 < obs[3]) then: (if (obs[1] < max(0, [ 0.144 -0.014  0.185  0.075] *dot* obs[:] + 0.015)) then: act = 0 else: act = 0) else: (if (-2.0323388036908616 < max(0, [ 0.095 -0.142  0.088 -0.267] *dot* obs[:] + 0.082)) then: act = 1 else: act = 1)) else: (if (obs[1] < obs[3]) then: act = 1 else: (if (max(0, [ 0.006  0.032 -0.161 -0.19 ] *dot* obs[:] + 0.081) < max(0, [ 0.229  0.275 -0.037 -0.125] *dot* obs[:] + 0.096)) then: act = 1 else: act = 1))) else: act = 1)
73.4 (if ((((obs[1] + max(0, [ 0.107 -0.06  -0.191 -0.283] *dot* obs[:] + 0.111)) + obs[1]) + obs[2]) < obs[2]) then: (if ((max(0, [ 0.305 -0.165 -0.014  0.33 ] *dot* obs[:] + 0.09) * obs[2]) < -2.0640050978579962) then: act = 1 else: act = 1) else: (if (obs[1] < obs[3]) then: act = 1 else: (if (max(0, [-0.099  0.237  0.194 -0.206] *dot* obs[:] + 0.091) < -1.4740737681721088) then: (if (max(0, [-0.144 -0.142  0.025 -0.052] *dot* obs[:] + 0.037) < max(0, [ 0.269 -0.034 -0.176 -0.367] *dot* obs[:] + 0.117)) then: act = 1 else: act = 0) else: act = 0)))
116.16 (if (max(0, [ 0.083 -0.258 -0.091  0.074] *dot* obs[:] + -0.01) < obs[3]) then: (if ((max(0, [ 0.305 -0.165 -0.014  0.33 ] *dot* obs[:] + 0.09) * obs[0]) < -2.256020391431985) then: act = 1 else: act = 1) else: (if (obs[1] < obs[3]) then: act = 1 else: (if (max(0, [-0.099  0.237  0.194 -0.206] *dot* obs[:] + 0.091) < -2.896295072688435) then: (if (max(0, [-0.144 -0.142  0.025 -0.052] *dot* obs[:] + 0.037) < max(0, [ 0.269 -0.034 -0.176 -0.367] *dot* obs[:] + 0.117)) then: act = 1 else: act = 0) else: act = 0)))
125.21 (if (max(0, [ 0.083 -0.258 -0.091  0.074] *dot* obs[:] + -0.01) < obs[3]) then: (if ((max(0, [ 0.305 -0.165 -0.014  0.33 ] *dot* obs[:] + 0.09) * obs[0]) < -2.256020391431985) then: act = 1 else: act = 1) else: (if (obs[1] < obs[3]) then: act = 1 else: (if (max(0, [-0.099  0.237  0.194 -0.206] *dot* obs[:] + 0.091) < -2.896295072688435) then: (if (max(0, [-0.144 -0.142  0.025 -0.052] *dot* obs[:] + 0.037) < max(0, [ 0.269 -0.034 -0.176 -0.367] *dot* obs[:] + 0.117)) then: act = 1 else: act = 0) else: act = 0)))
265.6 (if (max(0, [ 0.083 -0.258 -0.091  0.074] *dot* obs[:] + -0.01) < obs[3]) then: (if ((max(0, [ 0.305 -0.165 -0.014  0.33 ] *dot* obs[:] + 0.09) * obs[0]) < -2.4036960744130638) then: act = 1 else: act = 1) else: (if (0.05963548317533185 < obs[1]) then: (if ((obs[1] * -0.10017266316273843) < (max(0, [ 0.13  -0.075 -0.125 -0.148] *dot* obs[:] + 0.075) * max(0, [ 0.157 -0.236  0.371 -0.029] *dot* obs[:] + 0.04))) then: act = 0 else: act = 1) else: (if (((obs[2] * -1.1165863624485666) + (-0.9394330836153526 + max(0, [-0.171  0.224  0.423  0.147] *dot* obs[:] + 0.126))) < obs[1]) then: (if (max(0, [ 0.131 -0.171  0.059  0.288] *dot* obs[:] + 0.094) < obs[2]) then: (if (max(0, [ 0.125 -0.206 -0.382 -0.266] *dot* obs[:] + 0.133) < 2.0145710471385194) then: act = 1 else: (if (obs[1] < max(0, [-0.296 -0.04  -0.131 -0.026] *dot* obs[:] + -0.061)) then: act = 0 else: act = 1)) else: act = 0) else: act = 0)))
468.77 (if (max(0, [ 0.083 -0.258 -0.091  0.074] *dot* obs[:] + -0.01) < obs[3]) then: (if ((max(0, [ 0.107 -0.06  -0.191 -0.283] *dot* obs[:] + 0.111) * obs[0]) < -2.3971394082555832) then: act = 0 else: act = 1) else: (if (-0.07919317366444517 < obs[3]) then: (if ((obs[1] * 0.026317934411844712) < (max(0, [ 0.13  -0.075 -0.125 -0.148] *dot* obs[:] + 0.075) * max(0, [ 0.157 -0.236  0.371 -0.029] *dot* obs[:] + 0.04))) then: act = 0 else: act = 1) else: (if ((((obs[1] + -2.007084323442485) * -1.2535240954047824) + (-1.48531460963446 + max(0, [-0.171  0.224  0.423  0.147] *dot* obs[:] + 0.126))) < obs[1]) then: (if (max(0, [ 0.131 -0.171  0.059  0.288] *dot* obs[:] + 0.094) < obs[2]) then: (if (max(0, [ 0.125 -0.206 -0.382 -0.266] *dot* obs[:] + 0.133) < 1.6700304488596278) then: act = 1 else: (if (obs[1] < max(0, [-0.296 -0.04  -0.131 -0.026] *dot* obs[:] + -0.061)) then: act = 0 else: act = 1)) else: act = 0) else: act = 0)))
475.83 (if (max(0, [ 0.083 -0.258 -0.091  0.074] *dot* obs[:] + -0.01) < obs[3]) then: (if ((max(0, [ 0.107 -0.06  -0.191 -0.283] *dot* obs[:] + 0.111) * obs[0]) < -2.3971394082555832) then: act = 0 else: act = 1) else: (if (-0.07919317366444517 < obs[3]) then: (if ((obs[1] * 0.026317934411844712) < (max(0, [ 0.13  -0.075 -0.125 -0.148] *dot* obs[:] + 0.075) * max(0, [ 0.157 -0.236  0.371 -0.029] *dot* obs[:] + 0.04))) then: act = 0 else: act = 1) else: (if ((((obs[1] + -2.007084323442485) * -1.2535240954047824) + (-1.48531460963446 + max(0, [-0.171  0.224  0.423  0.147] *dot* obs[:] + 0.126))) < obs[1]) then: (if (max(0, [ 0.131 -0.171  0.059  0.288] *dot* obs[:] + 0.094) < obs[2]) then: (if (max(0, [ 0.125 -0.206 -0.382 -0.266] *dot* obs[:] + 0.133) < 1.6700304488596278) then: act = 1 else: (if (obs[1] < max(0, [-0.296 -0.04  -0.131 -0.026] *dot* obs[:] + -0.061)) then: act = 0 else: act = 1)) else: act = 0) else: act = 0)))
494.1 (if (max(0, [ 0.083 -0.258 -0.091  0.074] *dot* obs[:] + -0.01) < obs[3]) then: (if ((max(0, [ 0.107 -0.06  -0.191 -0.283] *dot* obs[:] + 0.111) * obs[2]) < -2.4754646223827788) then: act = 0 else: act = 1) else: (if (-0.07654609933688916 < obs[3]) then: (if ((obs[1] * 0.24254712979448523) < (max(0, [ 0.13  -0.075 -0.125 -0.148] *dot* obs[:] + 0.075) * max(0, [ 0.157 -0.236  0.371 -0.029] *dot* obs[:] + 0.04))) then: act = 0 else: act = 1) else: (if ((2.178919759219757 + max(0, [ 0.033 -0.064  0.05  -0.196] *dot* obs[:] + 0.076)) < obs[1]) then: (if (max(0, [ 0.131 -0.171  0.059  0.288] *dot* obs[:] + 0.094) < obs[2]) then: (if (max(0, [ 0.125 -0.206 -0.382 -0.266] *dot* obs[:] + 0.133) < 1.681123714029016) then: act = 1 else: (if (obs[1] < max(0, [-0.296 -0.04  -0.131 -0.026] *dot* obs[:] + -0.061)) then: act = 0 else: act = 1)) else: act = 0) else: act = 0)))
500
(if (1.9679974510710019 < obs[2]) then: (if (-2.2370368840860544 < obs[3]) then: (if (obs[2] < 0.024831238939354572) then: (if (obs[3] < obs[1]) then: act = 0 else: act = 0) else: act = 1) else: act = 0) else: (if ((obs[2] * obs[2]) < (-1.0323388036908616 * obs[1])) then: (if (obs[2] < obs[3]) then: (if (obs[1] < obs[1]) then: act = 1 else: act = 1) else: (if (-1.0398160989562555 < obs[0]) then: act = 0 else: act = 0)) else: act = 0)) 52.29
60.96 (if (((obs[1] + 0.06878703634075539) + 0.2888893477418369) < 0.04665992712134237) then: (if (obs[0] < -1.1654247485770268) then: (if (obs[2] < obs[0]) then: act = 0 else: act = 1) else: act = 0) else: (if ((obs[2] * obs[2]) < 1.9676611963091384) then: (if (obs[2] < obs[3]) then: act = 1 else: act = 0) else: act = 0))
198.55 (if (obs[3] < 0.004157553098429684) then: act = 0 else: act = 1)
199.27 (if (obs[3] < 0.004157553098429684) then: act = 0 else: act = 1)
469.55 (if (((obs[3] + -1.914537324133491) + ((((((obs[3] * (((-1.5974213417692678 + obs[3]) * -1.0259926417379552) * obs[0])) + obs[3]) + (-0.7687815840315133 + obs[0])) * -1.3816970026720112) * obs[2]) + 2.8546590262414964)) < 0.9475105200426188) then: act = 0 else: act = 1)
500.0 (if (((obs[3] + -2.5215612915506624) + ((2.168318385327783 * obs[2]) + 2.9559117734055227)) < 0.43492926317619984) then: act = 0 else: act = 1)
