created virtual environment CPython3.6.10.final.0-64 in 10348ms
  creator CPython3Posix(dest=/localscratch/orfanos.25044401.0/env, clear=False, global=False)
  seeder FromAppData(download=False, pip=latest, setuptools=latest, wheel=latest, via=copy, app_data_dir=/home/orfanos/.local/share/virtualenv/seed-app-data/v1.0.1)
  activators BashActivator,CShellActivator,FishActivator,PowerShellActivator,PythonActivator,XonshActivator
Ignoring pip: markers 'python_version < "3"' don't match your environment
Looking in links: /cvmfs/soft.computecanada.ca/custom/python/wheelhouse/gentoo/avx512, /cvmfs/soft.computecanada.ca/custom/python/wheelhouse/gentoo/avx2, /cvmfs/soft.computecanada.ca/custom/python/wheelhouse/gentoo/generic, /cvmfs/soft.computecanada.ca/custom/python/wheelhouse/generic
Processing /cvmfs/soft.computecanada.ca/custom/python/wheelhouse/generic/pip-21.2.3+computecanada-py3-none-any.whl
Installing collected packages: pip
  Attempting uninstall: pip
    Found existing installation: pip 20.0.2
    Uninstalling pip-20.0.2:
      Successfully uninstalled pip-20.0.2
Successfully installed pip-21.2.3+computecanada
Looking in links: /cvmfs/soft.computecanada.ca/custom/python/wheelhouse/gentoo/avx512, /cvmfs/soft.computecanada.ca/custom/python/wheelhouse/gentoo/avx2, /cvmfs/soft.computecanada.ca/custom/python/wheelhouse/gentoo/generic, /cvmfs/soft.computecanada.ca/custom/python/wheelhouse/generic
Processing /cvmfs/soft.computecanada.ca/custom/python/wheelhouse/generic/torch-1.6.0+computecanada-cp36-cp36m-linux_x86_64.whl
Processing /cvmfs/soft.computecanada.ca/custom/python/wheelhouse/generic/bayesian_optimization-1.2.0-py3-none-any.whl
Processing /cvmfs/soft.computecanada.ca/custom/python/wheelhouse/generic/cloudpickle-1.6.0+computecanada-py3-none-any.whl
Processing /cvmfs/soft.computecanada.ca/custom/python/wheelhouse/generic/future-0.18.2+computecanada-py3-none-any.whl
Processing /cvmfs/soft.computecanada.ca/custom/python/wheelhouse/generic/gym-0.18.0+computecanada-py3-none-any.whl
Processing /cvmfs/soft.computecanada.ca/custom/python/wheelhouse/gentoo/generic/box2d_py-2.3.5+computecanada-cp36-cp36m-linux_x86_64.whl
Processing /cvmfs/soft.computecanada.ca/custom/python/wheelhouse/generic/joblib-1.0.1+computecanada-py3-none-any.whl
Processing /cvmfs/soft.computecanada.ca/custom/python/wheelhouse/generic/pandas-1.0.3+computecanada-cp36-cp36m-linux_x86_64.whl
Processing /cvmfs/soft.computecanada.ca/custom/python/wheelhouse/generic/Pillow-7.2.0+computecanada-cp36-cp36m-linux_x86_64.whl
Processing /cvmfs/soft.computecanada.ca/custom/python/wheelhouse/generic/pyglet-1.5.0+computecanada-py2.py3-none-any.whl
Processing /cvmfs/soft.computecanada.ca/custom/python/wheelhouse/gentoo/generic/scikit_learn-0.24.1+computecanada-cp36-cp36m-linux_x86_64.whl
Processing /cvmfs/soft.computecanada.ca/custom/python/wheelhouse/gentoo/generic/scipy-1.4.1+computecanada-cp36-cp36m-linux_x86_64.whl
Processing /cvmfs/soft.computecanada.ca/custom/python/wheelhouse/generic/threadpoolctl-2.1.0+computecanada-py3-none-any.whl
Processing /cvmfs/soft.computecanada.ca/custom/python/wheelhouse/gentoo/generic/numpy-1.19.5+computecanada-cp36-cp36m-linux_x86_64.whl
Processing /cvmfs/soft.computecanada.ca/custom/python/wheelhouse/generic/pytz-2021.1+computecanada-py3-none-any.whl
Processing /cvmfs/soft.computecanada.ca/custom/python/wheelhouse/generic/python_dateutil-2.8.2+computecanada-py2.py3-none-any.whl
Processing /cvmfs/soft.computecanada.ca/custom/python/wheelhouse/generic/six-1.16.0+computecanada-py2.py3-none-any.whl
Installing collected packages: numpy, threadpoolctl, six, scipy, joblib, future, scikit-learn, pytz, python-dateutil, pyglet, Pillow, cloudpickle, torch, pandas, gym, Box2d-py, bayesian-optimization
Successfully installed Box2d-py-2.3.5+computecanada Pillow-7.2.0+computecanada bayesian-optimization-1.2.0 cloudpickle-1.6.0+computecanada future-0.18.2+computecanada gym-0.18.0+computecanada joblib-1.0.1+computecanada numpy-1.19.5+computecanada pandas-1.0.3+computecanada pyglet-1.5.0+computecanada python-dateutil-2.8.2+computecanada pytz-2021.1+computecanada scikit-learn-0.24.1+computecanada scipy-1.4.1+computecanada six-1.16.0+computecanada threadpoolctl-2.1.0+computecanada torch-1.6.0+computecanada
RUN
Environment
/home/orfanos/MastersResearch_orfanos/NeurPiRL_SA/LunarLander/SimulatedAnnealing.py:178: RuntimeWarning: overflow encountered in exp
  return np.exp(self.beta * (next_score - current_score) / self.current_temperature)

Current best:  -565.3014738963849
(if ((obs[3] + 0.5) < obs[3]) then: act = 3 else: act = 3)

Current best:  -527.5329524958015
(if ((0.5 + obs[0]) < obs[3]) then: act = 3 else: act = 3)

Current best:  -339.9636715738859
(if (max(0, [ 0.087 -0.718  0.097  0.062 -0.34   0.008 -0.224 -0.341] *dot* obs[:] + -0.524) < 0.5) then: (if ((obs[3] * 0.5) < (obs[6] * obs[1])) then: act = 2 else: act = 0) else: act = 0)

Current best:  -337.4961898592663
(if (max(0, [ 0.087 -0.718  0.097  0.062 -0.34   0.008 -0.224 -0.341] *dot* obs[:] + -0.524) < 0.5) then: (if ((obs[3] * 0.5) < obs[5]) then: act = 2 else: act = 0) else: act = 0)

Current best:  -123.24796116749056
(if (max(0, [ 0.087 -0.718  0.097  0.062 -0.34   0.008 -0.224 -0.341] *dot* obs[:] + -0.524) < 0.5) then: (if (5.0 < obs[5]) then: act = 2 else: act = 0) else: act = 0)

Current best:  -121.82192030196352
(if (max(0, [ 0.087 -0.718  0.097  0.062 -0.34   0.008 -0.224 -0.341] *dot* obs[:] + -0.524) < 0.5) then: (if (obs[6] < obs[7]) then: act = 2 else: act = 0) else: act = 0)

Current best:  -120.7629170615941
(if (max(0, [ 0.087 -0.718  0.097  0.062 -0.34   0.008 -0.224 -0.341] *dot* obs[:] + -0.524) < 5.0) then: (if (obs[6] < obs[7]) then: act = 2 else: act = 0) else: act = 0)

Current best:  -120.18700812845195
(if (max(0, [-0.335 -0.423  0.753  0.357 -0.248 -0.393 -0.298 -0.499] *dot* obs[:] + -0.783) < 5.0) then: (if (obs[6] < obs[7]) then: act = 2 else: act = 0) else: act = 0)

Current best:  -114.06045702437257
(if (max(0, [-0.299 -1.486  0.118 -0.322 -0.349 -0.345  0.325 -0.676] *dot* obs[:] + -1.045) < 5.0) then: (if (obs[6] < obs[7]) then: act = 2 else: act = 0) else: act = 0)

Current best:  -109.76907524405547
(if (max(0, [-0.299 -1.486  0.118 -0.322 -0.349 -0.345  0.325 -0.676] *dot* obs[:] + -1.045) < 0.0) then: (if ((obs[2] * 0.0) < (0.5 * ((obs[5] * max(0, [ 0.003 -0.93   0.228  0.036  0.139 -0.212 -0.153 -0.103] *dot* obs[:] + -0.735)) * ((obs[4] + 1.0) * obs[1])))) then: (if (((max(0, [-1.033 -0.406  0.092  0.487  0.936 -0.915 -0.422 -0.6  ] *dot* obs[:] + -0.851) * max(0, [-0.093 -0.214 -0.115  0.297 -0.214  0.178 -0.545 -0.479] *dot* obs[:] + -0.715)) + (obs[4] + max(0, [ 0.378 -0.401 -0.246  0.398  0.081  0.41  -0.772 -1.089] *dot* obs[:] + -0.35))) < 2.0) then: (if ((0.0 + obs[0]) < max(0, [ 0.066 -0.735  0.135  0.233 -0.002  0.022 -0.003 -0.235] *dot* obs[:] + -0.339)) then: (if (obs[1] < obs[0]) then: act = 1 else: (if (max(0, [-0.071 -0.2    0.286 -0.028  0.16  -0.091 -0.33   0.16 ] *dot* obs[:] + -0.535) < obs[6]) then: act = 1 else: act = 0)) else: (if (max(0, [-0.088 -1.448  0.222 -0.349  1.144  2.014 -0.605 -0.134] *dot* obs[:] + -1.111) < max(0, [-0.071 -0.2    0.286 -0.028  0.16  -0.091 -0.33   0.16 ] *dot* obs[:] + -0.535)) then: act = 0 else: act = 0)) else: act = 3) else: act = 0) else: act = 0)

Current best:  -109.31968193185858
(if (max(0, [-0.136 -0.36   0.004 -0.356 -0.471  0.162 -0.148 -0.601] *dot* obs[:] + -0.783) < 0.0) then: (if ((obs[2] * 0.0) < (0.5 * obs[0])) then: (if (((max(0, [-1.033 -0.406  0.092  0.487  0.936 -0.915 -0.422 -0.6  ] *dot* obs[:] + -0.851) * max(0, [-0.093 -0.214 -0.115  0.297 -0.214  0.178 -0.545 -0.479] *dot* obs[:] + -0.715)) + (obs[4] + max(0, [ 0.125 -0.278  0.165  0.09  -0.053  0.228 -0.451 -0.36 ] *dot* obs[:] + -0.499))) < 0.5) then: (if ((0.0 + obs[0]) < max(0, [ 0.066 -0.735  0.135  0.233 -0.002  0.022 -0.003 -0.235] *dot* obs[:] + -0.339)) then: (if (obs[1] < obs[0]) then: act = 1 else: (if (max(0, [-0.071 -0.2    0.286 -0.028  0.16  -0.091 -0.33   0.16 ] *dot* obs[:] + -0.535) < obs[6]) then: act = 1 else: act = 0)) else: (if (max(0, [-0.088 -1.448  0.222 -0.349  1.144  2.014 -0.605 -0.134] *dot* obs[:] + -1.111) < max(0, [-0.071 -0.2    0.286 -0.028  0.16  -0.091 -0.33   0.16 ] *dot* obs[:] + -0.535)) then: act = 0 else: act = 0)) else: act = 3) else: act = 0) else: act = 0)

Current best:  -107.21028139637536
(if (max(0, [-0.136 -0.36   0.004 -0.356 -0.471  0.162 -0.148 -0.601] *dot* obs[:] + -0.783) < max(0, [ 0.588 -1.745  0.869 -1.338 -0.239 -0.785 -1.053 -0.205] *dot* obs[:] + -0.025)) then: (if (max(0, [-0.093 -0.214 -0.115  0.297 -0.214  0.178 -0.545 -0.479] *dot* obs[:] + -0.715) < (0.0 * obs[0])) then: (if (((((max(0, [-0.105 -0.175  0.148 -0.067 -0.055  0.206 -0.194 -0.115] *dot* obs[:] + -0.514) + (obs[6] + 2.0)) * ((max(0, [-0.299 -1.486  0.118 -0.322 -0.349 -0.345  0.325 -0.676] *dot* obs[:] + -1.045) + obs[0]) * (obs[2] * obs[5]))) * obs[5]) * max(0, [-0.066 -0.629  0.077  0.02  -0.144  0.111 -0.32  -0.265] *dot* obs[:] + -0.332)) < 0.5) then: (if (5.0 < (max(0, [-0.204 -1.09   1.643  1.478 -3.108 -0.065  0.714 -1.397] *dot* obs[:] + -0.509) * obs[3])) then: (if (obs[1] < obs[0]) then: act = 1 else: (if (max(0, [-0.071 -0.2    0.286 -0.028  0.16  -0.091 -0.33   0.16 ] *dot* obs[:] + -0.535) < obs[6]) then: act = 1 else: act = 0)) else: (if (max(0, [-0.088 -1.448  0.222 -0.349  1.144  2.014 -0.605 -0.134] *dot* obs[:] + -1.111) < max(0, [-0.071 -0.2    0.286 -0.028  0.16  -0.091 -0.33   0.16 ] *dot* obs[:] + -0.535)) then: act = 0 else: act = 0)) else: act = 3) else: act = 0) else: act = 0)

Current best:  -105.24189815264253
(if (max(0, [-0.136 -0.36   0.004 -0.356 -0.471  0.162 -0.148 -0.601] *dot* obs[:] + -0.783) < max(0, [ 0.588 -1.745  0.869 -1.338 -0.239 -0.785 -1.053 -0.205] *dot* obs[:] + -0.025)) then: (if (max(0, [-0.093 -0.214 -0.115  0.297 -0.214  0.178 -0.545 -0.479] *dot* obs[:] + -0.715) < (0.5 * obs[4])) then: (if (-0.5 < (max(0, [-0.099  0.05  -0.179 -0.345  0.192 -0.143 -0.558 -0.474] *dot* obs[:] + -0.614) + obs[3])) then: act = 3 else: (if (2.0 < obs[3]) then: (if ((max(0, [-0.025 -0.232 -0.328 -0.184 -0.032  0.101 -0.534 -0.691] *dot* obs[:] + -0.707) * -0.5) < obs[1]) then: act = 1 else: act = 1) else: (if (max(0, [-0.061 -0.296  0.063  0.741 -0.078 -0.421 -1.377 -0.642] *dot* obs[:] + -1.075) < (obs[3] * obs[3])) then: act = 2 else: act = 2))) else: act = 0) else: act = 0)

Current best:  -97.24050315456866
(if (max(0, [-0.136 -0.36   0.004 -0.356 -0.471  0.162 -0.148 -0.601] *dot* obs[:] + -0.783) < max(0, [ 0.588 -1.745  0.869 -1.338 -0.239 -0.785 -1.053 -0.205] *dot* obs[:] + -0.025)) then: (if (max(0, [-0.093 -0.214 -0.115  0.297 -0.214  0.178 -0.545 -0.479] *dot* obs[:] + -0.715) < (0.5 * obs[4])) then: (if (-0.5 < (max(0, [-0.099  0.05  -0.179 -0.345  0.192 -0.143 -0.558 -0.474] *dot* obs[:] + -0.614) + obs[3])) then: act = 3 else: (if (2.0 < obs[3]) then: (if ((max(0, [ 0.195 -0.326  0.077  0.087  0.04  -0.046 -0.326 -0.236] *dot* obs[:] + -0.593) * -0.5) < obs[1]) then: act = 1 else: act = 1) else: (if (max(0, [-0.061 -0.296  0.063  0.741 -0.078 -0.421 -1.377 -0.642] *dot* obs[:] + -1.075) < (obs[3] * obs[3])) then: act = 2 else: act = 2))) else: act = 0) else: act = 0)

Current best:  -91.7156744240138
(if (max(0, [-0.136 -0.36   0.004 -0.356 -0.471  0.162 -0.148 -0.601] *dot* obs[:] + -0.783) < max(0, [ 0.588 -1.745  0.869 -1.338 -0.239 -0.785 -1.053 -0.205] *dot* obs[:] + -0.025)) then: (if (max(0, [-0.093 -0.214 -0.115  0.297 -0.214  0.178 -0.545 -0.479] *dot* obs[:] + -0.715) < (0.5 * obs[4])) then: (if (-0.5 < (max(0, [-0.099  0.05  -0.179 -0.345  0.192 -0.143 -0.558 -0.474] *dot* obs[:] + -0.614) + obs[3])) then: act = 3 else: (if (2.0 < obs[3]) then: (if ((max(0, [ 0.545 -0.836 -0.357  0.365 -0.158  0.239 -1.197  0.296] *dot* obs[:] + -1.026) * -0.5) < obs[1]) then: act = 1 else: act = 1) else: (if (max(0, [-0.061 -0.296  0.063  0.741 -0.078 -0.421 -1.377 -0.642] *dot* obs[:] + -1.075) < (obs[3] * obs[3])) then: act = 2 else: act = 2))) else: act = 0) else: act = 0)

Current best:  -91.309588775502
(if (max(0, [-0.136 -0.36   0.004 -0.356 -0.471  0.162 -0.148 -0.601] *dot* obs[:] + -0.783) < max(0, [ 0.588 -1.745  0.869 -1.338 -0.239 -0.785 -1.053 -0.205] *dot* obs[:] + -0.025)) then: (if (max(0, [-0.093 -0.214 -0.115  0.297 -0.214  0.178 -0.545 -0.479] *dot* obs[:] + -0.715) < (0.5 * obs[4])) then: (if (-0.5 < (max(0, [-0.099  0.05  -0.179 -0.345  0.192 -0.143 -0.558 -0.474] *dot* obs[:] + -0.614) + obs[3])) then: act = 3 else: (if (2.0 < obs[3]) then: (if ((max(0, [ 0.545 -0.836 -0.357  0.365 -0.158  0.239 -1.197  0.296] *dot* obs[:] + -1.026) * -0.5) < obs[1]) then: act = 1 else: act = 1) else: (if (max(0, [-0.061 -0.296  0.063  0.741 -0.078 -0.421 -1.377 -0.642] *dot* obs[:] + -1.075) < (obs[3] * obs[3])) then: act = 2 else: act = 2))) else: act = 0) else: act = 0)

Current best:  -88.7863425828047
(if (max(0, [-0.136 -0.36   0.004 -0.356 -0.471  0.162 -0.148 -0.601] *dot* obs[:] + -0.783) < max(0, [ 0.588 -1.745  0.869 -1.338 -0.239 -0.785 -1.053 -0.205] *dot* obs[:] + -0.025)) then: (if (max(0, [-0.093 -0.214 -0.115  0.297 -0.214  0.178 -0.545 -0.479] *dot* obs[:] + -0.715) < (0.5 * obs[4])) then: (if (-0.5 < ((obs[5] + max(0, [-1.000e-03 -8.520e-01 -2.130e-01  7.130e-01 -2.790e-01  5.400e-02
 -1.508e+00 -5.230e-01] *dot* obs[:] + -1.045)) + obs[3])) then: act = 3 else: (if (2.0 < obs[3]) then: (if ((max(0, [ 0.545 -0.836 -0.357  0.365 -0.158  0.239 -1.197  0.296] *dot* obs[:] + -1.026) * -0.5) < obs[1]) then: act = 1 else: act = 1) else: (if (max(0, [-0.061 -0.296  0.063  0.741 -0.078 -0.421 -1.377 -0.642] *dot* obs[:] + -1.075) < (obs[3] * obs[3])) then: act = 2 else: act = 2))) else: act = 0) else: act = 0)

Current best:  -88.40385184938462
(if (max(0, [-0.136 -0.36   0.004 -0.356 -0.471  0.162 -0.148 -0.601] *dot* obs[:] + -0.783) < max(0, [ 0.588 -1.745  0.869 -1.338 -0.239 -0.785 -1.053 -0.205] *dot* obs[:] + -0.025)) then: (if (max(0, [-0.093 -0.214 -0.115  0.297 -0.214  0.178 -0.545 -0.479] *dot* obs[:] + -0.715) < (0.5 * obs[4])) then: (if (-0.5 < ((obs[5] + max(0, [-1.000e-03 -8.520e-01 -2.130e-01  7.130e-01 -2.790e-01  5.400e-02
 -1.508e+00 -5.230e-01] *dot* obs[:] + -1.045)) + obs[3])) then: act = 3 else: (if (2.0 < (max(0, [ 0.251 -0.345 -0.105  0.144 -0.014  0.471 -0.913 -0.045] *dot* obs[:] + -0.661) * -0.5)) then: (if ((max(0, [ 0.545 -0.836 -0.357  0.365 -0.158  0.239 -1.197  0.296] *dot* obs[:] + -1.026) * -0.5) < obs[1]) then: act = 1 else: act = 1) else: (if (max(0, [-0.061 -0.296  0.063  0.741 -0.078 -0.421 -1.377 -0.642] *dot* obs[:] + -1.075) < (obs[3] * obs[3])) then: act = 2 else: act = 2))) else: act = 0) else: act = 0)

Current best:  -85.63149578243208
(if (max(0, [-0.136 -0.36   0.004 -0.356 -0.471  0.162 -0.148 -0.601] *dot* obs[:] + -0.783) < max(0, [ 0.588 -1.745  0.869 -1.338 -0.239 -0.785 -1.053 -0.205] *dot* obs[:] + -0.025)) then: (if (max(0, [-0.093 -0.214 -0.115  0.297 -0.214  0.178 -0.545 -0.479] *dot* obs[:] + -0.715) < (0.5 * obs[4])) then: (if ((2.0 + 1.0) < (obs[3] + obs[6])) then: act = 3 else: (if (2.0 < (max(0, [ 0.251 -0.345 -0.105  0.144 -0.014  0.471 -0.913 -0.045] *dot* obs[:] + -0.661) * -0.5)) then: (if (((obs[6] + (max(0, [-0.209 -0.343 -0.379  0.347  0.349 -0.031 -0.136 -0.717] *dot* obs[:] + -0.853) + (obs[1] + obs[5]))) + (0.5 * obs[3])) < obs[1]) then: act = 1 else: act = 1) else: (if (max(0, [-0.061 -0.296  0.063  0.741 -0.078 -0.421 -1.377 -0.642] *dot* obs[:] + -1.075) < (obs[3] * obs[3])) then: act = 2 else: act = 2))) else: act = 0) else: act = 0)

Current best:  -82.7867583733802
(if (max(0, [-0.136 -0.36   0.004 -0.356 -0.471  0.162 -0.148 -0.601] *dot* obs[:] + -0.783) < max(0, [ 0.588 -1.745  0.869 -1.338 -0.239 -0.785 -1.053 -0.205] *dot* obs[:] + -0.025)) then: (if (max(0, [-0.093 -0.214 -0.115  0.297 -0.214  0.178 -0.545 -0.479] *dot* obs[:] + -0.715) < (0.5 * obs[4])) then: (if ((2.0 * (max(0, [ 0.368 -0.172  0.335 -0.184 -0.267 -0.777  0.074 -0.066] *dot* obs[:] + -1.394) * ((obs[4] + 0.5) + obs[0]))) < max(0, [-0.204 -1.09   1.643  1.478 -3.108 -0.065  0.714 -1.397] *dot* obs[:] + -0.509)) then: act = 3 else: (if (2.0 < (max(0, [ 0.251 -0.345 -0.105  0.144 -0.014  0.471 -0.913 -0.045] *dot* obs[:] + -0.661) * -0.5)) then: (if (((obs[6] + (max(0, [-0.209 -0.343 -0.379  0.347  0.349 -0.031 -0.136 -0.717] *dot* obs[:] + -0.853) + (obs[1] + obs[5]))) + (0.5 * obs[3])) < obs[1]) then: act = 1 else: act = 1) else: (if (max(0, [-0.061 -0.296  0.063  0.741 -0.078 -0.421 -1.377 -0.642] *dot* obs[:] + -1.075) < (obs[3] * obs[3])) then: act = 2 else: act = 2))) else: act = 0) else: act = 0)

Current best:  -73.36634716372441
(if (max(0, [-0.136 -0.36   0.004 -0.356 -0.471  0.162 -0.148 -0.601] *dot* obs[:] + -0.783) < max(0, [ 0.588 -1.745  0.869 -1.338 -0.239 -0.785 -1.053 -0.205] *dot* obs[:] + -0.025)) then: (if (max(0, [-0.093 -0.214 -0.115  0.297 -0.214  0.178 -0.545 -0.479] *dot* obs[:] + -0.715) < (0.5 * obs[4])) then: (if ((2.0 * (max(0, [ 0.368 -0.172  0.335 -0.184 -0.267 -0.777  0.074 -0.066] *dot* obs[:] + -1.394) * ((obs[7] + 0.5) + obs[0]))) < max(0, [-0.204 -1.09   1.643  1.478 -3.108 -0.065  0.714 -1.397] *dot* obs[:] + -0.509)) then: act = 3 else: (if (2.0 < (max(0, [ 0.251 -0.345 -0.105  0.144 -0.014  0.471 -0.913 -0.045] *dot* obs[:] + -0.661) * -0.5)) then: (if (((obs[6] + (max(0, [-0.209 -0.343 -0.379  0.347  0.349 -0.031 -0.136 -0.717] *dot* obs[:] + -0.853) + (obs[1] + obs[5]))) + (0.5 * obs[3])) < obs[1]) then: act = 1 else: act = 1) else: (if (max(0, [-0.061 -0.296  0.063  0.741 -0.078 -0.421 -1.377 -0.642] *dot* obs[:] + -1.075) < (obs[3] * obs[3])) then: act = 2 else: act = 2))) else: act = 0) else: act = 0)

Current best:  -71.42967965539788
(if (max(0, [-0.136 -0.36   0.004 -0.356 -0.471  0.162 -0.148 -0.601] *dot* obs[:] + -0.783) < max(0, [ 0.588 -1.745  0.869 -1.338 -0.239 -0.785 -1.053 -0.205] *dot* obs[:] + -0.025)) then: (if (max(0, [-0.093 -0.214 -0.115  0.297 -0.214  0.178 -0.545 -0.479] *dot* obs[:] + -0.715) < (0.5 * obs[4])) then: (if ((2.0 * (max(0, [ 0.368 -0.172  0.335 -0.184 -0.267 -0.777  0.074 -0.066] *dot* obs[:] + -1.394) * ((obs[7] + 0.5) + obs[0]))) < max(0, [-0.204 -1.09   1.643  1.478 -3.108 -0.065  0.714 -1.397] *dot* obs[:] + -0.509)) then: act = 3 else: act = 2) else: act = 0) else: act = 0)

Current best:  -64.12647379386813
(if (max(0, [-0.136 -0.36   0.004 -0.356 -0.471  0.162 -0.148 -0.601] *dot* obs[:] + -0.783) < max(0, [ 0.588 -1.745  0.869 -1.338 -0.239 -0.785 -1.053 -0.205] *dot* obs[:] + -0.025)) then: (if (-0.5 < (2.0 * obs[4])) then: (if ((2.0 * (max(0, [ 0.368 -0.172  0.335 -0.184 -0.267 -0.777  0.074 -0.066] *dot* obs[:] + -1.394) * 0.0)) < max(0, [-0.204 -1.09   1.643  1.478 -3.108 -0.065  0.714 -1.397] *dot* obs[:] + -0.509)) then: act = 3 else: act = 2) else: act = 0) else: act = 0)

Current best:  -60.59090950994733
(if (max(0, [-0.136 -0.36   0.004 -0.356 -0.471  0.162 -0.148 -0.601] *dot* obs[:] + -0.783) < max(0, [ 0.588 -1.745  0.869 -1.338 -0.239 -0.785 -1.053 -0.205] *dot* obs[:] + -0.025)) then: (if (-0.5 < (2.0 * obs[4])) then: (if ((0.0 * (max(0, [ 0.368 -0.172  0.335 -0.184 -0.267 -0.777  0.074 -0.066] *dot* obs[:] + -1.394) * 0.0)) < max(0, [-0.204 -1.09   1.643  1.478 -3.108 -0.065  0.714 -1.397] *dot* obs[:] + -0.509)) then: act = 3 else: act = 2) else: act = 0) else: act = 0)

Current best:  -43.222951638978195
(if (max(0, [-0.136 -0.36   0.004 -0.356 -0.471  0.162 -0.148 -0.601] *dot* obs[:] + -0.783) < max(0, [ 0.588 -1.745  0.869 -1.338 -0.239 -0.785 -1.053 -0.205] *dot* obs[:] + -0.025)) then: (if (-0.5 < (2.0 * obs[4])) then: (if ((0.0 * ((obs[3] * obs[6]) * -0.5)) < max(0, [-0.204 -1.09   1.643  1.478 -3.108 -0.065  0.714 -1.397] *dot* obs[:] + -0.509)) then: act = 3 else: act = 2) else: act = 0) else: act = 0)

Current best:  -42.235380149601184
(if (max(0, [-0.136 -0.36   0.004 -0.356 -0.471  0.162 -0.148 -0.601] *dot* obs[:] + -0.783) < max(0, [ 0.588 -1.745  0.869 -1.338 -0.239 -0.785 -1.053 -0.205] *dot* obs[:] + -0.025)) then: (if (-0.5 < (2.0 * obs[4])) then: (if ((0.0 * (((-0.5 + ((max(0, [-0.066 -0.629  0.077  0.02  -0.144  0.111 -0.32  -0.265] *dot* obs[:] + -0.332) * 2.0) + max(0, [ 0.588 -1.745  0.869 -1.338 -0.239 -0.785 -1.053 -0.205] *dot* obs[:] + -0.025))) * obs[6]) * -0.5)) < max(0, [-0.204 -1.09   1.643  1.478 -3.108 -0.065  0.714 -1.397] *dot* obs[:] + -0.509)) then: act = 3 else: act = 2) else: act = 0) else: act = 0)

Current best:  -37.26754352782048
(if (max(0, [ 0.125 -0.278  0.165  0.09  -0.053  0.228 -0.451 -0.36 ] *dot* obs[:] + -0.499) < max(0, [ 0.588 -1.745  0.869 -1.338 -0.239 -0.785 -1.053 -0.205] *dot* obs[:] + -0.025)) then: (if (-0.5 < (2.0 * obs[4])) then: (if ((0.0 * (((-0.5 + ((max(0, [-0.066 -0.629  0.077  0.02  -0.144  0.111 -0.32  -0.265] *dot* obs[:] + -0.332) * 2.0) + max(0, [ 0.588 -1.745  0.869 -1.338 -0.239 -0.785 -1.053 -0.205] *dot* obs[:] + -0.025))) * obs[6]) * -0.5)) < max(0, [-0.204 -1.09   1.643  1.478 -3.108 -0.065  0.714 -1.397] *dot* obs[:] + -0.509)) then: act = 3 else: act = 2) else: act = 0) else: act = 0)

Current best:  -36.26905568899335
(if (max(0, [ 0.125 -0.278  0.165  0.09  -0.053  0.228 -0.451 -0.36 ] *dot* obs[:] + -0.499) < max(0, [ 0.588 -1.745  0.869 -1.338 -0.239 -0.785 -1.053 -0.205] *dot* obs[:] + -0.025)) then: (if (-0.5 < (2.0 * obs[4])) then: (if ((0.0 * 1.0) < max(0, [-0.204 -1.09   1.643  1.478 -3.108 -0.065  0.714 -1.397] *dot* obs[:] + -0.509)) then: act = 3 else: act = 2) else: act = 0) else: act = 0)
