created virtual environment CPython3.6.10.final.0-64 in 8600ms
  creator CPython3Posix(dest=/localscratch/orfanos.25130013.0/env, clear=False, global=False)
  seeder FromAppData(download=False, pip=latest, setuptools=latest, wheel=latest, via=copy, app_data_dir=/home/orfanos/.local/share/virtualenv/seed-app-data/v1.0.1)
  activators BashActivator,CShellActivator,FishActivator,PowerShellActivator,PythonActivator,XonshActivator
Ignoring pip: markers 'python_version < "3"' don't match your environment
Looking in links: /cvmfs/soft.computecanada.ca/custom/python/wheelhouse/gentoo/avx512, /cvmfs/soft.computecanada.ca/custom/python/wheelhouse/gentoo/avx2, /cvmfs/soft.computecanada.ca/custom/python/wheelhouse/gentoo/generic, /cvmfs/soft.computecanada.ca/custom/python/wheelhouse/generic
Processing /cvmfs/soft.computecanada.ca/custom/python/wheelhouse/generic/pip-21.2.3+computecanada-py3-none-any.whl
Installing collected packages: pip
  Attempting uninstall: pip
    Found existing installation: pip 20.0.2
    Uninstalling pip-20.0.2:
      Successfully uninstalled pip-20.0.2
Successfully installed pip-21.2.3+computecanada
Looking in links: /cvmfs/soft.computecanada.ca/custom/python/wheelhouse/gentoo/avx512, /cvmfs/soft.computecanada.ca/custom/python/wheelhouse/gentoo/avx2, /cvmfs/soft.computecanada.ca/custom/python/wheelhouse/gentoo/generic, /cvmfs/soft.computecanada.ca/custom/python/wheelhouse/generic
Processing /cvmfs/soft.computecanada.ca/custom/python/wheelhouse/generic/torch-1.6.0+computecanada-cp36-cp36m-linux_x86_64.whl
Processing /cvmfs/soft.computecanada.ca/custom/python/wheelhouse/generic/bayesian_optimization-1.2.0-py3-none-any.whl
Processing /cvmfs/soft.computecanada.ca/custom/python/wheelhouse/generic/cloudpickle-1.6.0+computecanada-py3-none-any.whl
Processing /cvmfs/soft.computecanada.ca/custom/python/wheelhouse/generic/future-0.18.2+computecanada-py3-none-any.whl
Processing /cvmfs/soft.computecanada.ca/custom/python/wheelhouse/generic/gym-0.18.0+computecanada-py3-none-any.whl
Processing /cvmfs/soft.computecanada.ca/custom/python/wheelhouse/gentoo/generic/box2d_py-2.3.5+computecanada-cp36-cp36m-linux_x86_64.whl
Processing /cvmfs/soft.computecanada.ca/custom/python/wheelhouse/generic/joblib-1.0.1+computecanada-py3-none-any.whl
Processing /cvmfs/soft.computecanada.ca/custom/python/wheelhouse/generic/pandas-1.0.3+computecanada-cp36-cp36m-linux_x86_64.whl
Processing /cvmfs/soft.computecanada.ca/custom/python/wheelhouse/generic/Pillow-7.2.0+computecanada-cp36-cp36m-linux_x86_64.whl
Processing /cvmfs/soft.computecanada.ca/custom/python/wheelhouse/generic/pyglet-1.5.0+computecanada-py2.py3-none-any.whl
Processing /cvmfs/soft.computecanada.ca/custom/python/wheelhouse/gentoo/generic/scikit_learn-0.24.1+computecanada-cp36-cp36m-linux_x86_64.whl
Processing /cvmfs/soft.computecanada.ca/custom/python/wheelhouse/gentoo/generic/scipy-1.4.1+computecanada-cp36-cp36m-linux_x86_64.whl
Processing /cvmfs/soft.computecanada.ca/custom/python/wheelhouse/generic/threadpoolctl-2.1.0+computecanada-py3-none-any.whl
Processing /cvmfs/soft.computecanada.ca/custom/python/wheelhouse/gentoo/generic/numpy-1.19.5+computecanada-cp36-cp36m-linux_x86_64.whl
Processing /cvmfs/soft.computecanada.ca/custom/python/wheelhouse/generic/pytz-2021.1+computecanada-py3-none-any.whl
Processing /cvmfs/soft.computecanada.ca/custom/python/wheelhouse/generic/python_dateutil-2.8.2+computecanada-py2.py3-none-any.whl
Processing /cvmfs/soft.computecanada.ca/custom/python/wheelhouse/generic/six-1.16.0+computecanada-py2.py3-none-any.whl
Installing collected packages: numpy, threadpoolctl, six, scipy, joblib, future, scikit-learn, pytz, python-dateutil, pyglet, Pillow, cloudpickle, torch, pandas, gym, Box2d-py, bayesian-optimization
Successfully installed Box2d-py-2.3.5+computecanada Pillow-7.2.0+computecanada bayesian-optimization-1.2.0 cloudpickle-1.6.0+computecanada future-0.18.2+computecanada gym-0.18.0+computecanada joblib-1.0.1+computecanada numpy-1.19.5+computecanada pandas-1.0.3+computecanada pyglet-1.5.0+computecanada python-dateutil-2.8.2+computecanada pytz-2021.1+computecanada scikit-learn-0.24.1+computecanada scipy-1.4.1+computecanada six-1.16.0+computecanada threadpoolctl-2.1.0+computecanada torch-1.6.0+computecanada
RUN
Environment
/home/orfanos/MastersResearch_orfanos/NeurPiRL_SA/LunarLander/SimulatedAnnealing.py:175: RuntimeWarning: overflow encountered in exp
  return np.exp(self.beta * (next_score - current_score) / self.current_temperature)
/home/orfanos/MastersResearch_orfanos/NeurPiRL_SA/LunarLander/SimulatedAnnealing.py:175: RuntimeWarning: overflow encountered in exp
  return np.exp(self.beta * (next_score - current_score) / self.current_temperature)

Current best:  -532.3625933640695
(if ((obs[3] + ((5.0 + max(0, [-0.003 -0.464  0.358  0.363  0.087 -0.034 -0.465  0.042] *dot* obs[:] + -0.62)) + 0.5)) < obs[3]) then: act = 3 else: act = 3)

Current best:  -376.02646722559325
(if (max(0, [ 0.087 -0.718  0.097  0.062 -0.34   0.008 -0.224 -0.341] *dot* obs[:] + -0.524) < 0.5) then: (if ((obs[3] * 0.5) < (obs[6] * obs[1])) then: act = 2 else: act = 0) else: act = 0)

Current best:  -341.31816060823434
(if (max(0, [ 0.087 -0.718  0.097  0.062 -0.34   0.008 -0.224 -0.341] *dot* obs[:] + -0.524) < 0.42177183363894527) then: (if ((obs[3] * 0.5) < obs[5]) then: act = 2 else: act = 0) else: act = 0)

Current best:  -132.23830008084857
(if (max(0, [ 0.087 -0.718  0.097  0.062 -0.34   0.008 -0.224 -0.341] *dot* obs[:] + -0.524) < 0.42177183363894527) then: (if (5.0 < obs[5]) then: act = 2 else: act = 0) else: act = 0)

Current best:  -129.15968685801607
(if (max(0, [ 0.087 -0.718  0.097  0.062 -0.34   0.008 -0.224 -0.341] *dot* obs[:] + -0.524) < max(0, [ 0.223 -0.598 -0.482 -2.649 -0.201  0.064 -1.59  -1.79 ] *dot* obs[:] + -0.071)) then: (if (5.0 < obs[5]) then: act = 2 else: act = 0) else: act = 0)

Current best:  -115.57282285121201
(if (max(0, [ 0.087 -0.718  0.097  0.062 -0.34   0.008 -0.224 -0.341] *dot* obs[:] + -0.524) < max(0, [ 0.223 -0.598 -0.482 -2.649 -0.201  0.064 -1.59  -1.79 ] *dot* obs[:] + -0.071)) then: act = 0 else: act = 0)

Current best:  -113.13368876746331
(if (max(0, [ 0.087 -0.718  0.097  0.062 -0.34   0.008 -0.224 -0.341] *dot* obs[:] + -0.524) < max(0, [ 0.251 -0.345 -0.105  0.144 -0.014  0.471 -0.913 -0.045] *dot* obs[:] + -0.661)) then: act = 0 else: act = 0)

Current best:  -109.45374862109884
(if (max(0, [ 0.087 -0.718  0.097  0.062 -0.34   0.008 -0.224 -0.341] *dot* obs[:] + -0.524) < 0.5) then: act = 0 else: act = 0)

Current best:  -102.84804060854772
(if (1.0880451305444379 < (obs[5] + (((((obs[3] + max(0, [-0.335 -0.423  0.753  0.357 -0.248 -0.393 -0.298 -0.499] *dot* obs[:] + -0.783)) + (((((((max(0, [-0.114 -0.475  0.139  0.349 -0.085  0.086 -0.315 -0.014] *dot* obs[:] + -0.333) + max(0, [-0.193 -0.78   0.09  -0.234 -0.396 -0.203 -0.101 -0.342] *dot* obs[:] + -0.636)) + -0.5) * max(0, [ 1.330e-01  7.210e-01 -3.000e-03 -6.970e-01 -4.824e+00  1.960e-01
 -9.300e-02  5.200e-01] *dot* obs[:] + -0.808)) * (5.0 * ((obs[0] + max(0, [ 0.216 -0.049  0.019 -0.052 -0.087  0.183 -0.035 -0.191] *dot* obs[:] + -0.423)) * obs[1]))) * 0.5) + obs[0]) * obs[2])) * 5.0) * (1.0 * (((0.5 * max(0, [-0.114 -0.475  0.139  0.349 -0.085  0.086 -0.315 -0.014] *dot* obs[:] + -0.333)) + max(0, [-0.814 -0.151 -0.999 -0.629  1.401  1.536 -1.207 -1.22 ] *dot* obs[:] + 0.107)) * (0.5 + obs[5])))) + 4.974471519972536))) then: act = 0 else: act = 2)

Current best:  -94.40424010815318
(if (1.0274420295454623 < (obs[5] + (((((obs[3] + max(0, [-0.335 -0.423  0.753  0.357 -0.248 -0.393 -0.298 -0.499] *dot* obs[:] + -0.783)) + (((((((max(0, [-0.114 -0.475  0.139  0.349 -0.085  0.086 -0.315 -0.014] *dot* obs[:] + -0.333) + max(0, [-0.193 -0.78   0.09  -0.234 -0.396 -0.203 -0.101 -0.342] *dot* obs[:] + -0.636)) + -0.5) * max(0, [ 0.058 -0.027 -0.071 -0.248 -0.036  0.151 -0.257 -0.394] *dot* obs[:] + -0.416)) * (5.0 * ((obs[0] + max(0, [ 0.216 -0.049  0.019 -0.052 -0.087  0.183 -0.035 -0.191] *dot* obs[:] + -0.423)) * obs[1]))) * 0.5) + obs[0]) * obs[2])) * 5.0) * (1.0 * (((0.5 * max(0, [-0.114 -0.475  0.139  0.349 -0.085  0.086 -0.315 -0.014] *dot* obs[:] + -0.333)) + max(0, [-0.814 -0.151 -0.999 -0.629  1.401  1.536 -1.207 -1.22 ] *dot* obs[:] + 0.107)) * (0.5 + obs[5])))) + 5.455365875477848))) then: act = 0 else: act = 2)

Current best:  -94.35626993716915
(if (1.1627641531301602 < (obs[5] + (((((obs[3] + max(0, [-0.335 -0.423  0.753  0.357 -0.248 -0.393 -0.298 -0.499] *dot* obs[:] + -0.783)) + (((((((max(0, [-0.114 -0.475  0.139  0.349 -0.085  0.086 -0.315 -0.014] *dot* obs[:] + -0.333) + max(0, [-0.193 -0.78   0.09  -0.234 -0.396 -0.203 -0.101 -0.342] *dot* obs[:] + -0.636)) + -0.5) * max(0, [ 0.058 -0.027 -0.071 -0.248 -0.036  0.151 -0.257 -0.394] *dot* obs[:] + -0.416)) * obs[7]) * 0.5) + obs[0]) * obs[2])) * 5.0) * (1.0 * (((0.5 * max(0, [-0.114 -0.475  0.139  0.349 -0.085  0.086 -0.315 -0.014] *dot* obs[:] + -0.333)) + max(0, [-0.814 -0.151 -0.999 -0.629  1.401  1.536 -1.207 -1.22 ] *dot* obs[:] + 0.107)) * (0.5 + obs[5])))) + 6.707460771001553))) then: act = 0 else: act = 2)

Current best:  -87.53980560433278
(if (1.3047586581922654 < (obs[5] + (((((obs[3] + max(0, [-0.335 -0.423  0.753  0.357 -0.248 -0.393 -0.298 -0.499] *dot* obs[:] + -0.783)) + (obs[2] * obs[2])) * 5.0) * (1.0 * (((0.5 * max(0, [-0.114 -0.475  0.139  0.349 -0.085  0.086 -0.315 -0.014] *dot* obs[:] + -0.333)) + max(0, [-0.814 -0.151 -0.999 -0.629  1.401  1.536 -1.207 -1.22 ] *dot* obs[:] + 0.107)) * (0.5 + obs[5])))) + 6.3783811175908145))) then: act = 0 else: act = 2)
