FileNotFoundError: 'activate.sh' resource not found in 'virtualenv.activation.bash'
Exception in thread Thread-1:
Traceback (most recent call last):
  File "/cvmfs/soft.computecanada.ca/easybuild/software/2020/avx512/Core/python/3.6.10/lib/python3.6/threading.py", line 916, in _bootstrap_inner
  File "/cvmfs/soft.computecanada.ca/easybuild/software/2020/avx512/Core/python/3.6.10/lib/python3.6/threading.py", line 864, in run
  File "/cvmfs/soft.computecanada.ca/easybuild/software/2020/avx512/Core/python/3.6.10/lib/python3.6/site-packages/virtualenv/seed/via_app_data/via_app_data.py", line 75, in _get
  File "/cvmfs/soft.computecanada.ca/easybuild/software/2020/avx512/Core/python/3.6.10/lib/python3.6/site-packages/virtualenv/seed/embed/wheels/acquire.py", line 28, in get_wheels
  File "/cvmfs/soft.computecanada.ca/easybuild/software/2020/avx512/Core/python/3.6.10/lib/python3.6/site-packages/virtualenv/seed/embed/wheels/acquire.py", line 57, in acquire_from_bundle
  File "/cvmfs/soft.computecanada.ca/easybuild/software/2020/avx512/Core/python/3.6.10/lib/python3.6/shutil.py", line 264, in copy2
  File "/cvmfs/soft.computecanada.ca/easybuild/software/2020/avx512/Core/python/3.6.10/lib/python3.6/shutil.py", line 229, in copystat
  File "/cvmfs/soft.computecanada.ca/easybuild/software/2020/avx512/Core/python/3.6.10/lib/python3.6/shutil.py", line 164, in _copyxattr
ConnectionAbortedError: [Errno 103] Software caused connection abort: '/cvmfs/soft.computecanada.ca/easybuild/software/2020/avx512/Core/python/3.6.10/lib/python3.6/site-packages/virtualenv/seed/embed/wheels/pip-20.0.2-py2.py3-none-any.whl'

/var/spool/slurmd/job27708127/slurm_script: line 7: 253885 Bus error               (core dumped) virtualenv --no-download $SLURM_TMPDIR/env
/var/spool/slurmd/job27708127/slurm_script: line 8: /localscratch/orfanos.27708127.0/env/bin/activate: No such file or directory
/var/spool/slurmd/job27708127/slurm_script: /home/orfanos/.local/bin/pip: /cvmfs/soft.computecanada.ca/easybuild/software/2020/avx512/Core/python/3.6.10: bad interpreter: Transport endpoint is not connected
/var/spool/slurmd/job27708127/slurm_script: /home/orfanos/.local/bin/pip: /cvmfs/soft.computecanada.ca/easybuild/software/2020/avx512/Core/python/3.6.10: bad interpreter: Transport endpoint is not connected
Traceback (most recent call last):
  File "main.py", line 3, in <module>
    from SimulatedAnnealing import SimulatedAnnealing
  File "/home/orfanos/MastersResearch_orfanos/NeurPiRL_SA/LunarLander/SimulatedAnnealing.py", line 1, in <module>
    from DSL import *
  File "/home/orfanos/MastersResearch_orfanos/NeurPiRL_SA/LunarLander/DSL.py", line 1, in <module>
    import numpy as np
ImportError: No module named numpy
