created virtual environment CPython3.6.10.final.0-64 in 14065ms
  creator CPython3Posix(dest=/localscratch/orfanos.25136217.0/env, clear=False, global=False)
  seeder FromAppData(download=False, pip=latest, setuptools=latest, wheel=latest, via=copy, app_data_dir=/home/orfanos/.local/share/virtualenv/seed-app-data/v1.0.1)
  activators BashActivator,CShellActivator,FishActivator,PowerShellActivator,PythonActivator,XonshActivator
Ignoring pip: markers 'python_version < "3"' don't match your environment
Looking in links: /cvmfs/soft.computecanada.ca/custom/python/wheelhouse/gentoo/avx512, /cvmfs/soft.computecanada.ca/custom/python/wheelhouse/gentoo/avx2, /cvmfs/soft.computecanada.ca/custom/python/wheelhouse/gentoo/generic, /cvmfs/soft.computecanada.ca/custom/python/wheelhouse/generic
Processing /cvmfs/soft.computecanada.ca/custom/python/wheelhouse/generic/pip-21.2.3+computecanada-py3-none-any.whl
Installing collected packages: pip
  Attempting uninstall: pip
    Found existing installation: pip 20.0.2
    Uninstalling pip-20.0.2:
      Successfully uninstalled pip-20.0.2
Successfully installed pip-21.2.3+computecanada
Looking in links: /cvmfs/soft.computecanada.ca/custom/python/wheelhouse/gentoo/avx512, /cvmfs/soft.computecanada.ca/custom/python/wheelhouse/gentoo/avx2, /cvmfs/soft.computecanada.ca/custom/python/wheelhouse/gentoo/generic, /cvmfs/soft.computecanada.ca/custom/python/wheelhouse/generic
Processing /cvmfs/soft.computecanada.ca/custom/python/wheelhouse/generic/torch-1.6.0+computecanada-cp36-cp36m-linux_x86_64.whl
Processing /cvmfs/soft.computecanada.ca/custom/python/wheelhouse/generic/bayesian_optimization-1.2.0-py3-none-any.whl
Processing /cvmfs/soft.computecanada.ca/custom/python/wheelhouse/generic/cloudpickle-1.6.0+computecanada-py3-none-any.whl
Processing /cvmfs/soft.computecanada.ca/custom/python/wheelhouse/generic/future-0.18.2+computecanada-py3-none-any.whl
Processing /cvmfs/soft.computecanada.ca/custom/python/wheelhouse/generic/gym-0.18.0+computecanada-py3-none-any.whl
Processing /cvmfs/soft.computecanada.ca/custom/python/wheelhouse/gentoo/generic/box2d_py-2.3.5+computecanada-cp36-cp36m-linux_x86_64.whl
Processing /cvmfs/soft.computecanada.ca/custom/python/wheelhouse/generic/joblib-1.0.1+computecanada-py3-none-any.whl
Processing /cvmfs/soft.computecanada.ca/custom/python/wheelhouse/generic/pandas-1.0.3+computecanada-cp36-cp36m-linux_x86_64.whl
Processing /cvmfs/soft.computecanada.ca/custom/python/wheelhouse/generic/Pillow-7.2.0+computecanada-cp36-cp36m-linux_x86_64.whl
Processing /cvmfs/soft.computecanada.ca/custom/python/wheelhouse/generic/pyglet-1.5.0+computecanada-py2.py3-none-any.whl
Processing /cvmfs/soft.computecanada.ca/custom/python/wheelhouse/gentoo/generic/scikit_learn-0.24.1+computecanada-cp36-cp36m-linux_x86_64.whl
Processing /cvmfs/soft.computecanada.ca/custom/python/wheelhouse/gentoo/generic/scipy-1.4.1+computecanada-cp36-cp36m-linux_x86_64.whl
Processing /cvmfs/soft.computecanada.ca/custom/python/wheelhouse/generic/threadpoolctl-2.1.0+computecanada-py3-none-any.whl
Processing /cvmfs/soft.computecanada.ca/custom/python/wheelhouse/gentoo/generic/numpy-1.19.5+computecanada-cp36-cp36m-linux_x86_64.whl
Processing /cvmfs/soft.computecanada.ca/custom/python/wheelhouse/generic/pytz-2021.1+computecanada-py3-none-any.whl
Processing /cvmfs/soft.computecanada.ca/custom/python/wheelhouse/generic/python_dateutil-2.8.2+computecanada-py2.py3-none-any.whl
Processing /cvmfs/soft.computecanada.ca/custom/python/wheelhouse/generic/six-1.16.0+computecanada-py2.py3-none-any.whl
Installing collected packages: numpy, threadpoolctl, six, scipy, joblib, future, scikit-learn, pytz, python-dateutil, pyglet, Pillow, cloudpickle, torch, pandas, gym, Box2d-py, bayesian-optimization
Successfully installed Box2d-py-2.3.5+computecanada Pillow-7.2.0+computecanada bayesian-optimization-1.2.0 cloudpickle-1.6.0+computecanada future-0.18.2+computecanada gym-0.18.0+computecanada joblib-1.0.1+computecanada numpy-1.19.5+computecanada pandas-1.0.3+computecanada pyglet-1.5.0+computecanada python-dateutil-2.8.2+computecanada pytz-2021.1+computecanada scikit-learn-0.24.1+computecanada scipy-1.4.1+computecanada six-1.16.0+computecanada threadpoolctl-2.1.0+computecanada torch-1.6.0+computecanada
RUN
Environment
/home/orfanos/MastersResearch_orfanos/NeurPiRL_SA/LunarLander/SimulatedAnnealing.py:175: RuntimeWarning: overflow encountered in exp
  return np.exp(self.beta * (next_score - current_score) / self.current_temperature)
/home/orfanos/MastersResearch_orfanos/NeurPiRL_SA/LunarLander/SimulatedAnnealing.py:175: RuntimeWarning: overflow encountered in exp
  return np.exp(self.beta * (next_score - current_score) / self.current_temperature)
/home/orfanos/MastersResearch_orfanos/NeurPiRL_SA/LunarLander/SimulatedAnnealing.py:175: RuntimeWarning: overflow encountered in exp
  return np.exp(self.beta * (next_score - current_score) / self.current_temperature)
/home/orfanos/MastersResearch_orfanos/NeurPiRL_SA/LunarLander/SimulatedAnnealing.py:175: RuntimeWarning: overflow encountered in exp
  return np.exp(self.beta * (next_score - current_score) / self.current_temperature)
/home/orfanos/MastersResearch_orfanos/NeurPiRL_SA/LunarLander/SimulatedAnnealing.py:175: RuntimeWarning: overflow encountered in exp
  return np.exp(self.beta * (next_score - current_score) / self.current_temperature)
/home/orfanos/MastersResearch_orfanos/NeurPiRL_SA/LunarLander/SimulatedAnnealing.py:175: RuntimeWarning: overflow encountered in exp
  return np.exp(self.beta * (next_score - current_score) / self.current_temperature)
/home/orfanos/MastersResearch_orfanos/NeurPiRL_SA/LunarLander/SimulatedAnnealing.py:175: RuntimeWarning: overflow encountered in exp
  return np.exp(self.beta * (next_score - current_score) / self.current_temperature)
/home/orfanos/MastersResearch_orfanos/NeurPiRL_SA/LunarLander/SimulatedAnnealing.py:175: RuntimeWarning: overflow encountered in exp
  return np.exp(self.beta * (next_score - current_score) / self.current_temperature)
/home/orfanos/MastersResearch_orfanos/NeurPiRL_SA/LunarLander/SimulatedAnnealing.py:175: RuntimeWarning: overflow encountered in exp
  return np.exp(self.beta * (next_score - current_score) / self.current_temperature)
/home/orfanos/MastersResearch_orfanos/NeurPiRL_SA/LunarLander/SimulatedAnnealing.py:175: RuntimeWarning: overflow encountered in exp
  return np.exp(self.beta * (next_score - current_score) / self.current_temperature)
/home/orfanos/MastersResearch_orfanos/NeurPiRL_SA/LunarLander/SimulatedAnnealing.py:175: RuntimeWarning: overflow encountered in exp
  return np.exp(self.beta * (next_score - current_score) / self.current_temperature)
/home/orfanos/MastersResearch_orfanos/NeurPiRL_SA/LunarLander/SimulatedAnnealing.py:175: RuntimeWarning: overflow encountered in exp
  return np.exp(self.beta * (next_score - current_score) / self.current_temperature)
/home/orfanos/MastersResearch_orfanos/NeurPiRL_SA/LunarLander/SimulatedAnnealing.py:175: RuntimeWarning: overflow encountered in exp
  return np.exp(self.beta * (next_score - current_score) / self.current_temperature)
/home/orfanos/MastersResearch_orfanos/NeurPiRL_SA/LunarLander/SimulatedAnnealing.py:175: RuntimeWarning: overflow encountered in exp
  return np.exp(self.beta * (next_score - current_score) / self.current_temperature)
/home/orfanos/MastersResearch_orfanos/NeurPiRL_SA/LunarLander/SimulatedAnnealing.py:175: RuntimeWarning: overflow encountered in exp
  return np.exp(self.beta * (next_score - current_score) / self.current_temperature)
/home/orfanos/MastersResearch_orfanos/NeurPiRL_SA/LunarLander/SimulatedAnnealing.py:175: RuntimeWarning: overflow encountered in exp
  return np.exp(self.beta * (next_score - current_score) / self.current_temperature)
/home/orfanos/MastersResearch_orfanos/NeurPiRL_SA/LunarLander/SimulatedAnnealing.py:175: RuntimeWarning: overflow encountered in exp
  return np.exp(self.beta * (next_score - current_score) / self.current_temperature)
/home/orfanos/MastersResearch_orfanos/NeurPiRL_SA/LunarLander/SimulatedAnnealing.py:175: RuntimeWarning: overflow encountered in exp
  return np.exp(self.beta * (next_score - current_score) / self.current_temperature)
/home/orfanos/MastersResearch_orfanos/NeurPiRL_SA/LunarLander/SimulatedAnnealing.py:175: RuntimeWarning: overflow encountered in exp
  return np.exp(self.beta * (next_score - current_score) / self.current_temperature)
/home/orfanos/MastersResearch_orfanos/NeurPiRL_SA/LunarLander/SimulatedAnnealing.py:175: RuntimeWarning: overflow encountered in exp
  return np.exp(self.beta * (next_score - current_score) / self.current_temperature)
/home/orfanos/MastersResearch_orfanos/NeurPiRL_SA/LunarLander/SimulatedAnnealing.py:175: RuntimeWarning: overflow encountered in exp
  return np.exp(self.beta * (next_score - current_score) / self.current_temperature)
/home/orfanos/MastersResearch_orfanos/NeurPiRL_SA/LunarLander/SimulatedAnnealing.py:175: RuntimeWarning: overflow encountered in exp
  return np.exp(self.beta * (next_score - current_score) / self.current_temperature)
/home/orfanos/MastersResearch_orfanos/NeurPiRL_SA/LunarLander/SimulatedAnnealing.py:175: RuntimeWarning: overflow encountered in exp
  return np.exp(self.beta * (next_score - current_score) / self.current_temperature)
/home/orfanos/MastersResearch_orfanos/NeurPiRL_SA/LunarLander/SimulatedAnnealing.py:175: RuntimeWarning: overflow encountered in exp
  return np.exp(self.beta * (next_score - current_score) / self.current_temperature)
/home/orfanos/MastersResearch_orfanos/NeurPiRL_SA/LunarLander/SimulatedAnnealing.py:175: RuntimeWarning: overflow encountered in exp
  return np.exp(self.beta * (next_score - current_score) / self.current_temperature)
/home/orfanos/MastersResearch_orfanos/NeurPiRL_SA/LunarLander/SimulatedAnnealing.py:175: RuntimeWarning: overflow encountered in exp
  return np.exp(self.beta * (next_score - current_score) / self.current_temperature)
/home/orfanos/MastersResearch_orfanos/NeurPiRL_SA/LunarLander/SimulatedAnnealing.py:175: RuntimeWarning: overflow encountered in exp
  return np.exp(self.beta * (next_score - current_score) / self.current_temperature)
/home/orfanos/MastersResearch_orfanos/NeurPiRL_SA/LunarLander/SimulatedAnnealing.py:175: RuntimeWarning: overflow encountered in exp
  return np.exp(self.beta * (next_score - current_score) / self.current_temperature)
/home/orfanos/MastersResearch_orfanos/NeurPiRL_SA/LunarLander/SimulatedAnnealing.py:175: RuntimeWarning: overflow encountered in exp
  return np.exp(self.beta * (next_score - current_score) / self.current_temperature)
/home/orfanos/MastersResearch_orfanos/NeurPiRL_SA/LunarLander/SimulatedAnnealing.py:175: RuntimeWarning: overflow encountered in exp
  return np.exp(self.beta * (next_score - current_score) / self.current_temperature)
/home/orfanos/MastersResearch_orfanos/NeurPiRL_SA/LunarLander/SimulatedAnnealing.py:175: RuntimeWarning: overflow encountered in exp
  return np.exp(self.beta * (next_score - current_score) / self.current_temperature)
/home/orfanos/MastersResearch_orfanos/NeurPiRL_SA/LunarLander/SimulatedAnnealing.py:175: RuntimeWarning: overflow encountered in exp
  return np.exp(self.beta * (next_score - current_score) / self.current_temperature)
/home/orfanos/MastersResearch_orfanos/NeurPiRL_SA/LunarLander/SimulatedAnnealing.py:175: RuntimeWarning: overflow encountered in exp
  return np.exp(self.beta * (next_score - current_score) / self.current_temperature)
/home/orfanos/MastersResearch_orfanos/NeurPiRL_SA/LunarLander/SimulatedAnnealing.py:175: RuntimeWarning: overflow encountered in exp
  return np.exp(self.beta * (next_score - current_score) / self.current_temperature)
/home/orfanos/MastersResearch_orfanos/NeurPiRL_SA/LunarLander/SimulatedAnnealing.py:175: RuntimeWarning: overflow encountered in exp
  return np.exp(self.beta * (next_score - current_score) / self.current_temperature)

Current best:  -620.406798785934
(if (((max(0, [ 0.032 -0.398  0.147  0.291 -0.139 -0.015 -0.381 -0.009] *dot* obs[:] + -0.427) + obs[3]) * obs[0]) < 4.863287402033444) then: act = 2 else: act = 0)

Current best:  -559.2316023942273
act = 3

Current best:  -362.3232976301969
(if ((1.0 + (1.0 + obs[4])) < 1.0) then: act = 0 else: (if ((obs[0] + max(0, [ 1.027 -0.495  0.31  -0.271 -0.34  -0.514 -0.469 -0.427] *dot* obs[:] + -0.04)) < (obs[4] * max(0, [-0.006 -0.192 -0.265  0.054  0.009 -0.054 -0.351 -0.307] *dot* obs[:] + -0.725))) then: (if (5.0 < obs[6]) then: act = 1 else: (if (obs[5] < obs[3]) then: act = 3 else: act = 0)) else: (if (obs[0] < 5.0) then: act = 3 else: (if (obs[1] < obs[5]) then: act = 3 else: act = 3))))

Current best:  -193.5766104409533
(if ((0.9956266262757194 + (0.9510140016501378 + obs[4])) < 1.0610622087886628) then: act = 0 else: (if ((obs[0] + max(0, [ 1.027 -0.495  0.31  -0.271 -0.34  -0.514 -0.469 -0.427] *dot* obs[:] + -0.04)) < (obs[4] * max(0, [-0.006 -0.192 -0.265  0.054  0.009 -0.054 -0.351 -0.307] *dot* obs[:] + -0.725))) then: (if (5.029238415778096 < obs[6]) then: act = 1 else: (if (obs[1] < obs[3]) then: act = 3 else: act = 0)) else: (if (obs[0] < 4.952656047298531) then: act = 3 else: (if (obs[1] < obs[5]) then: act = 3 else: act = 3))))

Current best:  -191.41462639692287
(if ((0.623395032869619 + (0.821214443658272 + obs[4])) < 1.3008384337253456) then: act = 0 else: (if ((obs[0] + (max(0, [ 0.165 -0.404 -0.016 -0.07  -0.013  0.004 -0.051  0.039] *dot* obs[:] + -0.577) + (max(0, [ 0.501 -0.567  0.6   -1.497 -0.839  1.048  0.861 -1.105] *dot* obs[:] + -0.778) + 0.0))) < (obs[4] * max(0, [-0.006 -0.192 -0.265  0.054  0.009 -0.054 -0.351 -0.307] *dot* obs[:] + -0.725))) then: (if (5.266100437644686 < obs[6]) then: act = 1 else: (if (obs[1] < obs[3]) then: act = 3 else: act = 0)) else: (if (obs[0] < 4.988877283453121) then: act = 3 else: (if (obs[1] < obs[5]) then: act = 3 else: act = 3))))

Current best:  -166.94049861470603
(if ((0.623395032869619 + (0.821214443658272 + obs[4])) < 1.3008384337253456) then: act = 0 else: (if ((obs[0] + (max(0, [ 0.165 -0.404 -0.016 -0.07  -0.013  0.004 -0.051  0.039] *dot* obs[:] + -0.577) + (max(0, [ 0.501 -0.567  0.6   -1.497 -0.839  1.048  0.861 -1.105] *dot* obs[:] + -0.778) + 0.0))) < (obs[4] * max(0, [-0.006 -0.192 -0.265  0.054  0.009 -0.054 -0.351 -0.307] *dot* obs[:] + -0.725))) then: (if (5.266100437644686 < obs[6]) then: act = 1 else: (if (obs[1] < obs[3]) then: act = 3 else: act = 0)) else: (if (obs[0] < 4.988877283453121) then: act = 3 else: (if (obs[1] < obs[5]) then: act = 3 else: act = 3))))

Current best:  -132.59604700053757
(if ((0.5506529445184768 + (0.7258570800837275 + obs[4])) < 1.3925182891580465) then: act = 0 else: (if ((obs[0] + (max(0, [ 0.165 -0.404 -0.016 -0.07  -0.013  0.004 -0.051  0.039] *dot* obs[:] + -0.577) + (max(0, [ 0.501 -0.567  0.6   -1.497 -0.839  1.048  0.861 -1.105] *dot* obs[:] + -0.778) + 0.0956188184936056))) < (obs[4] * max(0, [-0.006 -0.192 -0.265  0.054  0.009 -0.054 -0.351 -0.307] *dot* obs[:] + -0.725))) then: (if (((0.0 * 1.0) + ((5.0 + 5.0) + obs[6])) < obs[3]) then: (if ((-0.5 + (0.5 * max(0, [ 0.21  -0.463  0.031 -0.241  0.33  -0.224 -0.029 -0.055] *dot* obs[:] + -0.718))) < max(0, [-0.325 -1.161  0.331  0.255 -1.359 -0.189 -0.151 -1.668] *dot* obs[:] + -0.695)) then: (if ((0.0 * obs[7]) < obs[6]) then: (if (max(0, [-0.005 -0.524 -0.134  0.489 -0.329  0.018 -0.411  0.249] *dot* obs[:] + -0.499) < 5.0) then: act = 3 else: (if (0.0 < -0.5) then: act = 2 else: act = 1)) else: act = 2) else: (if ((obs[3] * max(0, [ 0.019 -0.139 -0.104 -0.062 -0.171  0.013 -0.555 -0.258] *dot* obs[:] + -0.553)) < obs[0]) then: (if (0.5 < obs[2]) then: (if (max(0, [ 0.546 -0.088  0.416  0.542  0.022 -0.009 -0.803 -1.037] *dot* obs[:] + -0.531) < 0.5) then: act = 1 else: act = 3) else: (if (max(0, [ 0.297 -4.508  0.911  1.828 -0.617 -0.437 -0.428  0.403] *dot* obs[:] + 1.488) < max(0, [-1.641 -0.628 -0.211 -2.119  0.795  1.682 -0.556 -0.567] *dot* obs[:] + -0.591)) then: act = 0 else: act = 2)) else: act = 0)) else: act = 0) else: (if (obs[0] < 5.07432689998192) then: act = 3 else: (if (obs[1] < obs[5]) then: act = 3 else: act = 3))))

Current best:  -122.57929022446538
(if ((0.5506529445184768 + (0.7258570800837275 + obs[4])) < 1.3925182891580465) then: act = 0 else: (if ((obs[0] + (max(0, [ 0.165 -0.404 -0.016 -0.07  -0.013  0.004 -0.051  0.039] *dot* obs[:] + -0.577) + (max(0, [ 0.501 -0.567  0.6   -1.497 -0.839  1.048  0.861 -1.105] *dot* obs[:] + -0.778) + 0.0956188184936056))) < (obs[4] * max(0, [-0.006 -0.192 -0.265  0.054  0.009 -0.054 -0.351 -0.307] *dot* obs[:] + -0.725))) then: (if (((0.0 * 1.0) + ((5.0 + 5.0) + obs[6])) < obs[3]) then: act = 2 else: act = 0) else: (if (obs[0] < 5.07432689998192) then: act = 3 else: (if (obs[1] < obs[5]) then: act = 3 else: act = 3))))

Current best:  -118.24532234909637
(if ((0.5506529445184768 + (0.7258570800837275 + obs[4])) < 1.3925182891580465) then: act = 0 else: (if ((obs[0] + (max(0, [ 0.342  0.032 -0.016 -0.063 -0.157  0.27  -0.625 -0.393] *dot* obs[:] + -0.67) + (max(0, [ 0.501 -0.567  0.6   -1.497 -0.839  1.048  0.861 -1.105] *dot* obs[:] + -0.778) + 0.0956188184936056))) < (obs[4] * max(0, [-0.006 -0.192 -0.265  0.054  0.009 -0.054 -0.351 -0.307] *dot* obs[:] + -0.725))) then: (if (((0.0 * 1.0) + ((5.0 + 5.0) + obs[6])) < obs[3]) then: act = 2 else: act = 0) else: (if (obs[0] < 5.07432689998192) then: act = 3 else: (if (obs[1] < obs[5]) then: act = 3 else: act = 3))))

Current best:  -103.44255541297271
(if ((0.371836611743773 + (0.8984427962545491 + obs[4])) < 1.3536159491170603) then: act = 0 else: (if ((obs[0] + (max(0, [ 0.342  0.032 -0.016 -0.063 -0.157  0.27  -0.625 -0.393] *dot* obs[:] + -0.67) + (max(0, [ 0.501 -0.567  0.6   -1.497 -0.839  1.048  0.861 -1.105] *dot* obs[:] + -0.778) + 0.03939183335717257))) < (obs[4] * max(0, [-0.006 -0.192 -0.265  0.054  0.009 -0.054 -0.351 -0.307] *dot* obs[:] + -0.725))) then: (if ((obs[3] + ((4.66631080213229 + 4.941581313049676) + obs[6])) < obs[3]) then: act = 2 else: act = 0) else: (if (obs[0] < 5.017006807887787) then: act = 3 else: (if (obs[1] < obs[5]) then: act = 3 else: act = 3))))

Current best:  -101.01282186823406
(if ((0.3082790964889347 + (0.9006512691620698 + obs[4])) < 1.369141629820706) then: act = 0 else: (if ((obs[0] + (2.0 + (max(0, [ 0.501 -0.567  0.6   -1.497 -0.839  1.048  0.861 -1.105] *dot* obs[:] + -0.778) + -0.2931645759721417))) < (obs[4] * max(0, [-0.006 -0.192 -0.265  0.054  0.009 -0.054 -0.351 -0.307] *dot* obs[:] + -0.725))) then: (if ((obs[3] + ((4.741583570159678 + 4.886973458963653) + obs[6])) < obs[3]) then: act = 2 else: act = 0) else: (if (obs[0] < 5.223919916409047) then: act = 3 else: (if (obs[1] < obs[5]) then: act = 3 else: act = 3))))

Current best:  -95.35463433579807
(if ((0.2812313707746436 + (0.9443712943907281 + obs[4])) < 1.3325304540457175) then: act = 0 else: (if ((obs[0] + (1.865170965558481 + (max(0, [ 0.501 -0.567  0.6   -1.497 -0.839  1.048  0.861 -1.105] *dot* obs[:] + -0.778) + -0.23814460445930552))) < (obs[6] * max(0, [-0.006 -0.192 -0.265  0.054  0.009 -0.054 -0.351 -0.307] *dot* obs[:] + -0.725))) then: (if ((obs[3] + ((4.944534920539708 + 5.069714791304271) + obs[6])) < obs[3]) then: act = 2 else: act = 0) else: (if (obs[0] < 5.149681073016086) then: act = 3 else: (if (obs[1] < obs[5]) then: act = 3 else: act = 3))))

Current best:  -93.8268120080756
(if ((0.3773460706879572 + (0.6199447783347437 + obs[4])) < 1.2052968179914758) then: act = 0 else: (if ((obs[0] + (1.80900214560541 + (max(0, [ 0.501 -0.567  0.6   -1.497 -0.839  1.048  0.861 -1.105] *dot* obs[:] + -0.778) + -0.6373975938038865))) < (obs[6] * max(0, [-0.006 -0.192 -0.265  0.054  0.009 -0.054 -0.351 -0.307] *dot* obs[:] + -0.725))) then: act = 3 else: (if (obs[0] < 5.445265447228977) then: act = 3 else: (if (obs[1] < obs[5]) then: act = 3 else: act = 3))))

Current best:  -86.54368119253994
(if ((0.2667528710900511 + (0.8473142069902456 + obs[4])) < 1.8618046911941628) then: act = 0 else: (if (obs[0] < max(0, [ 0.019 -0.139 -0.104 -0.062 -0.171  0.013 -0.555 -0.258] *dot* obs[:] + -0.553)) then: act = 3 else: (if (obs[0] < 5.695896344613445) then: act = 3 else: (if (obs[1] < obs[5]) then: act = 3 else: act = 3))))

Current best:  -86.45110326001509
(if ((0.3440669729829252 + (0.7943110419015806 + obs[4])) < 1.6323610108280184) then: act = 0 else: (if (obs[0] < max(0, [ 0.019 -0.139 -0.104 -0.062 -0.171  0.013 -0.555 -0.258] *dot* obs[:] + -0.553)) then: act = 0 else: (if (obs[0] < 5.7142456023946995) then: act = 3 else: (if (obs[1] < obs[5]) then: act = 3 else: act = 3))))

Current best:  -86.15603746680395
(if ((-0.049865355778735354 + (0.877318150941349 + obs[4])) < 1.3896404800582227) then: act = 0 else: (if (obs[0] < max(0, [ 0.019 -0.139 -0.104 -0.062 -0.171  0.013 -0.555 -0.258] *dot* obs[:] + -0.553)) then: act = 0 else: (if (((2.0 + obs[2]) * 0.5) < max(0, [-0.099 -0.564  0.208  0.004  0.327 -0.324 -0.08  -0.77 ] *dot* obs[:] + -0.653)) then: act = 3 else: (if (obs[1] < obs[5]) then: act = 3 else: act = 3))))

Current best:  -85.23848533659054
(if ((0.07354630504689884 + (0.6419406869871378 + obs[3])) < 1.350433554781894) then: act = 0 else: (if (obs[0] < max(0, [ 0.019 -0.139 -0.104 -0.062 -0.171  0.013 -0.555 -0.258] *dot* obs[:] + -0.553)) then: act = 0 else: (if (((2.0 + obs[2]) * 0.5) < max(0, [-0.099 -0.564  0.208  0.004  0.327 -0.324 -0.08  -0.77 ] *dot* obs[:] + -0.653)) then: act = 3 else: (if (obs[1] < obs[5]) then: act = 3 else: act = 3))))

Current best:  -78.99207694784396
(if ((0.05413232511355795 + (obs[7] + obs[3])) < 1.3887322931363786) then: act = 0 else: (if (((max(0, [ 0.167 -0.11   0.048 -0.    -0.765  0.616  0.141  0.27 ] *dot* obs[:] + -0.953) * max(0, [ 0.035 -0.508 -0.019 -0.072 -0.107 -0.077 -0.422 -0.516] *dot* obs[:] + -0.514)) + (max(0, [ 0.125 -0.486 -0.028  0.227  0.084 -0.188  0.252 -0.035] *dot* obs[:] + -0.531) + (1.0 + obs[0]))) < max(0, [ 0.019 -0.139 -0.104 -0.062 -0.171  0.013 -0.555 -0.258] *dot* obs[:] + -0.553)) then: act = 2 else: (if (obs[1] < max(0, [-0.099 -0.564  0.208  0.004  0.327 -0.324 -0.08  -0.77 ] *dot* obs[:] + -0.653)) then: act = 3 else: (if (obs[1] < obs[5]) then: act = 3 else: act = 3))))

Current best:  -71.18541572247916
(if ((max(0, [ 0.118 -0.335  0.227 -0.115  0.216  0.023 -0.308 -0.092] *dot* obs[:] + -0.429) * (obs[7] + ((obs[5] * (max(0, [-0.099 -0.564  0.208  0.004  0.327 -0.324 -0.08  -0.77 ] *dot* obs[:] + -0.653) + ((((2.0 + obs[5]) * (max(0, [-0.325 -1.161  0.331  0.255 -1.359 -0.189 -0.151 -1.668] *dot* obs[:] + -0.695) + (0.0 * (max(0, [-0.126 -0.143  0.601 -0.696  0.585  0.185 -0.212 -0.672] *dot* obs[:] + -0.892) + max(0, [-0.3   -0.298  0.116  0.006 -0.005 -0.069 -0.376 -0.207] *dot* obs[:] + -0.374))))) * max(0, [-0.01  -0.668 -0.034 -0.325  0.689  0.469 -0.094 -0.384] *dot* obs[:] + -0.205)) + ((2.0 + (max(0, [ 0.091 -0.125 -0.1    0.327 -0.085  0.174  0.178 -0.252] *dot* obs[:] + -0.594) * obs[6])) * (obs[5] * obs[2]))))) + -0.5))) < (max(0, [ 0.121 -0.535  0.046  0.283 -0.073 -0.003  0.184 -0.241] *dot* obs[:] + -0.576) + obs[6])) then: act = 1 else: (if (obs[0] < obs[2]) then: act = 0 else: act = 0))

Current best:  -54.62708770298383
(if ((max(0, [ 0.118 -0.335  0.227 -0.115  0.216  0.023 -0.308 -0.092] *dot* obs[:] + -0.429) * ((max(0, [ 0.146 -0.579 -0.016 -0.311 -0.016  0.176 -0.388 -0.228] *dot* obs[:] + -0.457) + ((0.0 + (obs[3] + 5.0)) + ((max(0, [ 1.733 -0.413  0.706 -0.548 -0.704 -0.48  -0.111 -0.387] *dot* obs[:] + -0.449) + (obs[5] + obs[1])) * (1.0 * (5.0 + max(0, [-0.229 -0.694 -0.252 -0.248 -0.063 -0.279 -0.873  0.067] *dot* obs[:] + -0.948)))))) + ((((obs[6] * (-0.5 * obs[4])) * ((max(0, [ 0.121 -0.535  0.046  0.283 -0.073 -0.003  0.184 -0.241] *dot* obs[:] + -0.576) + max(0, [ 0.978 -0.724 -0.815  0.225 -0.478  0.732 -1.681  1.196] *dot* obs[:] + -0.371)) * (max(0, [ 1.099 -0.689  0.42   0.144  0.217  0.066  0.326 -0.131] *dot* obs[:] + -1.105) + max(0, [-0.594 -0.503  0.091  0.665 -0.019  0.176  0.623 -1.712] *dot* obs[:] + -0.806)))) * obs[0]) * ((0.5 + (max(0, [ 0.086 -0.36   0.063  0.325 -0.035  0.072 -0.497  0.182] *dot* obs[:] + -0.355) * 1.0)) + (((obs[2] * obs[7]) * (-0.5 * obs[2])) + ((5.0 + obs[3]) + max(0, [ 0.978 -0.724 -0.815  0.225 -0.478  0.732 -1.681  1.196] *dot* obs[:] + -0.371))))))) < (max(0, [ 0.121 -0.535  0.046  0.283 -0.073 -0.003  0.184 -0.241] *dot* obs[:] + -0.576) + obs[6])) then: act = 1 else: (if (obs[0] < obs[2]) then: act = 0 else: act = 0))

Current best:  -30.26828915412874
(if ((max(0, [ 0.118 -0.335  0.227 -0.115  0.216  0.023 -0.308 -0.092] *dot* obs[:] + -0.429) * obs[0]) < (max(0, [ 0.121 -0.535  0.046  0.283 -0.073 -0.003  0.184 -0.241] *dot* obs[:] + -0.576) + obs[6])) then: act = 1 else: (if (obs[0] < obs[2]) then: act = 0 else: act = 0))

Current best:  -26.634115485372273
(if ((max(0, [ 0.978 -0.724 -0.815  0.225 -0.478  0.732 -1.681  1.196] *dot* obs[:] + -0.371) * obs[0]) < (max(0, [ 0.03  -0.922 -0.047 -0.411 -0.375 -0.121  0.447 -0.311] *dot* obs[:] + -0.883) + obs[6])) then: act = 2 else: (if (obs[0] < obs[2]) then: act = 0 else: act = 0))
