created virtual environment CPython3.6.10.final.0-64 in 13142ms
  creator CPython3Posix(dest=/localscratch/orfanos.25136214.0/env, clear=False, global=False)
  seeder FromAppData(download=False, pip=latest, setuptools=latest, wheel=latest, via=copy, app_data_dir=/home/orfanos/.local/share/virtualenv/seed-app-data/v1.0.1)
  activators BashActivator,CShellActivator,FishActivator,PowerShellActivator,PythonActivator,XonshActivator
Ignoring pip: markers 'python_version < "3"' don't match your environment
Looking in links: /cvmfs/soft.computecanada.ca/custom/python/wheelhouse/gentoo/avx512, /cvmfs/soft.computecanada.ca/custom/python/wheelhouse/gentoo/avx2, /cvmfs/soft.computecanada.ca/custom/python/wheelhouse/gentoo/generic, /cvmfs/soft.computecanada.ca/custom/python/wheelhouse/generic
Processing /cvmfs/soft.computecanada.ca/custom/python/wheelhouse/generic/pip-21.2.3+computecanada-py3-none-any.whl
Installing collected packages: pip
  Attempting uninstall: pip
    Found existing installation: pip 20.0.2
    Uninstalling pip-20.0.2:
      Successfully uninstalled pip-20.0.2
Successfully installed pip-21.2.3+computecanada
Looking in links: /cvmfs/soft.computecanada.ca/custom/python/wheelhouse/gentoo/avx512, /cvmfs/soft.computecanada.ca/custom/python/wheelhouse/gentoo/avx2, /cvmfs/soft.computecanada.ca/custom/python/wheelhouse/gentoo/generic, /cvmfs/soft.computecanada.ca/custom/python/wheelhouse/generic
Processing /cvmfs/soft.computecanada.ca/custom/python/wheelhouse/generic/torch-1.6.0+computecanada-cp36-cp36m-linux_x86_64.whl
Processing /cvmfs/soft.computecanada.ca/custom/python/wheelhouse/generic/bayesian_optimization-1.2.0-py3-none-any.whl
Processing /cvmfs/soft.computecanada.ca/custom/python/wheelhouse/generic/cloudpickle-1.6.0+computecanada-py3-none-any.whl
Processing /cvmfs/soft.computecanada.ca/custom/python/wheelhouse/generic/future-0.18.2+computecanada-py3-none-any.whl
Processing /cvmfs/soft.computecanada.ca/custom/python/wheelhouse/generic/gym-0.18.0+computecanada-py3-none-any.whl
Processing /cvmfs/soft.computecanada.ca/custom/python/wheelhouse/gentoo/generic/box2d_py-2.3.5+computecanada-cp36-cp36m-linux_x86_64.whl
Processing /cvmfs/soft.computecanada.ca/custom/python/wheelhouse/generic/joblib-1.0.1+computecanada-py3-none-any.whl
Processing /cvmfs/soft.computecanada.ca/custom/python/wheelhouse/generic/pandas-1.0.3+computecanada-cp36-cp36m-linux_x86_64.whl
Processing /cvmfs/soft.computecanada.ca/custom/python/wheelhouse/generic/Pillow-7.2.0+computecanada-cp36-cp36m-linux_x86_64.whl
Processing /cvmfs/soft.computecanada.ca/custom/python/wheelhouse/generic/pyglet-1.5.0+computecanada-py2.py3-none-any.whl
Processing /cvmfs/soft.computecanada.ca/custom/python/wheelhouse/gentoo/generic/scikit_learn-0.24.1+computecanada-cp36-cp36m-linux_x86_64.whl
Processing /cvmfs/soft.computecanada.ca/custom/python/wheelhouse/gentoo/generic/scipy-1.4.1+computecanada-cp36-cp36m-linux_x86_64.whl
Processing /cvmfs/soft.computecanada.ca/custom/python/wheelhouse/generic/threadpoolctl-2.1.0+computecanada-py3-none-any.whl
Processing /cvmfs/soft.computecanada.ca/custom/python/wheelhouse/gentoo/generic/numpy-1.19.5+computecanada-cp36-cp36m-linux_x86_64.whl
Processing /cvmfs/soft.computecanada.ca/custom/python/wheelhouse/generic/pytz-2021.1+computecanada-py3-none-any.whl
Processing /cvmfs/soft.computecanada.ca/custom/python/wheelhouse/generic/python_dateutil-2.8.2+computecanada-py2.py3-none-any.whl
Processing /cvmfs/soft.computecanada.ca/custom/python/wheelhouse/generic/six-1.16.0+computecanada-py2.py3-none-any.whl
Installing collected packages: numpy, threadpoolctl, six, scipy, joblib, future, scikit-learn, pytz, python-dateutil, pyglet, Pillow, cloudpickle, torch, pandas, gym, Box2d-py, bayesian-optimization
Successfully installed Box2d-py-2.3.5+computecanada Pillow-7.2.0+computecanada bayesian-optimization-1.2.0 cloudpickle-1.6.0+computecanada future-0.18.2+computecanada gym-0.18.0+computecanada joblib-1.0.1+computecanada numpy-1.19.5+computecanada pandas-1.0.3+computecanada pyglet-1.5.0+computecanada python-dateutil-2.8.2+computecanada pytz-2021.1+computecanada scikit-learn-0.24.1+computecanada scipy-1.4.1+computecanada six-1.16.0+computecanada threadpoolctl-2.1.0+computecanada torch-1.6.0+computecanada
RUN
Environment
/home/orfanos/MastersResearch_orfanos/NeurPiRL_SA/LunarLander/SimulatedAnnealing.py:175: RuntimeWarning: overflow encountered in exp
  return np.exp(self.beta * (next_score - current_score) / self.current_temperature)
/home/orfanos/MastersResearch_orfanos/NeurPiRL_SA/LunarLander/SimulatedAnnealing.py:175: RuntimeWarning: overflow encountered in exp
  return np.exp(self.beta * (next_score - current_score) / self.current_temperature)
/home/orfanos/MastersResearch_orfanos/NeurPiRL_SA/LunarLander/SimulatedAnnealing.py:175: RuntimeWarning: overflow encountered in exp
  return np.exp(self.beta * (next_score - current_score) / self.current_temperature)
/home/orfanos/MastersResearch_orfanos/NeurPiRL_SA/LunarLander/SimulatedAnnealing.py:175: RuntimeWarning: overflow encountered in exp
  return np.exp(self.beta * (next_score - current_score) / self.current_temperature)
/home/orfanos/MastersResearch_orfanos/NeurPiRL_SA/LunarLander/SimulatedAnnealing.py:175: RuntimeWarning: overflow encountered in exp
  return np.exp(self.beta * (next_score - current_score) / self.current_temperature)
/home/orfanos/MastersResearch_orfanos/NeurPiRL_SA/LunarLander/SimulatedAnnealing.py:175: RuntimeWarning: overflow encountered in exp
  return np.exp(self.beta * (next_score - current_score) / self.current_temperature)
/home/orfanos/MastersResearch_orfanos/NeurPiRL_SA/LunarLander/SimulatedAnnealing.py:175: RuntimeWarning: overflow encountered in exp
  return np.exp(self.beta * (next_score - current_score) / self.current_temperature)
/home/orfanos/MastersResearch_orfanos/NeurPiRL_SA/LunarLander/SimulatedAnnealing.py:175: RuntimeWarning: overflow encountered in exp
  return np.exp(self.beta * (next_score - current_score) / self.current_temperature)

Current best:  -615.3700792011545
(if (2.0 < (max(0, [-0.019 -0.359  0.011  0.174  0.175 -0.225 -0.051 -0.244] *dot* obs[:] + -0.344) + (1.0 * 5.0))) then: act = 3 else: (if (max(0, [-0.105 -0.175  0.148 -0.067 -0.055  0.206 -0.194 -0.115] *dot* obs[:] + -0.514) < 1.0) then: act = 0 else: (if (-0.5 < 5.0) then: act = 0 else: (if (5.0 < obs[2]) then: act = 1 else: act = 1))))

Current best:  -165.25786257627817
(if (((((obs[6] + max(0, [-1.000e-03 -8.520e-01 -2.130e-01  7.130e-01 -2.790e-01  5.400e-02
 -1.508e+00 -5.230e-01] *dot* obs[:] + -1.045)) * 0.0) + max(0, [ 0.162 -0.191  0.063  0.099  0.221  0.058 -0.058 -0.202] *dot* obs[:] + -0.575)) * max(0, [ 0.131 -0.241 -0.019 -0.207  0.003  0.049 -0.275 -0.131] *dot* obs[:] + -0.377)) < max(0, [ 0.087 -0.718  0.097  0.062 -0.34   0.008 -0.224 -0.341] *dot* obs[:] + -0.524)) then: act = 3 else: (if (max(0, [-0.105 -0.175  0.148 -0.067 -0.055  0.206 -0.194 -0.115] *dot* obs[:] + -0.514) < 1.0) then: act = 0 else: (if (-0.5 < 5.0) then: act = 0 else: (if (5.0 < obs[2]) then: act = 1 else: act = 1))))

Current best:  -142.27274467334544
(if (((((obs[6] + max(0, [ 0.095 -0.534  0.223  0.458  0.127 -0.04  -0.338 -0.219] *dot* obs[:] + -0.45)) * 0.0) + max(0, [ 0.162 -0.191  0.063  0.099  0.221  0.058 -0.058 -0.202] *dot* obs[:] + -0.575)) * max(0, [ 0.131 -0.241 -0.019 -0.207  0.003  0.049 -0.275 -0.131] *dot* obs[:] + -0.377)) < max(0, [ 0.087 -0.718  0.097  0.062 -0.34   0.008 -0.224 -0.341] *dot* obs[:] + -0.524)) then: act = 3 else: (if (max(0, [-0.105 -0.175  0.148 -0.067 -0.055  0.206 -0.194 -0.115] *dot* obs[:] + -0.514) < 1.0) then: act = 0 else: (if (-0.5 < 5.0) then: act = 0 else: (if (5.0 < obs[2]) then: act = 1 else: act = 1))))

Current best:  -120.61385261258492
(if (((((obs[6] + max(0, [ 0.095 -0.534  0.223  0.458  0.127 -0.04  -0.338 -0.219] *dot* obs[:] + -0.45)) * 0.0) + max(0, [ 0.162 -0.191  0.063  0.099  0.221  0.058 -0.058 -0.202] *dot* obs[:] + -0.575)) * max(0, [ 0.131 -0.241 -0.019 -0.207  0.003  0.049 -0.275 -0.131] *dot* obs[:] + -0.377)) < max(0, [ 0.128 -0.184  0.272 -0.1    0.059  0.3   -0.432  0.011] *dot* obs[:] + -0.869)) then: act = 3 else: (if (max(0, [-0.105 -0.175  0.148 -0.067 -0.055  0.206 -0.194 -0.115] *dot* obs[:] + -0.514) < 1.0) then: act = 0 else: (if (-0.5 < 5.0) then: act = 0 else: (if (5.0 < obs[2]) then: act = 1 else: act = 1))))

Current best:  -118.50089791875003
(if (((((obs[6] + max(0, [ 0.095 -0.534  0.223  0.458  0.127 -0.04  -0.338 -0.219] *dot* obs[:] + -0.45)) * obs[5]) + max(0, [ 0.162 -0.191  0.063  0.099  0.221  0.058 -0.058 -0.202] *dot* obs[:] + -0.575)) * max(0, [ 0.131 -0.241 -0.019 -0.207  0.003  0.049 -0.275 -0.131] *dot* obs[:] + -0.377)) < max(0, [ 0.128 -0.184  0.272 -0.1    0.059  0.3   -0.432  0.011] *dot* obs[:] + -0.869)) then: act = 3 else: (if (max(0, [-0.105 -0.175  0.148 -0.067 -0.055  0.206 -0.194 -0.115] *dot* obs[:] + -0.514) < 0.9611799692003393) then: act = 0 else: (if (-0.3364803162355814 < 5.106718076318421) then: act = 0 else: (if (4.947057430771063 < obs[2]) then: act = 1 else: act = 1))))

Current best:  -103.01904915537276
(if (((((obs[6] + max(0, [ 0.095 -0.534  0.223  0.458  0.127 -0.04  -0.338 -0.219] *dot* obs[:] + -0.45)) * obs[5]) + max(0, [ 0.162 -0.191  0.063  0.099  0.221  0.058 -0.058 -0.202] *dot* obs[:] + -0.575)) * max(0, [ 0.131 -0.241 -0.019 -0.207  0.003  0.049 -0.275 -0.131] *dot* obs[:] + -0.377)) < max(0, [-1.000e-03 -8.520e-01 -2.130e-01  7.130e-01 -2.790e-01  5.400e-02
 -1.508e+00 -5.230e-01] *dot* obs[:] + -1.045)) then: act = 3 else: (if (max(0, [-0.105 -0.175  0.148 -0.067 -0.055  0.206 -0.194 -0.115] *dot* obs[:] + -0.514) < 0.9029512854839121) then: act = 0 else: (if (-0.19265593136805476 < 5.2408618522080825) then: act = 0 else: (if (4.883840533764775 < obs[2]) then: act = 1 else: act = 1))))

Current best:  -102.192519597525
(if (((((obs[6] + max(0, [ 0.095 -0.534  0.223  0.458  0.127 -0.04  -0.338 -0.219] *dot* obs[:] + -0.45)) * obs[5]) + max(0, [ 0.162 -0.191  0.063  0.099  0.221  0.058 -0.058 -0.202] *dot* obs[:] + -0.575)) * max(0, [ 0.131 -0.241 -0.019 -0.207  0.003  0.049 -0.275 -0.131] *dot* obs[:] + -0.377)) < max(0, [-1.000e-03 -8.520e-01 -2.130e-01  7.130e-01 -2.790e-01  5.400e-02
 -1.508e+00 -5.230e-01] *dot* obs[:] + -1.045)) then: act = 3 else: (if (max(0, [-0.105 -0.175  0.148 -0.067 -0.055  0.206 -0.194 -0.115] *dot* obs[:] + -0.514) < max(0, [ 0.058 -0.027 -0.071 -0.248 -0.036  0.151 -0.257 -0.394] *dot* obs[:] + -0.416)) then: act = 0 else: (if (-0.15357353192968598 < 5.179248141893139) then: act = 0 else: (if (5.121855752144913 < obs[2]) then: act = 1 else: act = 1))))

Current best:  -100.28181854316323
(if (((((obs[6] + max(0, [ 0.095 -0.534  0.223  0.458  0.127 -0.04  -0.338 -0.219] *dot* obs[:] + -0.45)) * obs[5]) + max(0, [ 0.162 -0.191  0.063  0.099  0.221  0.058 -0.058 -0.202] *dot* obs[:] + -0.575)) * max(0, [ 0.131 -0.241 -0.019 -0.207  0.003  0.049 -0.275 -0.131] *dot* obs[:] + -0.377)) < max(0, [-1.000e-03 -8.520e-01 -2.130e-01  7.130e-01 -2.790e-01  5.400e-02
 -1.508e+00 -5.230e-01] *dot* obs[:] + -1.045)) then: act = 0 else: (if (max(0, [-0.105 -0.175  0.148 -0.067 -0.055  0.206 -0.194 -0.115] *dot* obs[:] + -0.514) < max(0, [ 0.058 -0.027 -0.071 -0.248 -0.036  0.151 -0.257 -0.394] *dot* obs[:] + -0.416)) then: act = 0 else: (if (-0.1935658251095715 < 5.195367592796273) then: act = 0 else: (if (5.164574118151476 < obs[2]) then: act = 1 else: act = 1))))

Current best:  -89.70356044020347
(if (((((obs[6] + max(0, [ 0.095 -0.534  0.223  0.458  0.127 -0.04  -0.338 -0.219] *dot* obs[:] + -0.45)) * obs[5]) + max(0, [-0.038 -0.314  0.116  0.217  0.068 -0.077 -0.061  0.095] *dot* obs[:] + -0.579)) * max(0, [ 0.131 -0.241 -0.019 -0.207  0.003  0.049 -0.275 -0.131] *dot* obs[:] + -0.377)) < max(0, [-1.000e-03 -8.520e-01 -2.130e-01  7.130e-01 -2.790e-01  5.400e-02
 -1.508e+00 -5.230e-01] *dot* obs[:] + -1.045)) then: act = 0 else: (if (max(0, [-0.105 -0.175  0.148 -0.067 -0.055  0.206 -0.194 -0.115] *dot* obs[:] + -0.514) < max(0, [ 0.058 -0.027 -0.071 -0.248 -0.036  0.151 -0.257 -0.394] *dot* obs[:] + -0.416)) then: act = 0 else: (if (0.007908131942522073 < 5.209473419495228) then: act = 0 else: (if (5.355196616243111 < obs[2]) then: act = 1 else: act = 1))))

Current best:  -87.63775206743811
(if (((((2.0 + max(0, [ 0.095 -0.534  0.223  0.458  0.127 -0.04  -0.338 -0.219] *dot* obs[:] + -0.45)) * obs[5]) + max(0, [-0.038 -0.314  0.116  0.217  0.068 -0.077 -0.061  0.095] *dot* obs[:] + -0.579)) * max(0, [ 0.131 -0.241 -0.019 -0.207  0.003  0.049 -0.275 -0.131] *dot* obs[:] + -0.377)) < max(0, [-1.000e-03 -8.520e-01 -2.130e-01  7.130e-01 -2.790e-01  5.400e-02
 -1.508e+00 -5.230e-01] *dot* obs[:] + -1.045)) then: act = 0 else: (if (max(0, [-0.105 -0.175  0.148 -0.067 -0.055  0.206 -0.194 -0.115] *dot* obs[:] + -0.514) < max(0, [ 0.058 -0.027 -0.071 -0.248 -0.036  0.151 -0.257 -0.394] *dot* obs[:] + -0.416)) then: act = 0 else: (if (0.19762191423509806 < 4.726367364498526) then: act = 0 else: (if (5.88140919000632 < obs[2]) then: act = 1 else: act = 1))))

Current best:  -84.79417291395256
(if (((((0.5 + max(0, [ 0.095 -0.534  0.223  0.458  0.127 -0.04  -0.338 -0.219] *dot* obs[:] + -0.45)) * obs[5]) + max(0, [-0.038 -0.314  0.116  0.217  0.068 -0.077 -0.061  0.095] *dot* obs[:] + -0.579)) * max(0, [ 0.131 -0.241 -0.019 -0.207  0.003  0.049 -0.275 -0.131] *dot* obs[:] + -0.377)) < max(0, [-1.000e-03 -8.520e-01 -2.130e-01  7.130e-01 -2.790e-01  5.400e-02
 -1.508e+00 -5.230e-01] *dot* obs[:] + -1.045)) then: act = 0 else: (if (max(0, [-0.105 -0.175  0.148 -0.067 -0.055  0.206 -0.194 -0.115] *dot* obs[:] + -0.514) < max(0, [ 0.058 -0.027 -0.071 -0.248 -0.036  0.151 -0.257 -0.394] *dot* obs[:] + -0.416)) then: act = 0 else: (if (0.19762191423509806 < 4.726367364498526) then: act = 0 else: (if (5.88140919000632 < obs[2]) then: act = 1 else: act = 1))))

Current best:  -82.8491124316392
(if ((obs[2] + (((obs[2] + max(0, [ 0.588 -1.745  0.869 -1.338 -0.239 -0.785 -1.053 -0.205] *dot* obs[:] + -0.025)) + (0.0 * -0.5)) + obs[5])) < 2.0) then: act = 0 else: (if (max(0, [-0.105 -0.175  0.148 -0.067 -0.055  0.206 -0.194 -0.115] *dot* obs[:] + -0.514) < max(0, [ 0.058 -0.027 -0.071 -0.248 -0.036  0.151 -0.257 -0.394] *dot* obs[:] + -0.416)) then: act = 0 else: (if (0.00040117626208450996 < 4.9413713035567435) then: act = 0 else: (if (6.233828718263977 < obs[2]) then: act = 1 else: act = 1))))

Current best:  -64.25742757717072
(if ((obs[2] + ((-0.10375708095454513 + (0.0 * -0.5)) + obs[5])) < 1.818824314568563) then: act = 0 else: (if (max(0, [-0.105 -0.175  0.148 -0.067 -0.055  0.206 -0.194 -0.115] *dot* obs[:] + -0.514) < max(0, [ 0.058 -0.027 -0.071 -0.248 -0.036  0.151 -0.257 -0.394] *dot* obs[:] + -0.416)) then: act = 0 else: (if (-0.15742556433318142 < 5.356385048602061) then: act = 0 else: (if (6.346930479984266 < obs[2]) then: act = 1 else: act = 1))))

Current best:  -50.83764736929992
(if ((0.0 * obs[2]) < 0.878888391777858) then: act = 0 else: act = 2)

Current best:  -34.27404274317295
(if ((obs[6] + max(0, [ 0.588 -1.745  0.869 -1.338 -0.239 -0.785 -1.053 -0.205] *dot* obs[:] + -0.025)) < 0.6705665439384831) then: act = 0 else: act = 2)

Current best:  -8.75443477274636
(if ((obs[7] + max(0, [ 0.588 -1.745  0.869 -1.338 -0.239 -0.785 -1.053 -0.205] *dot* obs[:] + -0.025)) < 0.4130371275649393) then: act = 0 else: act = 2)

Current best:  1.4292615786909324
(if ((obs[5] + max(0, [ 0.588 -1.745  0.869 -1.338 -0.239 -0.785 -1.053 -0.205] *dot* obs[:] + -0.025)) < 0.33620072699865955) then: act = 0 else: act = 2)
