created virtual environment CPython3.6.10.final.0-64 in 7179ms
  creator CPython3Posix(dest=/localscratch/orfanos.25130012.0/env, clear=False, global=False)
  seeder FromAppData(download=False, pip=latest, setuptools=latest, wheel=latest, via=copy, app_data_dir=/home/orfanos/.local/share/virtualenv/seed-app-data/v1.0.1)
  activators BashActivator,CShellActivator,FishActivator,PowerShellActivator,PythonActivator,XonshActivator
Ignoring pip: markers 'python_version < "3"' don't match your environment
Looking in links: /cvmfs/soft.computecanada.ca/custom/python/wheelhouse/gentoo/avx512, /cvmfs/soft.computecanada.ca/custom/python/wheelhouse/gentoo/avx2, /cvmfs/soft.computecanada.ca/custom/python/wheelhouse/gentoo/generic, /cvmfs/soft.computecanada.ca/custom/python/wheelhouse/generic
Processing /cvmfs/soft.computecanada.ca/custom/python/wheelhouse/generic/pip-21.2.3+computecanada-py3-none-any.whl
Installing collected packages: pip
  Attempting uninstall: pip
    Found existing installation: pip 20.0.2
    Uninstalling pip-20.0.2:
      Successfully uninstalled pip-20.0.2
Successfully installed pip-21.2.3+computecanada
Looking in links: /cvmfs/soft.computecanada.ca/custom/python/wheelhouse/gentoo/avx512, /cvmfs/soft.computecanada.ca/custom/python/wheelhouse/gentoo/avx2, /cvmfs/soft.computecanada.ca/custom/python/wheelhouse/gentoo/generic, /cvmfs/soft.computecanada.ca/custom/python/wheelhouse/generic
Processing /cvmfs/soft.computecanada.ca/custom/python/wheelhouse/generic/torch-1.6.0+computecanada-cp36-cp36m-linux_x86_64.whl
Processing /cvmfs/soft.computecanada.ca/custom/python/wheelhouse/generic/bayesian_optimization-1.2.0-py3-none-any.whl
Processing /cvmfs/soft.computecanada.ca/custom/python/wheelhouse/generic/cloudpickle-1.6.0+computecanada-py3-none-any.whl
Processing /cvmfs/soft.computecanada.ca/custom/python/wheelhouse/generic/future-0.18.2+computecanada-py3-none-any.whl
Processing /cvmfs/soft.computecanada.ca/custom/python/wheelhouse/generic/gym-0.18.0+computecanada-py3-none-any.whl
Processing /cvmfs/soft.computecanada.ca/custom/python/wheelhouse/gentoo/generic/box2d_py-2.3.5+computecanada-cp36-cp36m-linux_x86_64.whl
Processing /cvmfs/soft.computecanada.ca/custom/python/wheelhouse/generic/joblib-1.0.1+computecanada-py3-none-any.whl
Processing /cvmfs/soft.computecanada.ca/custom/python/wheelhouse/generic/pandas-1.0.3+computecanada-cp36-cp36m-linux_x86_64.whl
Processing /cvmfs/soft.computecanada.ca/custom/python/wheelhouse/generic/Pillow-7.2.0+computecanada-cp36-cp36m-linux_x86_64.whl
Processing /cvmfs/soft.computecanada.ca/custom/python/wheelhouse/generic/pyglet-1.5.0+computecanada-py2.py3-none-any.whl
Processing /cvmfs/soft.computecanada.ca/custom/python/wheelhouse/gentoo/generic/scikit_learn-0.24.1+computecanada-cp36-cp36m-linux_x86_64.whl
Processing /cvmfs/soft.computecanada.ca/custom/python/wheelhouse/gentoo/generic/scipy-1.4.1+computecanada-cp36-cp36m-linux_x86_64.whl
Processing /cvmfs/soft.computecanada.ca/custom/python/wheelhouse/generic/threadpoolctl-2.1.0+computecanada-py3-none-any.whl
Processing /cvmfs/soft.computecanada.ca/custom/python/wheelhouse/gentoo/generic/numpy-1.19.5+computecanada-cp36-cp36m-linux_x86_64.whl
Processing /cvmfs/soft.computecanada.ca/custom/python/wheelhouse/generic/pytz-2021.1+computecanada-py3-none-any.whl
Processing /cvmfs/soft.computecanada.ca/custom/python/wheelhouse/generic/python_dateutil-2.8.2+computecanada-py2.py3-none-any.whl
Processing /cvmfs/soft.computecanada.ca/custom/python/wheelhouse/generic/six-1.16.0+computecanada-py2.py3-none-any.whl
Installing collected packages: numpy, threadpoolctl, six, scipy, joblib, future, scikit-learn, pytz, python-dateutil, pyglet, Pillow, cloudpickle, torch, pandas, gym, Box2d-py, bayesian-optimization
Successfully installed Box2d-py-2.3.5+computecanada Pillow-7.2.0+computecanada bayesian-optimization-1.2.0 cloudpickle-1.6.0+computecanada future-0.18.2+computecanada gym-0.18.0+computecanada joblib-1.0.1+computecanada numpy-1.19.5+computecanada pandas-1.0.3+computecanada pyglet-1.5.0+computecanada python-dateutil-2.8.2+computecanada pytz-2021.1+computecanada scikit-learn-0.24.1+computecanada scipy-1.4.1+computecanada six-1.16.0+computecanada threadpoolctl-2.1.0+computecanada torch-1.6.0+computecanada
RUN
Environment
/home/orfanos/MastersResearch_orfanos/NeurPiRL_SA/LunarLander/SimulatedAnnealing.py:175: RuntimeWarning: overflow encountered in exp
  return np.exp(self.beta * (next_score - current_score) / self.current_temperature)
/home/orfanos/MastersResearch_orfanos/NeurPiRL_SA/LunarLander/SimulatedAnnealing.py:175: RuntimeWarning: overflow encountered in exp
  return np.exp(self.beta * (next_score - current_score) / self.current_temperature)

Current best:  -596.759590806982
(if ((2.0 * (1.0 * -0.5)) < 0.5) then: (if (obs[1] < (obs[0] * max(0, [-0.237 -0.673 -0.158  0.484  0.092  0.081 -0.218  0.189] *dot* obs[:] + -0.659))) then: act = 0 else: (if (-0.5 < max(0, [ 0.069  0.358  0.627  0.313 -1.215 -2.294  0.265  0.104] *dot* obs[:] + -0.213)) then: (if (1.0 < 1.0) then: act = 1 else: act = 1) else: (if (max(0, [-0.024 -0.259  0.139  0.266 -0.14  -0.014  0.038  0.341] *dot* obs[:] + -0.617) < max(0, [ 1.469 -1.55   1.472 -1.618  0.026  0.618 -0.224 -0.105] *dot* obs[:] + -0.739)) then: act = 3 else: act = 2))) else: (if (max(0, [ 0.604  0.151 -0.012  0.587  0.066 -0.145 -0.359 -0.203] *dot* obs[:] + -0.679) < obs[2]) then: act = 0 else: (if (obs[7] < obs[1]) then: act = 3 else: act = 2)))

Current best:  -570.7490441058998
(if ((2.0 * (1.0 * -0.5)) < 0.5) then: (if (obs[1] < (obs[0] * max(0, [-0.237 -0.673 -0.158  0.484  0.092  0.081 -0.218  0.189] *dot* obs[:] + -0.659))) then: act = 0 else: (if (-0.5 < max(0, [ 0.069  0.358  0.627  0.313 -1.215 -2.294  0.265  0.104] *dot* obs[:] + -0.213)) then: (if (5.0 < 1.0) then: act = 1 else: act = 1) else: (if (max(0, [-0.024 -0.259  0.139  0.266 -0.14  -0.014  0.038  0.341] *dot* obs[:] + -0.617) < max(0, [ 1.469 -1.55   1.472 -1.618  0.026  0.618 -0.224 -0.105] *dot* obs[:] + -0.739)) then: act = 3 else: act = 2))) else: (if (max(0, [ 0.604  0.151 -0.012  0.587  0.066 -0.145 -0.359 -0.203] *dot* obs[:] + -0.679) < obs[2]) then: act = 0 else: (if (obs[7] < obs[1]) then: act = 3 else: act = 2)))

Current best:  -552.6186682335051
(if ((2.0 * (1.0 * -0.5)) < 0.5968945160564102) then: (if (obs[1] < (obs[0] * max(0, [-0.237 -0.673 -0.158  0.484  0.092  0.081 -0.218  0.189] *dot* obs[:] + -0.659))) then: act = 0 else: (if (-0.6108791958263893 < max(0, [ 0.069  0.358  0.627  0.313 -1.215 -2.294  0.265  0.104] *dot* obs[:] + -0.213)) then: (if (5.002892008474875 < 0.9927074471588049) then: act = 1 else: act = 1) else: (if (max(0, [-0.024 -0.259  0.139  0.266 -0.14  -0.014  0.038  0.341] *dot* obs[:] + -0.617) < max(0, [ 1.469 -1.55   1.472 -1.618  0.026  0.618 -0.224 -0.105] *dot* obs[:] + -0.739)) then: act = 3 else: act = 2))) else: (if (max(0, [ 0.604  0.151 -0.012  0.587  0.066 -0.145 -0.359 -0.203] *dot* obs[:] + -0.679) < obs[2]) then: act = 0 else: (if (obs[7] < obs[1]) then: act = 3 else: act = 2)))

Current best:  -401.8559220907657
(if ((2.0 * (1.0 * -0.5)) < 0.548734134255395) then: (if (obs[5] < (obs[0] * max(0, [-0.237 -0.673 -0.158  0.484  0.092  0.081 -0.218  0.189] *dot* obs[:] + -0.659))) then: act = 0 else: (if (-0.646797896516351 < max(0, [ 0.069  0.358  0.627  0.313 -1.215 -2.294  0.265  0.104] *dot* obs[:] + -0.213)) then: (if (4.811576229514856 < 1.2150791855365826) then: act = 1 else: act = 1) else: (if (max(0, [-0.024 -0.259  0.139  0.266 -0.14  -0.014  0.038  0.341] *dot* obs[:] + -0.617) < max(0, [ 1.469 -1.55   1.472 -1.618  0.026  0.618 -0.224 -0.105] *dot* obs[:] + -0.739)) then: act = 3 else: act = 2))) else: (if (max(0, [ 0.604  0.151 -0.012  0.587  0.066 -0.145 -0.359 -0.203] *dot* obs[:] + -0.679) < obs[2]) then: act = 0 else: (if (obs[7] < obs[1]) then: act = 3 else: act = 2)))

Current best:  -127.33354355414453
(if ((2.0 * (1.0 * -0.5)) < 0.548734134255395) then: (if (obs[5] < (obs[0] * max(0, [-0.237 -0.673 -0.158  0.484  0.092  0.081 -0.218  0.189] *dot* obs[:] + -0.659))) then: act = 0 else: (if (-0.646797896516351 < max(0, [ 0.069  0.358  0.627  0.313 -1.215 -2.294  0.265  0.104] *dot* obs[:] + -0.213)) then: act = 0 else: (if (max(0, [-0.024 -0.259  0.139  0.266 -0.14  -0.014  0.038  0.341] *dot* obs[:] + -0.617) < max(0, [ 1.469 -1.55   1.472 -1.618  0.026  0.618 -0.224 -0.105] *dot* obs[:] + -0.739)) then: act = 3 else: act = 2))) else: (if (max(0, [ 0.604  0.151 -0.012  0.587  0.066 -0.145 -0.359 -0.203] *dot* obs[:] + -0.679) < obs[2]) then: act = 0 else: (if (obs[7] < obs[1]) then: act = 3 else: act = 2)))

Current best:  -123.59627489557025
(if ((2.0 * (1.0 * -0.5)) < 0.0) then: (if (obs[5] < (obs[0] * max(0, [-0.237 -0.673 -0.158  0.484  0.092  0.081 -0.218  0.189] *dot* obs[:] + -0.659))) then: act = 0 else: (if (-0.6480422038341691 < max(0, [ 0.069  0.358  0.627  0.313 -1.215 -2.294  0.265  0.104] *dot* obs[:] + -0.213)) then: act = 0 else: (if (max(0, [-0.024 -0.259  0.139  0.266 -0.14  -0.014  0.038  0.341] *dot* obs[:] + -0.617) < max(0, [ 1.469 -1.55   1.472 -1.618  0.026  0.618 -0.224 -0.105] *dot* obs[:] + -0.739)) then: act = 3 else: act = 2))) else: (if (max(0, [ 0.604  0.151 -0.012  0.587  0.066 -0.145 -0.359 -0.203] *dot* obs[:] + -0.679) < obs[2]) then: act = 0 else: (if (obs[7] < obs[1]) then: act = 3 else: act = 2)))

Current best:  -116.53410333436777
(if ((2.0 * (1.0 * -0.5)) < 0.7004685831542093) then: (if (obs[5] < (obs[0] * max(0, [-0.237 -0.673 -0.158  0.484  0.092  0.081 -0.218  0.189] *dot* obs[:] + -0.659))) then: act = 0 else: (if (-0.6012203167272747 < max(0, [ 0.069  0.358  0.627  0.313 -1.215 -2.294  0.265  0.104] *dot* obs[:] + -0.213)) then: act = 0 else: (if ((((1.0 + obs[4]) + 0.5) + 2.0) < (1.0 + (max(0, [ 0.194 -0.346  0.053  0.272 -0.149  0.077  0.197 -0.197] *dot* obs[:] + -0.869) + obs[3]))) then: act = 3 else: act = 2))) else: (if (max(0, [ 0.604  0.151 -0.012  0.587  0.066 -0.145 -0.359 -0.203] *dot* obs[:] + -0.679) < obs[2]) then: act = 0 else: (if (obs[7] < obs[1]) then: act = 3 else: act = 2)))

Current best:  -114.41544075243472
(if ((2.0 * (1.0 * -0.5)) < 0.9750745240567769) then: (if (obs[5] < (obs[0] * max(0, [-0.237 -0.673 -0.158  0.484  0.092  0.081 -0.218  0.189] *dot* obs[:] + -0.659))) then: act = 0 else: (if (-0.6688584942429728 < max(0, [ 0.069  0.358  0.627  0.313 -1.215 -2.294  0.265  0.104] *dot* obs[:] + -0.213)) then: act = 0 else: (if ((((0.9959898228073943 + obs[4]) + 0.3322836271910945) + 2.2035308202399198) < (obs[6] + (max(0, [ 0.194 -0.346  0.053  0.272 -0.149  0.077  0.197 -0.197] *dot* obs[:] + -0.869) + obs[3]))) then: act = 3 else: act = 2))) else: (if (max(0, [ 0.604  0.151 -0.012  0.587  0.066 -0.145 -0.359 -0.203] *dot* obs[:] + -0.679) < obs[2]) then: act = 0 else: (if (obs[7] < obs[1]) then: act = 3 else: act = 2)))

Current best:  -112.91140779060744
(if ((2.0 * (1.0 * -0.5)) < 1.1398393658661807) then: (if (obs[5] < (obs[0] * max(0, [-0.237 -0.673 -0.158  0.484  0.092  0.081 -0.218  0.189] *dot* obs[:] + -0.659))) then: act = 0 else: (if (obs[2] < 0.0) then: act = 0 else: (if ((((1.054697918358833 + obs[4]) + 0.7901770137134065) + 1.9526899270252538) < (obs[6] + (max(0, [ 0.194 -0.346  0.053  0.272 -0.149  0.077  0.197 -0.197] *dot* obs[:] + -0.869) + obs[3]))) then: act = 3 else: act = 2))) else: (if (max(0, [ 0.604  0.151 -0.012  0.587  0.066 -0.145 -0.359 -0.203] *dot* obs[:] + -0.679) < obs[2]) then: act = 0 else: (if (obs[7] < obs[1]) then: act = 3 else: act = 2)))

Current best:  -106.24014054032001
(if ((2.0 * (2.0 * -0.5)) < 1.2879416104755332) then: (if (max(0, [ 0.086 -0.36   0.063  0.325 -0.035  0.072 -0.497  0.182] *dot* obs[:] + -0.355) < ((max(0, [ 0.681  0.233 -0.685 -0.634 -2.883  0.383 -0.394 -0.741] *dot* obs[:] + -0.443) * obs[7]) + obs[0])) then: act = 0 else: (if (obs[2] < 0.6761987927504165) then: act = 0 else: (if ((((0.4671142263818632 + obs[4]) + obs[7]) + ((0.5 * ((5.0 + (0.0 + 2.0)) + max(0, [ 1.201  1.245  1.466  1.37  -2.221 -0.524 -0.143 -0.122] *dot* obs[:] + 0.353))) + 2.63912002526889)) < (obs[6] + (max(0, [ 0.194 -0.346  0.053  0.272 -0.149  0.077  0.197 -0.197] *dot* obs[:] + -0.869) + obs[3]))) then: act = 3 else: act = 2))) else: (if (max(0, [ 0.604  0.151 -0.012  0.587  0.066 -0.145 -0.359 -0.203] *dot* obs[:] + -0.679) < obs[2]) then: act = 0 else: (if (obs[7] < obs[1]) then: act = 3 else: act = 2)))

Current best:  -94.33891425835833
(if ((2.0 * (2.0 * -0.5)) < 1.231530226435187) then: (if (max(0, [ 0.086 -0.36   0.063  0.325 -0.035  0.072 -0.497  0.182] *dot* obs[:] + -0.355) < ((max(0, [ 0.681  0.233 -0.685 -0.634 -2.883  0.383 -0.394 -0.741] *dot* obs[:] + -0.443) * obs[7]) + obs[0])) then: act = 0 else: (if (obs[2] < 0.5839410170863836) then: act = 0 else: (if ((((0.7211190003326411 + obs[4]) + obs[7]) + (obs[1] + 2.487084245941152)) < (obs[6] + (max(0, [ 0.194 -0.346  0.053  0.272 -0.149  0.077  0.197 -0.197] *dot* obs[:] + -0.869) + obs[3]))) then: act = 3 else: act = 2))) else: (if (max(0, [ 0.604  0.151 -0.012  0.587  0.066 -0.145 -0.359 -0.203] *dot* obs[:] + -0.679) < obs[2]) then: act = 0 else: (if (obs[7] < obs[1]) then: act = 3 else: act = 2)))
