created virtual environment CPython3.6.10.final.0-64 in 22671ms
  creator CPython3Posix(dest=/localscratch/orfanos.25130017.0/env, clear=False, global=False)
  seeder FromAppData(download=False, pip=latest, setuptools=latest, wheel=latest, via=copy, app_data_dir=/home/orfanos/.local/share/virtualenv/seed-app-data/v1.0.1)
  activators BashActivator,CShellActivator,FishActivator,PowerShellActivator,PythonActivator,XonshActivator
Ignoring pip: markers 'python_version < "3"' don't match your environment
Looking in links: /cvmfs/soft.computecanada.ca/custom/python/wheelhouse/gentoo/avx512, /cvmfs/soft.computecanada.ca/custom/python/wheelhouse/gentoo/avx2, /cvmfs/soft.computecanada.ca/custom/python/wheelhouse/gentoo/generic, /cvmfs/soft.computecanada.ca/custom/python/wheelhouse/generic
Processing /cvmfs/soft.computecanada.ca/custom/python/wheelhouse/generic/pip-21.2.3+computecanada-py3-none-any.whl
Installing collected packages: pip
  Attempting uninstall: pip
    Found existing installation: pip 20.0.2
    Uninstalling pip-20.0.2:
      Successfully uninstalled pip-20.0.2
Successfully installed pip-21.2.3+computecanada
Looking in links: /cvmfs/soft.computecanada.ca/custom/python/wheelhouse/gentoo/avx512, /cvmfs/soft.computecanada.ca/custom/python/wheelhouse/gentoo/avx2, /cvmfs/soft.computecanada.ca/custom/python/wheelhouse/gentoo/generic, /cvmfs/soft.computecanada.ca/custom/python/wheelhouse/generic
Processing /cvmfs/soft.computecanada.ca/custom/python/wheelhouse/generic/torch-1.6.0+computecanada-cp36-cp36m-linux_x86_64.whl
Processing /cvmfs/soft.computecanada.ca/custom/python/wheelhouse/generic/bayesian_optimization-1.2.0-py3-none-any.whl
Processing /cvmfs/soft.computecanada.ca/custom/python/wheelhouse/generic/cloudpickle-1.6.0+computecanada-py3-none-any.whl
Processing /cvmfs/soft.computecanada.ca/custom/python/wheelhouse/generic/future-0.18.2+computecanada-py3-none-any.whl
Processing /cvmfs/soft.computecanada.ca/custom/python/wheelhouse/generic/gym-0.18.0+computecanada-py3-none-any.whl
Processing /cvmfs/soft.computecanada.ca/custom/python/wheelhouse/gentoo/generic/box2d_py-2.3.5+computecanada-cp36-cp36m-linux_x86_64.whl
Processing /cvmfs/soft.computecanada.ca/custom/python/wheelhouse/generic/joblib-1.0.1+computecanada-py3-none-any.whl
Processing /cvmfs/soft.computecanada.ca/custom/python/wheelhouse/generic/pandas-1.0.3+computecanada-cp36-cp36m-linux_x86_64.whl
Processing /cvmfs/soft.computecanada.ca/custom/python/wheelhouse/generic/Pillow-7.2.0+computecanada-cp36-cp36m-linux_x86_64.whl
Processing /cvmfs/soft.computecanada.ca/custom/python/wheelhouse/generic/pyglet-1.5.0+computecanada-py2.py3-none-any.whl
Processing /cvmfs/soft.computecanada.ca/custom/python/wheelhouse/gentoo/generic/scikit_learn-0.24.1+computecanada-cp36-cp36m-linux_x86_64.whl
Processing /cvmfs/soft.computecanada.ca/custom/python/wheelhouse/gentoo/generic/scipy-1.4.1+computecanada-cp36-cp36m-linux_x86_64.whl
Processing /cvmfs/soft.computecanada.ca/custom/python/wheelhouse/generic/threadpoolctl-2.1.0+computecanada-py3-none-any.whl
Processing /cvmfs/soft.computecanada.ca/custom/python/wheelhouse/gentoo/generic/numpy-1.19.5+computecanada-cp36-cp36m-linux_x86_64.whl
Processing /cvmfs/soft.computecanada.ca/custom/python/wheelhouse/generic/pytz-2021.1+computecanada-py3-none-any.whl
Processing /cvmfs/soft.computecanada.ca/custom/python/wheelhouse/generic/python_dateutil-2.8.2+computecanada-py2.py3-none-any.whl
Processing /cvmfs/soft.computecanada.ca/custom/python/wheelhouse/generic/six-1.16.0+computecanada-py2.py3-none-any.whl
Installing collected packages: numpy, threadpoolctl, six, scipy, joblib, future, scikit-learn, pytz, python-dateutil, pyglet, Pillow, cloudpickle, torch, pandas, gym, Box2d-py, bayesian-optimization
Successfully installed Box2d-py-2.3.5+computecanada Pillow-7.2.0+computecanada bayesian-optimization-1.2.0 cloudpickle-1.6.0+computecanada future-0.18.2+computecanada gym-0.18.0+computecanada joblib-1.0.1+computecanada numpy-1.19.5+computecanada pandas-1.0.3+computecanada pyglet-1.5.0+computecanada python-dateutil-2.8.2+computecanada pytz-2021.1+computecanada scikit-learn-0.24.1+computecanada scipy-1.4.1+computecanada six-1.16.0+computecanada threadpoolctl-2.1.0+computecanada torch-1.6.0+computecanada
RUN
Environment
/home/orfanos/MastersResearch_orfanos/NeurPiRL_SA/LunarLander/SimulatedAnnealing.py:175: RuntimeWarning: overflow encountered in exp
  return np.exp(self.beta * (next_score - current_score) / self.current_temperature)

Current best:  -632.9889860416639
(if (2.0 < (max(0, [-0.019 -0.359  0.011  0.174  0.175 -0.225 -0.051 -0.244] *dot* obs[:] + -0.344) + (1.0 * 5.0))) then: act = 3 else: (if (max(0, [-0.105 -0.175  0.148 -0.067 -0.055  0.206 -0.194 -0.115] *dot* obs[:] + -0.514) < 1.0) then: act = 0 else: (if (-0.5 < 5.0) then: act = 0 else: (if (5.0 < obs[2]) then: act = 1 else: act = 1))))

Current best:  -120.92453227604308
(if (((((obs[6] + max(0, [-1.000e-03 -8.520e-01 -2.130e-01  7.130e-01 -2.790e-01  5.400e-02
 -1.508e+00 -5.230e-01] *dot* obs[:] + -1.045)) * 0.0) + max(0, [ 0.162 -0.191  0.063  0.099  0.221  0.058 -0.058 -0.202] *dot* obs[:] + -0.575)) * max(0, [ 0.131 -0.241 -0.019 -0.207  0.003  0.049 -0.275 -0.131] *dot* obs[:] + -0.377)) < max(0, [ 0.087 -0.718  0.097  0.062 -0.34   0.008 -0.224 -0.341] *dot* obs[:] + -0.524)) then: act = 3 else: (if (max(0, [-0.105 -0.175  0.148 -0.067 -0.055  0.206 -0.194 -0.115] *dot* obs[:] + -0.514) < 1.0) then: act = 0 else: (if (-0.5 < 5.0) then: act = 0 else: (if (5.0 < obs[2]) then: act = 1 else: act = 1))))

Current best:  -108.41751671325582
(if (((((obs[6] + max(0, [-1.000e-03 -8.520e-01 -2.130e-01  7.130e-01 -2.790e-01  5.400e-02
 -1.508e+00 -5.230e-01] *dot* obs[:] + -1.045)) * 0.0) + max(0, [ 0.162 -0.191  0.063  0.099  0.221  0.058 -0.058 -0.202] *dot* obs[:] + -0.575)) * obs[2]) < max(0, [ 0.087 -0.718  0.097  0.062 -0.34   0.008 -0.224 -0.341] *dot* obs[:] + -0.524)) then: act = 3 else: (if (max(0, [-0.105 -0.175  0.148 -0.067 -0.055  0.206 -0.194 -0.115] *dot* obs[:] + -0.514) < 1.2960522242970005) then: act = 0 else: (if (-0.5414232146914619 < 5.102945547040423) then: act = 0 else: (if (5.016995697714294 < obs[2]) then: act = 1 else: act = 1))))

Current best:  -107.60120251540309
(if ((((max(0, [-0.225 -0.765  0.17  -0.081  0.426  0.033  0.117 -0.341] *dot* obs[:] + -0.71) * max(0, [ 0.162 -0.191  0.063  0.099  0.221  0.058 -0.058 -0.202] *dot* obs[:] + -0.575)) + obs[3]) * obs[7]) < max(0, [ 0.087 -0.718  0.097  0.062 -0.34   0.008 -0.224 -0.341] *dot* obs[:] + -0.524)) then: act = 3 else: (if (max(0, [-0.105 -0.175  0.148 -0.067 -0.055  0.206 -0.194 -0.115] *dot* obs[:] + -0.514) < (max(0, [ 0.202 -0.256  0.511 -0.208  0.185  0.443 -0.47  -0.01 ] *dot* obs[:] + -1.017) * ((max(0, [-0.136 -0.36   0.004 -0.356 -0.471  0.162 -0.148 -0.601] *dot* obs[:] + -0.783) + obs[1]) + (((-0.5 * max(0, [ 0.012 -0.401  0.325 -0.085 -0.405  0.334 -0.534 -0.089] *dot* obs[:] + -0.937)) + obs[7]) * obs[6])))) then: act = 0 else: (if (-0.07725772394163628 < 5.3781305537258675) then: act = 0 else: (if (4.22498478870976 < obs[2]) then: act = 1 else: act = 1))))

Current best:  -104.2442988335081
(if ((0.0 * obs[7]) < max(0, [-0.502 -1.179 -0.314  0.174 -0.021  0.211 -0.253 -0.057] *dot* obs[:] + -0.765)) then: act = 3 else: (if (max(0, [-0.204 -1.09   1.643  1.478 -3.108 -0.065  0.714 -1.397] *dot* obs[:] + -0.509) < (5.0 + obs[7])) then: act = 0 else: (if (0.04037786228482716 < 5.938453372335063) then: act = 0 else: (if (4.117644194878586 < obs[2]) then: act = 1 else: act = 1))))

Current best:  -101.11767070142038
(if (((((0.5 + 0.5) + obs[2]) + obs[1]) * obs[7]) < max(0, [-0.502 -1.179 -0.314  0.174 -0.021  0.211 -0.253 -0.057] *dot* obs[:] + -0.765)) then: (if (((max(0, [-0.011 -0.462  0.201 -0.211  0.033 -0.073  0.205 -0.313] *dot* obs[:] + -0.722) + -0.3769113968153909) + max(0, [ 0.251 -0.345 -0.105  0.144 -0.014  0.471 -0.913 -0.045] *dot* obs[:] + -0.661)) < 1.6897476599546237) then: act = 1 else: act = 2) else: (if (max(0, [-0.204 -1.09   1.643  1.478 -3.108 -0.065  0.714 -1.397] *dot* obs[:] + -0.509) < (5.366356278964757 + obs[0])) then: act = 0 else: (if (((((2.0 * (5.0 * obs[7])) * -0.5) + max(0, [ 0.049 -0.774  0.27  -0.212 -0.452 -0.092 -0.465 -0.223] *dot* obs[:] + -0.514)) * obs[2]) < 5.442892449875775) then: act = 0 else: (if (4.376589071496671 < obs[2]) then: act = 1 else: act = 1))))
