created virtual environment CPython3.6.10.final.0-64 in 17456ms
  creator CPython3Posix(dest=/localscratch/orfanos.25130011.0/env, clear=False, global=False)
  seeder FromAppData(download=False, pip=latest, setuptools=latest, wheel=latest, via=copy, app_data_dir=/home/orfanos/.local/share/virtualenv/seed-app-data/v1.0.1)
  activators BashActivator,CShellActivator,FishActivator,PowerShellActivator,PythonActivator,XonshActivator
Ignoring pip: markers 'python_version < "3"' don't match your environment
Looking in links: /cvmfs/soft.computecanada.ca/custom/python/wheelhouse/gentoo/avx512, /cvmfs/soft.computecanada.ca/custom/python/wheelhouse/gentoo/avx2, /cvmfs/soft.computecanada.ca/custom/python/wheelhouse/gentoo/generic, /cvmfs/soft.computecanada.ca/custom/python/wheelhouse/generic
Processing /cvmfs/soft.computecanada.ca/custom/python/wheelhouse/generic/pip-21.2.3+computecanada-py3-none-any.whl
Installing collected packages: pip
  Attempting uninstall: pip
    Found existing installation: pip 20.0.2
    Uninstalling pip-20.0.2:
      Successfully uninstalled pip-20.0.2
Successfully installed pip-21.2.3+computecanada
Looking in links: /cvmfs/soft.computecanada.ca/custom/python/wheelhouse/gentoo/avx512, /cvmfs/soft.computecanada.ca/custom/python/wheelhouse/gentoo/avx2, /cvmfs/soft.computecanada.ca/custom/python/wheelhouse/gentoo/generic, /cvmfs/soft.computecanada.ca/custom/python/wheelhouse/generic
Processing /cvmfs/soft.computecanada.ca/custom/python/wheelhouse/generic/torch-1.6.0+computecanada-cp36-cp36m-linux_x86_64.whl
Processing /cvmfs/soft.computecanada.ca/custom/python/wheelhouse/generic/bayesian_optimization-1.2.0-py3-none-any.whl
Processing /cvmfs/soft.computecanada.ca/custom/python/wheelhouse/generic/cloudpickle-1.6.0+computecanada-py3-none-any.whl
Processing /cvmfs/soft.computecanada.ca/custom/python/wheelhouse/generic/future-0.18.2+computecanada-py3-none-any.whl
Processing /cvmfs/soft.computecanada.ca/custom/python/wheelhouse/generic/gym-0.18.0+computecanada-py3-none-any.whl
Processing /cvmfs/soft.computecanada.ca/custom/python/wheelhouse/gentoo/generic/box2d_py-2.3.5+computecanada-cp36-cp36m-linux_x86_64.whl
Processing /cvmfs/soft.computecanada.ca/custom/python/wheelhouse/generic/joblib-1.0.1+computecanada-py3-none-any.whl
Processing /cvmfs/soft.computecanada.ca/custom/python/wheelhouse/generic/pandas-1.0.3+computecanada-cp36-cp36m-linux_x86_64.whl
Processing /cvmfs/soft.computecanada.ca/custom/python/wheelhouse/generic/Pillow-7.2.0+computecanada-cp36-cp36m-linux_x86_64.whl
Processing /cvmfs/soft.computecanada.ca/custom/python/wheelhouse/generic/pyglet-1.5.0+computecanada-py2.py3-none-any.whl
Processing /cvmfs/soft.computecanada.ca/custom/python/wheelhouse/gentoo/generic/scikit_learn-0.24.1+computecanada-cp36-cp36m-linux_x86_64.whl
Processing /cvmfs/soft.computecanada.ca/custom/python/wheelhouse/gentoo/generic/scipy-1.4.1+computecanada-cp36-cp36m-linux_x86_64.whl
Processing /cvmfs/soft.computecanada.ca/custom/python/wheelhouse/generic/threadpoolctl-2.1.0+computecanada-py3-none-any.whl
Processing /cvmfs/soft.computecanada.ca/custom/python/wheelhouse/gentoo/generic/numpy-1.19.5+computecanada-cp36-cp36m-linux_x86_64.whl
Processing /cvmfs/soft.computecanada.ca/custom/python/wheelhouse/generic/python_dateutil-2.8.2+computecanada-py2.py3-none-any.whl
Processing /cvmfs/soft.computecanada.ca/custom/python/wheelhouse/generic/pytz-2021.1+computecanada-py3-none-any.whl
Processing /cvmfs/soft.computecanada.ca/custom/python/wheelhouse/generic/six-1.16.0+computecanada-py2.py3-none-any.whl
Installing collected packages: numpy, threadpoolctl, six, scipy, joblib, future, scikit-learn, pytz, python-dateutil, pyglet, Pillow, cloudpickle, torch, pandas, gym, Box2d-py, bayesian-optimization
Successfully installed Box2d-py-2.3.5+computecanada Pillow-7.2.0+computecanada bayesian-optimization-1.2.0 cloudpickle-1.6.0+computecanada future-0.18.2+computecanada gym-0.18.0+computecanada joblib-1.0.1+computecanada numpy-1.19.5+computecanada pandas-1.0.3+computecanada pyglet-1.5.0+computecanada python-dateutil-2.8.2+computecanada pytz-2021.1+computecanada scikit-learn-0.24.1+computecanada scipy-1.4.1+computecanada six-1.16.0+computecanada threadpoolctl-2.1.0+computecanada torch-1.6.0+computecanada
RUN
Environment
/home/orfanos/MastersResearch_orfanos/NeurPiRL_SA/LunarLander/SimulatedAnnealing.py:175: RuntimeWarning: overflow encountered in exp
  return np.exp(self.beta * (next_score - current_score) / self.current_temperature)
/home/orfanos/MastersResearch_orfanos/NeurPiRL_SA/LunarLander/SimulatedAnnealing.py:175: RuntimeWarning: overflow encountered in exp
  return np.exp(self.beta * (next_score - current_score) / self.current_temperature)
/home/orfanos/MastersResearch_orfanos/NeurPiRL_SA/LunarLander/SimulatedAnnealing.py:175: RuntimeWarning: overflow encountered in exp
  return np.exp(self.beta * (next_score - current_score) / self.current_temperature)
/home/orfanos/MastersResearch_orfanos/NeurPiRL_SA/LunarLander/SimulatedAnnealing.py:175: RuntimeWarning: overflow encountered in exp
  return np.exp(self.beta * (next_score - current_score) / self.current_temperature)

Current best:  -529.045540941835
(if (max(0, [-0.2   -0.452  0.039  0.341 -0.036  0.125 -0.239 -0.482] *dot* obs[:] + -0.816) < 0.04173713228779549) then: (if (max(0, [-0.062 -0.136 -0.137 -0.087 -0.257  0.151 -0.153 -0.258] *dot* obs[:] + -0.515) < max(0, [ 0.55  -0.816 -0.622  2.263 -0.93   0.275  0.63   0.404] *dot* obs[:] + -0.395)) then: act = 3 else: act = 1) else: (if ((obs[1] + obs[6]) < (obs[2] + (obs[0] * obs[2]))) then: act = 1 else: (if (0.9760569165629507 < 5.0607500456681205) then: (if (0.9599323357876146 < max(0, [-0.299 -0.323 -0.266  0.116  0.119  0.02  -0.296 -0.056] *dot* obs[:] + -0.679)) then: act = 1 else: act = 2) else: (if (0.9755800762927485 < max(0, [-0.13  -0.575  0.197 -0.01   0.413 -0.258 -0.269 -0.354] *dot* obs[:] + -0.501)) then: act = 2 else: act = 1))))

Current best:  -527.2918264524878
(if (max(0, [-0.2   -0.452  0.039  0.341 -0.036  0.125 -0.239 -0.482] *dot* obs[:] + -0.816) < 0.17928267946646254) then: (if (max(0, [-0.062 -0.136 -0.137 -0.087 -0.257  0.151 -0.153 -0.258] *dot* obs[:] + -0.515) < max(0, [ 0.55  -0.816 -0.622  2.263 -0.93   0.275  0.63   0.404] *dot* obs[:] + -0.395)) then: act = 3 else: act = 1) else: (if ((obs[1] + obs[6]) < (obs[2] + (((((max(0, [-0.279 -0.573  0.039  0.778 -0.056 -0.141 -0.519 -0.037] *dot* obs[:] + -0.491) * (2.0 * obs[4])) + max(0, [-0.771 -0.087 -0.749 -0.338  0.304 -1.439  0.029  0.007] *dot* obs[:] + -0.152)) + 1.0) + max(0, [-0.77   0.204 -0.688  1.48   1.481  0.279 -0.644 -0.081] *dot* obs[:] + -0.498)) * obs[2]))) then: act = 1 else: (if (0.9189726715452164 < 5.141984325868511) then: (if (0.8782297822298694 < max(0, [-0.299 -0.323 -0.266  0.116  0.119  0.02  -0.296 -0.056] *dot* obs[:] + -0.679)) then: act = 1 else: act = 2) else: (if (0.8864530732598425 < max(0, [-0.13  -0.575  0.197 -0.01   0.413 -0.258 -0.269 -0.354] *dot* obs[:] + -0.501)) then: act = 2 else: act = 1))))

Current best:  -522.4196646353327
(if (max(0, [-0.2   -0.452  0.039  0.341 -0.036  0.125 -0.239 -0.482] *dot* obs[:] + -0.816) < 0.10091184872163715) then: (if (max(0, [-0.062 -0.136 -0.137 -0.087 -0.257  0.151 -0.153 -0.258] *dot* obs[:] + -0.515) < max(0, [ 0.55  -0.816 -0.622  2.263 -0.93   0.275  0.63   0.404] *dot* obs[:] + -0.395)) then: act = 3 else: act = 1) else: (if ((obs[1] + obs[6]) < (obs[2] + (((((max(0, [-0.279 -0.573  0.039  0.778 -0.056 -0.141 -0.519 -0.037] *dot* obs[:] + -0.491) * (2.0 * obs[4])) + max(0, [-0.771 -0.087 -0.749 -0.338  0.304 -1.439  0.029  0.007] *dot* obs[:] + -0.152)) + 1.0) + max(0, [ 0.165 -0.404 -0.016 -0.07  -0.013  0.004 -0.051  0.039] *dot* obs[:] + -0.577)) * obs[2]))) then: act = 1 else: (if (0.8702407559730237 < 5.126858445506923) then: (if (1.095590222410313 < max(0, [-0.299 -0.323 -0.266  0.116  0.119  0.02  -0.296 -0.056] *dot* obs[:] + -0.679)) then: act = 1 else: act = 2) else: (if (0.8907645707181107 < max(0, [-0.13  -0.575  0.197 -0.01   0.413 -0.258 -0.269 -0.354] *dot* obs[:] + -0.501)) then: act = 2 else: act = 1))))

Current best:  -502.31821689054544
(if (max(0, [-0.147 -0.286  0.243 -0.077  0.257 -0.273 -0.408 -0.304] *dot* obs[:] + -0.327) < 0.10091184872163715) then: (if (max(0, [-0.062 -0.136 -0.137 -0.087 -0.257  0.151 -0.153 -0.258] *dot* obs[:] + -0.515) < max(0, [ 0.55  -0.816 -0.622  2.263 -0.93   0.275  0.63   0.404] *dot* obs[:] + -0.395)) then: act = 3 else: act = 1) else: (if ((obs[1] + obs[6]) < (obs[2] + (((((max(0, [-0.279 -0.573  0.039  0.778 -0.056 -0.141 -0.519 -0.037] *dot* obs[:] + -0.491) * (2.0 * obs[4])) + max(0, [-0.771 -0.087 -0.749 -0.338  0.304 -1.439  0.029  0.007] *dot* obs[:] + -0.152)) + 1.0) + max(0, [ 0.165 -0.404 -0.016 -0.07  -0.013  0.004 -0.051  0.039] *dot* obs[:] + -0.577)) * obs[2]))) then: act = 1 else: (if (0.8702407559730237 < 5.126858445506923) then: (if (1.095590222410313 < max(0, [-0.299 -0.323 -0.266  0.116  0.119  0.02  -0.296 -0.056] *dot* obs[:] + -0.679)) then: act = 1 else: act = 2) else: (if (0.8907645707181107 < max(0, [-0.13  -0.575  0.197 -0.01   0.413 -0.258 -0.269 -0.354] *dot* obs[:] + -0.501)) then: act = 2 else: act = 1))))

Current best:  -270.24590503210044
(if (max(0, [-0.147 -0.286  0.243 -0.077  0.257 -0.273 -0.408 -0.304] *dot* obs[:] + -0.327) < 0.12865360426341488) then: (if (-0.5 < obs[5]) then: act = 3 else: act = 1) else: (if ((obs[1] + obs[6]) < (obs[2] + (((((max(0, [-0.279 -0.573  0.039  0.778 -0.056 -0.141 -0.519 -0.037] *dot* obs[:] + -0.491) * (2.0 * obs[4])) + max(0, [-0.771 -0.087 -0.749 -0.338  0.304 -1.439  0.029  0.007] *dot* obs[:] + -0.152)) + 1.0) + max(0, [ 0.165 -0.404 -0.016 -0.07  -0.013  0.004 -0.051  0.039] *dot* obs[:] + -0.577)) * obs[2]))) then: act = 1 else: (if (1.1785087279501019 < 5.570173334483292) then: (if (1.0501625394050522 < max(0, [-0.299 -0.323 -0.266  0.116  0.119  0.02  -0.296 -0.056] *dot* obs[:] + -0.679)) then: act = 1 else: act = 2) else: (if (1.1903923676142945 < max(0, [-0.13  -0.575  0.197 -0.01   0.413 -0.258 -0.269 -0.354] *dot* obs[:] + -0.501)) then: act = 2 else: act = 1))))

Current best:  -258.6535523877468
(if (max(0, [-0.147 -0.286  0.243 -0.077  0.257 -0.273 -0.408 -0.304] *dot* obs[:] + -0.327) < 0.12865360426341488) then: (if (-0.5 < obs[5]) then: act = 3 else: act = 1) else: (if ((obs[1] + obs[6]) < (obs[2] + (((((max(0, [-0.279 -0.573  0.039  0.778 -0.056 -0.141 -0.519 -0.037] *dot* obs[:] + -0.491) * (2.0 * obs[4])) + max(0, [-0.771 -0.087 -0.749 -0.338  0.304 -1.439  0.029  0.007] *dot* obs[:] + -0.152)) + 1.0) + max(0, [-0.091 -0.401 -0.177 -0.147  0.073  0.018 -0.135 -0.242] *dot* obs[:] + -0.485)) * obs[2]))) then: act = 1 else: (if (1.1785087279501019 < 5.570173334483292) then: (if (1.0501625394050522 < max(0, [-0.299 -0.323 -0.266  0.116  0.119  0.02  -0.296 -0.056] *dot* obs[:] + -0.679)) then: act = 1 else: act = 2) else: (if (1.1903923676142945 < max(0, [-0.13  -0.575  0.197 -0.01   0.413 -0.258 -0.269 -0.354] *dot* obs[:] + -0.501)) then: act = 2 else: act = 1))))

Current best:  -202.80988265830217
(if (max(0, [-0.147 -0.286  0.243 -0.077  0.257 -0.273 -0.408 -0.304] *dot* obs[:] + -0.327) < 0.04794435398598576) then: (if (-0.34589447059043427 < obs[5]) then: act = 3 else: act = 1) else: (if ((obs[1] + obs[6]) < (obs[2] + (((((max(0, [-0.279 -0.573  0.039  0.778 -0.056 -0.141 -0.519 -0.037] *dot* obs[:] + -0.491) * (2.0 * max(0, [-1.15  -0.27   0.346  0.532  0.207  0.127 -0.464  0.139] *dot* obs[:] + -0.547))) + max(0, [-0.771 -0.087 -0.749 -0.338  0.304 -1.439  0.029  0.007] *dot* obs[:] + -0.152)) + 1.0) + max(0, [-0.091 -0.401 -0.177 -0.147  0.073  0.018 -0.135 -0.242] *dot* obs[:] + -0.485)) * obs[2]))) then: act = 1 else: (if (1.1624796609102361 < 5.541322534639472) then: (if (1.152271194689355 < max(0, [-0.299 -0.323 -0.266  0.116  0.119  0.02  -0.296 -0.056] *dot* obs[:] + -0.679)) then: act = 1 else: act = 2) else: (if (0.9941035096575017 < max(0, [-0.13  -0.575  0.197 -0.01   0.413 -0.258 -0.269 -0.354] *dot* obs[:] + -0.501)) then: act = 2 else: act = 1))))

Current best:  -185.6309830115544
(if (max(0, [-0.147 -0.286  0.243 -0.077  0.257 -0.273 -0.408 -0.304] *dot* obs[:] + -0.327) < 0.04794435398598576) then: (if (-0.34589447059043427 < obs[5]) then: act = 3 else: act = 1) else: (if ((obs[1] + obs[6]) < (obs[2] + (((((max(0, [-0.279 -0.573  0.039  0.778 -0.056 -0.141 -0.519 -0.037] *dot* obs[:] + -0.491) * (2.0 * max(0, [-1.15  -0.27   0.346  0.532  0.207  0.127 -0.464  0.139] *dot* obs[:] + -0.547))) + max(0, [-0.771 -0.087 -0.749 -0.338  0.304 -1.439  0.029  0.007] *dot* obs[:] + -0.152)) + max(0, [ 0.004 -0.145 -0.161  0.071 -0.022  0.19  -0.102 -0.863] *dot* obs[:] + -0.509)) + max(0, [-0.091 -0.401 -0.177 -0.147  0.073  0.018 -0.135 -0.242] *dot* obs[:] + -0.485)) * obs[2]))) then: act = 1 else: (if (1.1624796609102361 < 5.541322534639472) then: (if (1.152271194689355 < max(0, [-0.299 -0.323 -0.266  0.116  0.119  0.02  -0.296 -0.056] *dot* obs[:] + -0.679)) then: act = 1 else: act = 2) else: (if (0.9941035096575017 < max(0, [-0.13  -0.575  0.197 -0.01   0.413 -0.258 -0.269 -0.354] *dot* obs[:] + -0.501)) then: act = 2 else: act = 1))))

Current best:  -143.69944943803202
(if (max(0, [-0.147 -0.286  0.243 -0.077  0.257 -0.273 -0.408 -0.304] *dot* obs[:] + -0.327) < 0.04794435398598576) then: (if (-0.34589447059043427 < obs[5]) then: act = 0 else: act = 1) else: (if ((obs[1] + obs[6]) < (obs[2] + (((((max(0, [-0.279 -0.573  0.039  0.778 -0.056 -0.141 -0.519 -0.037] *dot* obs[:] + -0.491) * (2.0 * max(0, [-1.15  -0.27   0.346  0.532  0.207  0.127 -0.464  0.139] *dot* obs[:] + -0.547))) + max(0, [-0.771 -0.087 -0.749 -0.338  0.304 -1.439  0.029  0.007] *dot* obs[:] + -0.152)) + max(0, [ 0.004 -0.145 -0.161  0.071 -0.022  0.19  -0.102 -0.863] *dot* obs[:] + -0.509)) + max(0, [-0.091 -0.401 -0.177 -0.147  0.073  0.018 -0.135 -0.242] *dot* obs[:] + -0.485)) * obs[2]))) then: act = 1 else: (if (1.1624796609102361 < 5.541322534639472) then: (if (1.152271194689355 < max(0, [-0.299 -0.323 -0.266  0.116  0.119  0.02  -0.296 -0.056] *dot* obs[:] + -0.679)) then: act = 1 else: act = 2) else: (if (0.9941035096575017 < max(0, [-0.13  -0.575  0.197 -0.01   0.413 -0.258 -0.269 -0.354] *dot* obs[:] + -0.501)) then: act = 2 else: act = 1))))

Current best:  -133.93195269649482
(if (max(0, [-0.147 -0.286  0.243 -0.077  0.257 -0.273 -0.408 -0.304] *dot* obs[:] + -0.327) < 0.04794435398598576) then: (if (-0.34589447059043427 < obs[5]) then: act = 0 else: act = 1) else: (if ((obs[1] + obs[6]) < ((5.0 * 2.0) + (((((max(0, [-0.279 -0.573  0.039  0.778 -0.056 -0.141 -0.519 -0.037] *dot* obs[:] + -0.491) * (2.0 * max(0, [-1.15  -0.27   0.346  0.532  0.207  0.127 -0.464  0.139] *dot* obs[:] + -0.547))) + max(0, [-0.771 -0.087 -0.749 -0.338  0.304 -1.439  0.029  0.007] *dot* obs[:] + -0.152)) + max(0, [ 0.004 -0.145 -0.161  0.071 -0.022  0.19  -0.102 -0.863] *dot* obs[:] + -0.509)) + max(0, [-0.091 -0.401 -0.177 -0.147  0.073  0.018 -0.135 -0.242] *dot* obs[:] + -0.485)) * obs[2]))) then: act = 1 else: (if (1.1624796609102361 < 5.541322534639472) then: (if (1.152271194689355 < max(0, [-0.299 -0.323 -0.266  0.116  0.119  0.02  -0.296 -0.056] *dot* obs[:] + -0.679)) then: act = 1 else: act = 2) else: (if (0.9941035096575017 < max(0, [-0.13  -0.575  0.197 -0.01   0.413 -0.258 -0.269 -0.354] *dot* obs[:] + -0.501)) then: act = 2 else: act = 1))))

Current best:  -131.021789884353
(if (max(0, [-0.147 -0.286  0.243 -0.077  0.257 -0.273 -0.408 -0.304] *dot* obs[:] + -0.327) < 0.04794435398598576) then: (if (-0.34589447059043427 < obs[5]) then: act = 0 else: act = 1) else: (if ((obs[1] + obs[6]) < ((5.0 * 2.0) + (max(0, [ 0.225 -0.403  0.008  0.018 -0.186  0.17  -0.059  0.06 ] *dot* obs[:] + -0.519) * obs[2]))) then: act = 1 else: (if (1.1624796609102361 < 5.541322534639472) then: (if (1.152271194689355 < max(0, [-0.299 -0.323 -0.266  0.116  0.119  0.02  -0.296 -0.056] *dot* obs[:] + -0.679)) then: act = 1 else: act = 2) else: (if (0.9941035096575017 < max(0, [-0.13  -0.575  0.197 -0.01   0.413 -0.258 -0.269 -0.354] *dot* obs[:] + -0.501)) then: act = 2 else: act = 1))))

Current best:  -129.80262188784357
(if (max(0, [-0.147 -0.286  0.243 -0.077  0.257 -0.273 -0.408 -0.304] *dot* obs[:] + -0.327) < 0.04794435398598576) then: (if (-0.34589447059043427 < obs[5]) then: act = 0 else: act = 1) else: (if ((obs[1] + obs[5]) < ((5.0 * 2.0) + (max(0, [ 0.225 -0.403  0.008  0.018 -0.186  0.17  -0.059  0.06 ] *dot* obs[:] + -0.519) * obs[2]))) then: act = 1 else: (if (1.1624796609102361 < 5.541322534639472) then: (if (1.152271194689355 < max(0, [-0.299 -0.323 -0.266  0.116  0.119  0.02  -0.296 -0.056] *dot* obs[:] + -0.679)) then: act = 1 else: act = 2) else: (if (0.9941035096575017 < max(0, [-0.13  -0.575  0.197 -0.01   0.413 -0.258 -0.269 -0.354] *dot* obs[:] + -0.501)) then: act = 2 else: act = 1))))

Current best:  -119.38119323188982
(if (max(0, [-0.147 -0.286  0.243 -0.077  0.257 -0.273 -0.408 -0.304] *dot* obs[:] + -0.327) < 0.05205800246453529) then: (if (-0.2589105866299539 < obs[5]) then: act = 0 else: act = 1) else: (if ((obs[1] + obs[5]) < ((5.0 * 2.0) + (max(0, [ 0.225 -0.403  0.008  0.018 -0.186  0.17  -0.059  0.06 ] *dot* obs[:] + -0.519) * obs[2]))) then: act = 1 else: (if (1.093372868751293 < 5.460301421493112) then: (if (1.1642231141159685 < max(0, [-0.299 -0.323 -0.266  0.116  0.119  0.02  -0.296 -0.056] *dot* obs[:] + -0.679)) then: act = 1 else: act = 2) else: (if (0.9234047669894543 < max(0, [-0.13  -0.575  0.197 -0.01   0.413 -0.258 -0.269 -0.354] *dot* obs[:] + -0.501)) then: act = 2 else: act = 1))))

Current best:  -117.15062984827368
(if (max(0, [-0.147 -0.286  0.243 -0.077  0.257 -0.273 -0.408 -0.304] *dot* obs[:] + -0.327) < 0.06710429215131894) then: (if (-0.32887515677042506 < obs[5]) then: act = 0 else: act = 1) else: (if ((obs[1] + obs[5]) < ((5.0 * 2.0) + (5.0 + 5.0))) then: act = 1 else: (if (1.0893898221472218 < 5.274049754626616) then: (if (1.2522699396100319 < max(0, [-0.299 -0.323 -0.266  0.116  0.119  0.02  -0.296 -0.056] *dot* obs[:] + -0.679)) then: act = 1 else: act = 2) else: (if (0.8537474238028716 < max(0, [-0.13  -0.575  0.197 -0.01   0.413 -0.258 -0.269 -0.354] *dot* obs[:] + -0.501)) then: act = 2 else: act = 1))))

Current best:  -115.37269319310133
(if (max(0, [-0.147 -0.286  0.243 -0.077  0.257 -0.273 -0.408 -0.304] *dot* obs[:] + -0.327) < 0.09069139766713652) then: (if (-0.3889298150747264 < obs[5]) then: act = 0 else: act = 1) else: (if ((obs[1] + obs[5]) < ((5.0 * 2.0) + (5.346269435475443 + 4.77500361049186))) then: act = 2 else: (if (0.8714281585296028 < 5.176269392019431) then: (if (1.1479096938591886 < max(0, [-0.299 -0.323 -0.266  0.116  0.119  0.02  -0.296 -0.056] *dot* obs[:] + -0.679)) then: act = 1 else: act = 2) else: (if (0.80323104899975 < max(0, [-0.13  -0.575  0.197 -0.01   0.413 -0.258 -0.269 -0.354] *dot* obs[:] + -0.501)) then: act = 2 else: act = 1))))

Current best:  -115.37049065814966
(if (max(0, [-0.147 -0.286  0.243 -0.077  0.257 -0.273 -0.408 -0.304] *dot* obs[:] + -0.327) < 0.3597722898137079) then: (if (-0.5431241952844638 < obs[5]) then: act = 0 else: act = 0) else: (if ((obs[1] + obs[5]) < ((5.0 * 2.0) + (5.4652088559041205 + 4.7478997612938665))) then: act = 2 else: (if (0.9259397181042122 < 5.029322234737607) then: (if (1.1014936415823708 < max(0, [-0.299 -0.323 -0.266  0.116  0.119  0.02  -0.296 -0.056] *dot* obs[:] + -0.679)) then: act = 1 else: act = 2) else: (if (0.526441365968356 < max(0, [-0.13  -0.575  0.197 -0.01   0.413 -0.258 -0.269 -0.354] *dot* obs[:] + -0.501)) then: act = 2 else: act = 1))))

Current best:  -113.10430786879405
(if (max(0, [-0.147 -0.286  0.243 -0.077  0.257 -0.273 -0.408 -0.304] *dot* obs[:] + -0.327) < 0.45196776992641935) then: (if (-0.4031914998712746 < obs[5]) then: act = 0 else: act = 0) else: (if (((((2.0 + 2.0) * (obs[4] * (max(0, [ 0.604 -2.032 -1.39   2.392 -0.032  0.006 -0.058  0.134] *dot* obs[:] + 0.209) + 1.0))) * max(0, [-0.158 -0.714 -0.184 -0.734  0.397 -0.266 -0.291 -0.725] *dot* obs[:] + -0.746)) + max(0, [ 0.262 -0.292  0.454  0.443 -0.126 -0.271 -0.054 -0.004] *dot* obs[:] + -0.781)) < ((5.0 * 2.0) + (5.201861549415487 + 4.731611992680064))) then: act = 2 else: (if (1.0007774952857231 < 4.845480362148693) then: (if (0.8680975769860716 < max(0, [-0.299 -0.323 -0.266  0.116  0.119  0.02  -0.296 -0.056] *dot* obs[:] + -0.679)) then: act = 1 else: act = 2) else: (if (0.5251994851068145 < max(0, [-0.13  -0.575  0.197 -0.01   0.413 -0.258 -0.269 -0.354] *dot* obs[:] + -0.501)) then: act = 2 else: act = 1))))

Current best:  -103.86397562232209
(if (max(0, [-0.147 -0.286  0.243 -0.077  0.257 -0.273 -0.408 -0.304] *dot* obs[:] + -0.327) < 0.37190068653323244) then: (if (-0.16333898646701184 < obs[5]) then: act = 0 else: act = 0) else: (if ((((max(0, [-0.008 -0.682  0.169 -0.341 -0.368  0.211 -0.23  -0.454] *dot* obs[:] + -0.299) * (obs[4] * (max(0, [ 0.604 -2.032 -1.39   2.392 -0.032  0.006 -0.058  0.134] *dot* obs[:] + 0.209) + 1.0))) * max(0, [-0.158 -0.714 -0.184 -0.734  0.397 -0.266 -0.291 -0.725] *dot* obs[:] + -0.746)) + max(0, [ 0.262 -0.292  0.454  0.443 -0.126 -0.271 -0.054 -0.004] *dot* obs[:] + -0.781)) < ((5.0 * 2.0) + (5.435380068165877 + 4.88493780026829))) then: act = 2 else: (if (0.8455663509041157 < 4.894037454559254) then: (if (0.49652963565768365 < max(0, [-0.299 -0.323 -0.266  0.116  0.119  0.02  -0.296 -0.056] *dot* obs[:] + -0.679)) then: act = 1 else: act = 2) else: (if (0.3899485288809862 < max(0, [-0.13  -0.575  0.197 -0.01   0.413 -0.258 -0.269 -0.354] *dot* obs[:] + -0.501)) then: act = 2 else: act = 1))))

Current best:  -91.99936414634062
(if (max(0, [-0.052  0.21  -0.01  -1.058 -0.581 -0.197 -0.056 -1.008] *dot* obs[:] + -0.792) < 0.6378562079439339) then: (if (-0.38836817394806444 < obs[5]) then: act = 0 else: act = 0) else: (if ((((max(0, [-1.1    1.106  1.054 -0.247 -0.49   0.35  -0.286 -1.967] *dot* obs[:] + -0.048) * (obs[4] * (max(0, [ 0.604 -2.032 -1.39   2.392 -0.032  0.006 -0.058  0.134] *dot* obs[:] + 0.209) + 1.0))) * max(0, [-0.062 -0.136 -0.137 -0.087 -0.257  0.151 -0.153 -0.258] *dot* obs[:] + -0.515)) + max(0, [ 0.262 -0.292  0.454  0.443 -0.126 -0.271 -0.054 -0.004] *dot* obs[:] + -0.781)) < ((5.0 * 2.0) + (5.212281358670051 + obs[5]))) then: act = 2 else: (if (0.8396125082471988 < 4.48544197430631) then: (if (0.3839163665207495 < max(0, [-0.299 -0.323 -0.266  0.116  0.119  0.02  -0.296 -0.056] *dot* obs[:] + -0.679)) then: act = 1 else: act = 2) else: (if (0.42237513720952796 < max(0, [-0.13  -0.575  0.197 -0.01   0.413 -0.258 -0.269 -0.354] *dot* obs[:] + -0.501)) then: act = 2 else: act = 1))))
