created virtual environment CPython3.6.10.final.0-64 in 20399ms
  creator CPython3Posix(dest=/localscratch/orfanos.25130019.0/env, clear=False, global=False)
  seeder FromAppData(download=False, pip=latest, setuptools=latest, wheel=latest, via=copy, app_data_dir=/home/orfanos/.local/share/virtualenv/seed-app-data/v1.0.1)
  activators BashActivator,CShellActivator,FishActivator,PowerShellActivator,PythonActivator,XonshActivator
Ignoring pip: markers 'python_version < "3"' don't match your environment
Looking in links: /cvmfs/soft.computecanada.ca/custom/python/wheelhouse/gentoo/avx512, /cvmfs/soft.computecanada.ca/custom/python/wheelhouse/gentoo/avx2, /cvmfs/soft.computecanada.ca/custom/python/wheelhouse/gentoo/generic, /cvmfs/soft.computecanada.ca/custom/python/wheelhouse/generic
Processing /cvmfs/soft.computecanada.ca/custom/python/wheelhouse/generic/pip-21.2.3+computecanada-py3-none-any.whl
Installing collected packages: pip
  Attempting uninstall: pip
    Found existing installation: pip 20.0.2
    Uninstalling pip-20.0.2:
      Successfully uninstalled pip-20.0.2
Successfully installed pip-21.2.3+computecanada
Looking in links: /cvmfs/soft.computecanada.ca/custom/python/wheelhouse/gentoo/avx512, /cvmfs/soft.computecanada.ca/custom/python/wheelhouse/gentoo/avx2, /cvmfs/soft.computecanada.ca/custom/python/wheelhouse/gentoo/generic, /cvmfs/soft.computecanada.ca/custom/python/wheelhouse/generic
Processing /cvmfs/soft.computecanada.ca/custom/python/wheelhouse/generic/torch-1.6.0+computecanada-cp36-cp36m-linux_x86_64.whl
Processing /cvmfs/soft.computecanada.ca/custom/python/wheelhouse/generic/bayesian_optimization-1.2.0-py3-none-any.whl
Processing /cvmfs/soft.computecanada.ca/custom/python/wheelhouse/generic/cloudpickle-1.6.0+computecanada-py3-none-any.whl
Processing /cvmfs/soft.computecanada.ca/custom/python/wheelhouse/generic/future-0.18.2+computecanada-py3-none-any.whl
Processing /cvmfs/soft.computecanada.ca/custom/python/wheelhouse/generic/gym-0.18.0+computecanada-py3-none-any.whl
Processing /cvmfs/soft.computecanada.ca/custom/python/wheelhouse/gentoo/generic/box2d_py-2.3.5+computecanada-cp36-cp36m-linux_x86_64.whl
Processing /cvmfs/soft.computecanada.ca/custom/python/wheelhouse/generic/joblib-1.0.1+computecanada-py3-none-any.whl
Processing /cvmfs/soft.computecanada.ca/custom/python/wheelhouse/generic/pandas-1.0.3+computecanada-cp36-cp36m-linux_x86_64.whl
Processing /cvmfs/soft.computecanada.ca/custom/python/wheelhouse/generic/Pillow-7.2.0+computecanada-cp36-cp36m-linux_x86_64.whl
Processing /cvmfs/soft.computecanada.ca/custom/python/wheelhouse/generic/pyglet-1.5.0+computecanada-py2.py3-none-any.whl
Processing /cvmfs/soft.computecanada.ca/custom/python/wheelhouse/gentoo/generic/scikit_learn-0.24.1+computecanada-cp36-cp36m-linux_x86_64.whl
Processing /cvmfs/soft.computecanada.ca/custom/python/wheelhouse/gentoo/generic/scipy-1.4.1+computecanada-cp36-cp36m-linux_x86_64.whl
Processing /cvmfs/soft.computecanada.ca/custom/python/wheelhouse/generic/threadpoolctl-2.1.0+computecanada-py3-none-any.whl
Processing /cvmfs/soft.computecanada.ca/custom/python/wheelhouse/gentoo/generic/numpy-1.19.5+computecanada-cp36-cp36m-linux_x86_64.whl
Processing /cvmfs/soft.computecanada.ca/custom/python/wheelhouse/generic/python_dateutil-2.8.2+computecanada-py2.py3-none-any.whl
Processing /cvmfs/soft.computecanada.ca/custom/python/wheelhouse/generic/pytz-2021.1+computecanada-py3-none-any.whl
Processing /cvmfs/soft.computecanada.ca/custom/python/wheelhouse/generic/six-1.16.0+computecanada-py2.py3-none-any.whl
Installing collected packages: numpy, threadpoolctl, six, scipy, joblib, future, scikit-learn, pytz, python-dateutil, pyglet, Pillow, cloudpickle, torch, pandas, gym, Box2d-py, bayesian-optimization
Successfully installed Box2d-py-2.3.5+computecanada Pillow-7.2.0+computecanada bayesian-optimization-1.2.0 cloudpickle-1.6.0+computecanada future-0.18.2+computecanada gym-0.18.0+computecanada joblib-1.0.1+computecanada numpy-1.19.5+computecanada pandas-1.0.3+computecanada pyglet-1.5.0+computecanada python-dateutil-2.8.2+computecanada pytz-2021.1+computecanada scikit-learn-0.24.1+computecanada scipy-1.4.1+computecanada six-1.16.0+computecanada threadpoolctl-2.1.0+computecanada torch-1.6.0+computecanada
RUN
Environment
/home/orfanos/MastersResearch_orfanos/NeurPiRL_SA/LunarLander/SimulatedAnnealing.py:175: RuntimeWarning: overflow encountered in exp
  return np.exp(self.beta * (next_score - current_score) / self.current_temperature)

Current best:  -529.0747139109102
(if (max(0, [ 0.221  0.832 -0.007 -1.561  0.526 -0.347 -0.774 -0.354] *dot* obs[:] + -1.045) < max(0, [-0.008 -0.682  0.169 -0.341 -0.368  0.211 -0.23  -0.454] *dot* obs[:] + -0.299)) then: (if ((max(0, [-0.186 -0.195  0.187  0.184 -0.094 -0.136  0.201  0.419] *dot* obs[:] + -0.828) + obs[1]) < max(0, [-0.35  -0.469  0.118 -0.194  0.068 -0.771  0.003 -0.295] *dot* obs[:] + -0.904)) then: (if (obs[5] < max(0, [-0.027 -0.224 -0.099  0.22   0.057 -0.017 -0.026  0.167] *dot* obs[:] + -0.409)) then: act = 2 else: act = 0) else: act = 0) else: (if (1.9180859971805426 < obs[6]) then: (if (max(0, [ 0.259 -0.1   -0.014  0.081  0.132 -0.04  -0.302 -0.089] *dot* obs[:] + -0.384) < max(0, [ 0.062 -0.66  -0.143 -0.156 -0.406 -0.112 -0.206 -0.265] *dot* obs[:] + -0.426)) then: (if (5.082417112156771 < obs[3]) then: act = 3 else: act = 3) else: (if (-0.42847095396829016 < 1.9158345656222582) then: act = 0 else: act = 1)) else: (if (max(0, [-0.078 -1.153 -0.121 -0.237 -0.1   -0.438 -0.066 -0.361] *dot* obs[:] + -0.328) < obs[7]) then: act = 3 else: (if (obs[7] < obs[6]) then: act = 2 else: act = 3))))

Current best:  -129.43668508640377
(if (max(0, [ 0.221  0.832 -0.007 -1.561  0.526 -0.347 -0.774 -0.354] *dot* obs[:] + -1.045) < max(0, [-0.008 -0.682  0.169 -0.341 -0.368  0.211 -0.23  -0.454] *dot* obs[:] + -0.299)) then: (if ((max(0, [-0.186 -0.195  0.187  0.184 -0.094 -0.136  0.201  0.419] *dot* obs[:] + -0.828) + obs[1]) < max(0, [-0.35  -0.469  0.118 -0.194  0.068 -0.771  0.003 -0.295] *dot* obs[:] + -0.904)) then: (if (obs[5] < max(0, [-0.027 -0.224 -0.099  0.22   0.057 -0.017 -0.026  0.167] *dot* obs[:] + -0.409)) then: act = 2 else: act = 0) else: act = 0) else: (if (-0.5 < obs[6]) then: (if (max(0, [ 0.259 -0.1   -0.014  0.081  0.132 -0.04  -0.302 -0.089] *dot* obs[:] + -0.384) < max(0, [ 0.062 -0.66  -0.143 -0.156 -0.406 -0.112 -0.206 -0.265] *dot* obs[:] + -0.426)) then: (if (5.082417112156771 < obs[3]) then: act = 3 else: act = 3) else: (if (-0.42847095396829016 < 1.9158345656222582) then: act = 0 else: act = 1)) else: (if (max(0, [-0.078 -1.153 -0.121 -0.237 -0.1   -0.438 -0.066 -0.361] *dot* obs[:] + -0.328) < obs[7]) then: act = 3 else: (if (obs[7] < obs[6]) then: act = 2 else: act = 3))))

Current best:  -121.03262800594204
(if (max(0, [ 0.221  0.832 -0.007 -1.561  0.526 -0.347 -0.774 -0.354] *dot* obs[:] + -1.045) < max(0, [-0.008 -0.682  0.169 -0.341 -0.368  0.211 -0.23  -0.454] *dot* obs[:] + -0.299)) then: (if ((max(0, [-0.186 -0.195  0.187  0.184 -0.094 -0.136  0.201  0.419] *dot* obs[:] + -0.828) + obs[1]) < max(0, [-0.35  -0.469  0.118 -0.194  0.068 -0.771  0.003 -0.295] *dot* obs[:] + -0.904)) then: (if (obs[5] < max(0, [-0.027 -0.224 -0.099  0.22   0.057 -0.017 -0.026  0.167] *dot* obs[:] + -0.409)) then: act = 2 else: act = 0) else: act = 0) else: (if (-0.4079855109146347 < obs[6]) then: (if (max(0, [-0.358  0.001  0.279  0.085 -0.038  0.016 -0.033 -0.278] *dot* obs[:] + -0.467) < max(0, [ 0.062 -0.66  -0.143 -0.156 -0.406 -0.112 -0.206 -0.265] *dot* obs[:] + -0.426)) then: (if (5.035199925340167 < obs[3]) then: act = 3 else: act = 3) else: (if (-0.346273391750133 < 1.845850976771901) then: act = 0 else: act = 1)) else: (if (max(0, [-0.078 -1.153 -0.121 -0.237 -0.1   -0.438 -0.066 -0.361] *dot* obs[:] + -0.328) < obs[7]) then: act = 3 else: (if (obs[7] < obs[6]) then: act = 2 else: act = 3))))

Current best:  -120.10078269816698
(if (max(0, [ 0.221  0.832 -0.007 -1.561  0.526 -0.347 -0.774 -0.354] *dot* obs[:] + -1.045) < max(0, [-0.008 -0.682  0.169 -0.341 -0.368  0.211 -0.23  -0.454] *dot* obs[:] + -0.299)) then: (if ((max(0, [-0.186 -0.195  0.187  0.184 -0.094 -0.136  0.201  0.419] *dot* obs[:] + -0.828) + obs[1]) < max(0, [-0.35  -0.469  0.118 -0.194  0.068 -0.771  0.003 -0.295] *dot* obs[:] + -0.904)) then: (if (obs[5] < max(0, [-0.027 -0.224 -0.099  0.22   0.057 -0.017 -0.026  0.167] *dot* obs[:] + -0.409)) then: act = 2 else: act = 0) else: act = 0) else: (if (-1.2587530806977403 < obs[6]) then: act = 0 else: (if (max(0, [-0.078 -1.153 -0.121 -0.237 -0.1   -0.438 -0.066 -0.361] *dot* obs[:] + -0.328) < obs[7]) then: act = 3 else: (if (obs[7] < obs[6]) then: act = 2 else: act = 3))))

Current best:  -113.57337789755314
(if (max(0, [ 0.221  0.832 -0.007 -1.561  0.526 -0.347 -0.774 -0.354] *dot* obs[:] + -1.045) < max(0, [-0.008 -0.682  0.169 -0.341 -0.368  0.211 -0.23  -0.454] *dot* obs[:] + -0.299)) then: (if ((max(0, [-0.186 -0.195  0.187  0.184 -0.094 -0.136  0.201  0.419] *dot* obs[:] + -0.828) + obs[1]) < max(0, [-0.35  -0.469  0.118 -0.194  0.068 -0.771  0.003 -0.295] *dot* obs[:] + -0.904)) then: (if (max(0, [-0.031 -0.365  0.011  1.157 -0.371  0.058 -0.245  0.215] *dot* obs[:] + -0.446) < max(0, [ 0.022 -0.017  0.085  0.279  0.09   0.003  0.153 -0.323] *dot* obs[:] + -0.444)) then: act = 2 else: act = 0) else: act = 0) else: (if (-1.1550965915665836 < obs[6]) then: act = 0 else: (if (max(0, [-0.078 -1.153 -0.121 -0.237 -0.1   -0.438 -0.066 -0.361] *dot* obs[:] + -0.328) < obs[7]) then: act = 3 else: (if (obs[7] < obs[6]) then: act = 2 else: act = 3))))

Current best:  -111.86800381377576
(if (max(0, [ 0.221  0.832 -0.007 -1.561  0.526 -0.347 -0.774 -0.354] *dot* obs[:] + -1.045) < max(0, [-0.008 -0.682  0.169 -0.341 -0.368  0.211 -0.23  -0.454] *dot* obs[:] + -0.299)) then: (if ((max(0, [-0.186 -0.195  0.187  0.184 -0.094 -0.136  0.201  0.419] *dot* obs[:] + -0.828) + obs[1]) < max(0, [-0.35  -0.469  0.118 -0.194  0.068 -0.771  0.003 -0.295] *dot* obs[:] + -0.904)) then: (if (max(0, [-0.031 -0.365  0.011  1.157 -0.371  0.058 -0.245  0.215] *dot* obs[:] + -0.446) < max(0, [ 0.022 -0.017  0.085  0.279  0.09   0.003  0.153 -0.323] *dot* obs[:] + -0.444)) then: act = 3 else: act = 0) else: act = 0) else: (if (-1.851303510241072 < obs[6]) then: act = 0 else: (if (max(0, [-0.078 -1.153 -0.121 -0.237 -0.1   -0.438 -0.066 -0.361] *dot* obs[:] + -0.328) < obs[7]) then: act = 3 else: (if (obs[7] < obs[6]) then: act = 2 else: act = 3))))

Current best:  -111.35476070498724
(if (max(0, [ 0.221  0.832 -0.007 -1.561  0.526 -0.347 -0.774 -0.354] *dot* obs[:] + -1.045) < max(0, [-0.008 -0.682  0.169 -0.341 -0.368  0.211 -0.23  -0.454] *dot* obs[:] + -0.299)) then: (if ((max(0, [-0.186 -0.195  0.187  0.184 -0.094 -0.136  0.201  0.419] *dot* obs[:] + -0.828) + obs[1]) < max(0, [-0.35  -0.469  0.118 -0.194  0.068 -0.771  0.003 -0.295] *dot* obs[:] + -0.904)) then: (if (max(0, [-0.031 -0.365  0.011  1.157 -0.371  0.058 -0.245  0.215] *dot* obs[:] + -0.446) < max(0, [ 0.022 -0.017  0.085  0.279  0.09   0.003  0.153 -0.323] *dot* obs[:] + -0.444)) then: act = 1 else: act = 0) else: act = 0) else: (if (-2.5790335516265728 < obs[6]) then: act = 0 else: (if (max(0, [-0.078 -1.153 -0.121 -0.237 -0.1   -0.438 -0.066 -0.361] *dot* obs[:] + -0.328) < obs[7]) then: act = 3 else: (if (obs[7] < obs[6]) then: act = 2 else: act = 3))))

Current best:  -107.32642742917032
(if (max(0, [-0.236 -0.555 -0.004  0.491 -0.102  0.088 -0.12  -0.526] *dot* obs[:] + -0.417) < max(0, [ 0.262 -0.292  0.454  0.443 -0.126 -0.271 -0.054 -0.004] *dot* obs[:] + -0.781)) then: act = 1 else: (if (-2.623771428994841 < obs[6]) then: act = 0 else: (if ((max(0, [-0.062 -0.136 -0.137 -0.087 -0.257  0.151 -0.153 -0.258] *dot* obs[:] + -0.515) * max(0, [ 0.262 -0.292  0.454  0.443 -0.126 -0.271 -0.054 -0.004] *dot* obs[:] + -0.781)) < obs[7]) then: act = 3 else: (if (obs[7] < obs[6]) then: act = 2 else: act = 3))))

Current best:  -103.60806257653967
(if (max(0, [-0.236 -0.555 -0.004  0.491 -0.102  0.088 -0.12  -0.526] *dot* obs[:] + -0.417) < max(0, [ 0.262 -0.292  0.454  0.443 -0.126 -0.271 -0.054 -0.004] *dot* obs[:] + -0.781)) then: act = 3 else: (if (-3.0092186194765507 < obs[2]) then: act = 0 else: (if ((max(0, [-0.062 -0.136 -0.137 -0.087 -0.257  0.151 -0.153 -0.258] *dot* obs[:] + -0.515) * max(0, [ 0.262 -0.292  0.454  0.443 -0.126 -0.271 -0.054 -0.004] *dot* obs[:] + -0.781)) < obs[7]) then: act = 3 else: (if (obs[7] < obs[6]) then: act = 2 else: act = 3))))

Current best:  -101.34221362979414
(if (max(0, [-0.236 -0.555 -0.004  0.491 -0.102  0.088 -0.12  -0.526] *dot* obs[:] + -0.417) < max(0, [ 0.262 -0.292  0.454  0.443 -0.126 -0.271 -0.054 -0.004] *dot* obs[:] + -0.781)) then: act = 3 else: (if (-3.4709189116779737 < obs[3]) then: act = 0 else: (if (max(0, [ 0.018 -0.623  0.334  0.47  -0.142  0.138 -0.02  -1.145] *dot* obs[:] + -0.352) < (obs[3] + max(0, [ 0.018 -0.623  0.334  0.47  -0.142  0.138 -0.02  -1.145] *dot* obs[:] + -0.352))) then: act = 1 else: act = 3)))
